#
# There is insufficient memory for the Java Runtime Environment to continue.
# Native memory allocation (mmap) failed to map 65536 bytes. Error detail: Failed to commit metaspace.
# Possible reasons:
#   The system is out of physical RAM or swap space
#   This process is running with CompressedOops enabled, and the Java Heap may be blocking the growth of the native heap
# Possible solutions:
#   Reduce memory load on the system
#   Increase physical memory or swap space
#   Check if swap backing store is full
#   Decrease Java heap size (-Xmx/-Xms)
#   Decrease number of Java threads
#   Decrease Java thread stack sizes (-Xss)
#   Set larger code cache with -XX:ReservedCodeCacheSize=
#   JVM is running with Unscaled Compressed Oops mode in which the Java heap is
#     placed in the first 4GB address space. The Java Heap base address is the
#     maximum limit for the native heap growth. Please use -XX:HeapBaseMinAddress
#     to set the Java Heap base and to place the Java Heap above 4GB virtual address.
# This output file may be truncated or incomplete.
#
#  Out of Memory Error (virtualSpaceNode.cpp:113), pid=22796, tid=1176
#
# JRE version: OpenJDK Runtime Environment Temurin-21.0.6+7 (21.0.6+7) (build 21.0.6+7-LTS)
# Java VM: OpenJDK 64-Bit Server VM Temurin-21.0.6+7 (21.0.6+7-LTS, mixed mode, sharing, tiered, compressed oops, compressed class ptrs, parallel gc, windows-amd64)
# No core dump will be written. Minidumps are not enabled by default on client versions of Windows
#

---------------  S U M M A R Y ------------

Command Line: --add-modules=ALL-SYSTEM --add-opens=java.base/java.util=ALL-UNNAMED --add-opens=java.base/java.lang=ALL-UNNAMED --add-opens=java.base/sun.nio.fs=ALL-UNNAMED -Declipse.application=org.eclipse.jdt.ls.core.id1 -Dosgi.bundles.defaultStartLevel=4 -Declipse.product=org.eclipse.jdt.ls.core.product -Djava.import.generatesMetadataFilesAtProjectRoot=false -DDetectVMInstallationsJob.disabled=true -Dfile.encoding=utf8 -XX:+UseParallelGC -XX:GCTimeRatio=4 -XX:AdaptiveSizePolicyWeight=90 -Dsun.zip.disableMemoryMapping=true -Xmx1G -Xms100m -Xlog:disable -javaagent:c:\Users\bouch\.cursor\extensions\redhat.java-1.41.1-win32-x64\lombok\lombok-1.18.36.jar c:\Users\bouch\.cursor\extensions\redhat.java-1.41.1-win32-x64\server\plugins\org.eclipse.equinox.launcher_1.7.0.v20250331-1702.jar -configuration c:\Users\bouch\AppData\Roaming\Cursor\User\globalStorage\redhat.java\1.41.1\config_ss_win -data c:\Users\bouch\AppData\Roaming\Cursor\User\workspaceStorage\0926cdee763ccb7bb212e6d916a0a387\redhat.java\ss_ws --pipe=\\.\pipe\lsp-9c6044090d8f08fb6382abadd071ef8e-sock

Host: 11th Gen Intel(R) Core(TM) i7-11370H @ 3.30GHz, 8 cores, 15G,  Windows 10 , 64 bit Build 19041 (10.0.19041.5678)
Time: Fri Apr 11 06:25:19 2025 W. Central Africa Standard Time elapsed time: 9.541723 seconds (0d 0h 0m 9s)

---------------  T H R E A D  ---------------

Current thread (0x0000019de93ce580):  JavaThread "C1 CompilerThread0" daemon [_thread_in_vm, id=1176, stack(0x00000002f7400000,0x00000002f7500000) (1024K)]


Current CompileTask:
C1:9541 6872       2       org.eclipse.jdt.internal.compiler.ast.UnaryExpression::<init> (28 bytes)

Stack: [0x00000002f7400000,0x00000002f7500000]
Native frames: (J=compiled Java code, j=interpreted, Vv=VM code, C=native code)
V  [jvm.dll+0x6cdee9]
V  [jvm.dll+0x8a83d1]
V  [jvm.dll+0x8aa8fe]
V  [jvm.dll+0x8aafe3]
V  [jvm.dll+0x27f706]
V  [jvm.dll+0x8a411e]
V  [jvm.dll+0x670385]
V  [jvm.dll+0x1e472c]
V  [jvm.dll+0x1e44fe]
V  [jvm.dll+0x672c82]
V  [jvm.dll+0x672aa2]
V  [jvm.dll+0x670d5e]
V  [jvm.dll+0x68220a]
V  [jvm.dll+0x67b2e2]
V  [jvm.dll+0x1f2570]
V  [jvm.dll+0x1f2758]
V  [jvm.dll+0x152f2e]
V  [jvm.dll+0x153274]
V  [jvm.dll+0x1526a6]
V  [jvm.dll+0x15447d]
V  [jvm.dll+0x25685a]
V  [jvm.dll+0x254dfa]
V  [jvm.dll+0x3f0256]
V  [jvm.dll+0x851f8b]
V  [jvm.dll+0x6cc5ed]
C  [ucrtbase.dll+0x21bb2]
C  [KERNEL32.DLL+0x17374]
C  [ntdll.dll+0x4cc91]


---------------  P R O C E S S  ---------------

Threads class SMR info:
_java_thread_list=0x0000019df197bb10, length=35, elements={
0x0000019dd4fd3500, 0x0000019de9384d00, 0x0000019de9385e60, 0x0000019de9388a70,
0x0000019de938b790, 0x0000019de938d350, 0x0000019de938dda0, 0x0000019de938efe0,
0x0000019de93ce580, 0x0000019def080980, 0x0000019def2bea90, 0x0000019defbf1fc0,
0x0000019def8dc3b0, 0x0000019def8dcd90, 0x0000019defb231a0, 0x0000019defde78d0,
0x0000019deffdc1c0, 0x0000019deff4f950, 0x0000019deff541f0, 0x0000019deff555a0,
0x0000019deff57670, 0x0000019deff562c0, 0x0000019deff56950, 0x0000019deff56fe0,
0x0000019deff54880, 0x0000019deff54f10, 0x0000019deff55c30, 0x0000019df1110890,
0x0000019df11122d0, 0x0000019df1111c40, 0x0000019df110daa0, 0x0000019df1110f20,
0x0000019df1110200, 0x0000019df11115b0, 0x0000019df1af5010
}

Java Threads: ( => current thread )
  0x0000019dd4fd3500 JavaThread "main"                              [_thread_blocked, id=16704, stack(0x00000002f6900000,0x00000002f6a00000) (1024K)]
  0x0000019de9384d00 JavaThread "Reference Handler"          daemon [_thread_blocked, id=14900, stack(0x00000002f6d00000,0x00000002f6e00000) (1024K)]
  0x0000019de9385e60 JavaThread "Finalizer"                  daemon [_thread_blocked, id=2984, stack(0x00000002f6e00000,0x00000002f6f00000) (1024K)]
  0x0000019de9388a70 JavaThread "Signal Dispatcher"          daemon [_thread_blocked, id=20844, stack(0x00000002f6f00000,0x00000002f7000000) (1024K)]
  0x0000019de938b790 JavaThread "Attach Listener"            daemon [_thread_blocked, id=23600, stack(0x00000002f7000000,0x00000002f7100000) (1024K)]
  0x0000019de938d350 JavaThread "Service Thread"             daemon [_thread_blocked, id=6940, stack(0x00000002f7100000,0x00000002f7200000) (1024K)]
  0x0000019de938dda0 JavaThread "Monitor Deflation Thread"   daemon [_thread_blocked, id=24144, stack(0x00000002f7200000,0x00000002f7300000) (1024K)]
  0x0000019de938efe0 JavaThread "C2 CompilerThread0"         daemon [_thread_in_native, id=22656, stack(0x00000002f7300000,0x00000002f7400000) (1024K)]
=>0x0000019de93ce580 JavaThread "C1 CompilerThread0"         daemon [_thread_in_vm, id=1176, stack(0x00000002f7400000,0x00000002f7500000) (1024K)]
  0x0000019def080980 JavaThread "Common-Cleaner"             daemon [_thread_blocked, id=18424, stack(0x00000002f7500000,0x00000002f7600000) (1024K)]
  0x0000019def2bea90 JavaThread "Notification Thread"        daemon [_thread_blocked, id=19232, stack(0x00000002f7700000,0x00000002f7800000) (1024K)]
  0x0000019defbf1fc0 JavaThread "Active Thread: Equinox Container: 6e294796-724c-47a9-b18c-4393c9a06e98"        [_thread_blocked, id=2936, stack(0x00000002f7f00000,0x00000002f8000000) (1024K)]
  0x0000019def8dc3b0 JavaThread "Framework Event Dispatcher: Equinox Container: 6e294796-724c-47a9-b18c-4393c9a06e98" daemon [_thread_blocked, id=10748, stack(0x00000002f8000000,0x00000002f8100000) (1024K)]
  0x0000019def8dcd90 JavaThread "Start Level: Equinox Container: 6e294796-724c-47a9-b18c-4393c9a06e98" daemon [_thread_blocked, id=18568, stack(0x00000002f8100000,0x00000002f8200000) (1024K)]
  0x0000019defb231a0 JavaThread "SCR Component Actor"        daemon [_thread_blocked, id=18060, stack(0x00000002f8200000,0x00000002f8300000) (1024K)]
  0x0000019defde78d0 JavaThread "Worker-JM"                         [_thread_blocked, id=11656, stack(0x00000002f8500000,0x00000002f8600000) (1024K)]
  0x0000019deffdc1c0 JavaThread "JNA Cleaner"                daemon [_thread_blocked, id=21112, stack(0x00000002f8600000,0x00000002f8700000) (1024K)]
  0x0000019deff4f950 JavaThread "Worker-0"                          [_thread_blocked, id=8680, stack(0x00000002f8400000,0x00000002f8500000) (1024K)]
  0x0000019deff541f0 JavaThread "Worker-1: Publish Diagnostics"        [_thread_in_vm, id=21944, stack(0x00000002f8700000,0x00000002f8800000) (1024K)]
  0x0000019deff555a0 JavaThread "Thread-2"                   daemon [_thread_in_native, id=24140, stack(0x00000002f8900000,0x00000002f8a00000) (1024K)]
  0x0000019deff57670 JavaThread "Thread-3"                   daemon [_thread_in_native, id=15772, stack(0x00000002f8a00000,0x00000002f8b00000) (1024K)]
  0x0000019deff562c0 JavaThread "Thread-4"                   daemon [_thread_in_native, id=10308, stack(0x00000002f8b00000,0x00000002f8c00000) (1024K)]
  0x0000019deff56950 JavaThread "Thread-5"                   daemon [_thread_in_native, id=22304, stack(0x00000002f8c00000,0x00000002f8d00000) (1024K)]
  0x0000019deff56fe0 JavaThread "Thread-6"                   daemon [_thread_in_native, id=20360, stack(0x00000002f8d00000,0x00000002f8e00000) (1024K)]
  0x0000019deff54880 JavaThread "Thread-7"                   daemon [_thread_in_native, id=12268, stack(0x00000002f8e00000,0x00000002f8f00000) (1024K)]
  0x0000019deff54f10 JavaThread "Thread-8"                   daemon [_thread_in_native, id=12716, stack(0x00000002f8f00000,0x00000002f9000000) (1024K)]
  0x0000019deff55c30 JavaThread "Thread-9"                   daemon [_thread_in_native, id=21300, stack(0x00000002f9000000,0x00000002f9100000) (1024K)]
  0x0000019df1110890 JavaThread "Thread-10"                  daemon [_thread_in_native, id=8124, stack(0x00000002f9100000,0x00000002f9200000) (1024K)]
  0x0000019df11122d0 JavaThread "pool-2-thread-1"                   [_thread_blocked, id=18952, stack(0x00000002f9200000,0x00000002f9300000) (1024K)]
  0x0000019df1111c40 JavaThread "Worker-2"                          [_thread_blocked, id=11668, stack(0x00000002f9300000,0x00000002f9400000) (1024K)]
  0x0000019df110daa0 JavaThread "WorkspaceEventsHandler"            [_thread_blocked, id=2980, stack(0x00000002f9400000,0x00000002f9500000) (1024K)]
  0x0000019df1110f20 JavaThread "pool-1-thread-1"                   [_thread_blocked, id=24340, stack(0x00000002f9500000,0x00000002f9600000) (1024K)]
  0x0000019df1110200 JavaThread "ForkJoinPool.commonPool-worker-1" daemon [_thread_blocked, id=19016, stack(0x00000002f9600000,0x00000002f9700000) (1024K)]
  0x0000019df11115b0 JavaThread "ForkJoinPool.commonPool-worker-2" daemon [_thread_blocked, id=2744, stack(0x00000002f9700000,0x00000002f9800000) (1024K)]
  0x0000019df1af5010 JavaThread "C2 CompilerThread1"         daemon [_thread_in_native, id=18584, stack(0x00000002f8300000,0x00000002f8400000) (1024K)]
Total: 35

Other Threads:
  0x0000019de93726a0 VMThread "VM Thread"                           [id=20924, stack(0x00000002f6c00000,0x00000002f6d00000) (1024K)]
  0x0000019dd503fed0 WatcherThread "VM Periodic Task Thread"        [id=17020, stack(0x00000002f6b00000,0x00000002f6c00000) (1024K)]
  0x0000019dd2e22b30 WorkerThread "GC Thread#0"                     [id=10692, stack(0x00000002f6a00000,0x00000002f6b00000) (1024K)]
  0x0000019def30a700 WorkerThread "GC Thread#1"                     [id=19436, stack(0x00000002f7900000,0x00000002f7a00000) (1024K)]
  0x0000019def30aaa0 WorkerThread "GC Thread#2"                     [id=8, stack(0x00000002f7a00000,0x00000002f7b00000) (1024K)]
  0x0000019def30ae40 WorkerThread "GC Thread#3"                     [id=8504, stack(0x00000002f7b00000,0x00000002f7c00000) (1024K)]
  0x0000019def30b1e0 WorkerThread "GC Thread#4"                     [id=2960, stack(0x00000002f7c00000,0x00000002f7d00000) (1024K)]
  0x0000019def30b580 WorkerThread "GC Thread#5"                     [id=17864, stack(0x00000002f7d00000,0x00000002f7e00000) (1024K)]
  0x0000019def9e76a0 WorkerThread "GC Thread#6"                     [id=9612, stack(0x00000002f7e00000,0x00000002f7f00000) (1024K)]
  0x0000019def1b6990 WorkerThread "GC Thread#7"                     [id=9108, stack(0x00000002f7600000,0x00000002f7700000) (1024K)]
Total: 10

Threads with active compile tasks:
C2 CompilerThread0  9580 6475   !   4       lombok.core.FieldAugment$ReflectionFieldAugment::getAndSet (80 bytes)
C1 CompilerThread0  9580 6872       2       org.eclipse.jdt.internal.compiler.ast.UnaryExpression::<init> (28 bytes)
C2 CompilerThread1  9580 6816       4       org.eclipse.jdt.internal.compiler.parser.Parser::consumeRule (7755 bytes)
Total: 3

VM state: not at safepoint (normal execution)

VM Mutex/Monitor currently owned by a thread:  ([mutex/lock_event])
[0x00007ffa660ec300] Metaspace_lock - owner thread: 0x0000019de93ce580

Heap address: 0x00000000c0000000, size: 1024 MB, Compressed Oops mode: 32-bit

CDS archive(s) mapped at: [0x0000019d80000000-0x0000019d80ba0000-0x0000019d80ba0000), size 12189696, SharedBaseAddress: 0x0000019d80000000, ArchiveRelocationMode: 1.
Compressed class space mapped at: 0x0000019d81000000-0x0000019dc1000000, reserved size: 1073741824
Narrow klass base: 0x0000019d80000000, Narrow klass shift: 0, Narrow klass range: 0x100000000

GC Precious Log:
 CardTable entry size: 512
 CPUs: 8 total, 8 available
 Memory: 16129M
 Large Page Support: Disabled
 NUMA Support: Disabled
 Compressed Oops: Enabled (32-bit)
 Alignments: Space 512K, Generation 512K, Heap 2M
 Heap Min Capacity: 100M
 Heap Initial Capacity: 100M
 Heap Max Capacity: 1G
 Pre-touch: Disabled
 Parallel Workers: 8

Heap:
 PSYoungGen      total 20992K, used 16322K [0x00000000eab00000, 0x00000000ec180000, 0x0000000100000000)
  eden space 19456K, 77% used [0x00000000eab00000,0x00000000eb9b0b80,0x00000000ebe00000)
  from space 1536K, 83% used [0x00000000ec000000,0x00000000ec140040,0x00000000ec180000)
  to   space 1536K, 0% used [0x00000000ebe80000,0x00000000ebe80000,0x00000000ec000000)
 ParOldGen       total 68608K, used 33651K [0x00000000c0000000, 0x00000000c4300000, 0x00000000eab00000)
  object space 68608K, 49% used [0x00000000c0000000,0x00000000c20dceb8,0x00000000c4300000)
 Metaspace       used 43547K, committed 44608K, reserved 1114112K
  class space    used 4173K, committed 4672K, reserved 1048576K

Card table byte_map: [0x0000019dd4990000,0x0000019dd4ba0000] _byte_map_base: 0x0000019dd4390000

Marking Bits: (ParMarkBitMap*) 0x00007ffa660f3260
 Begin Bits: [0x0000019de71d0000, 0x0000019de81d0000)
 End Bits:   [0x0000019de81d0000, 0x0000019de91d0000)

Polling page: 0x0000019dd2de0000

Metaspace:

Usage:
  Non-class:     38.45 MB used.
      Class:      4.08 MB used.
       Both:     42.53 MB used.

Virtual space:
  Non-class space:       64.00 MB reserved,      39.00 MB ( 61%) committed,  1 nodes.
      Class space:        1.00 GB reserved,       4.56 MB ( <1%) committed,  1 nodes.
             Both:        1.06 GB reserved,      43.56 MB (  4%) committed. 

Chunk freelists:
   Non-Class:  8.61 MB
       Class:  11.49 MB
        Both:  20.10 MB

MaxMetaspaceSize: unlimited
CompressedClassSpaceSize: 1.00 GB
Initial GC threshold: 21.00 MB
Current GC threshold: 58.38 MB
CDS: on
 - commit_granule_bytes: 65536.
 - commit_granule_words: 8192.
 - virtual_space_node_default_size: 8388608.
 - enlarge_chunks_in_place: 1.
 - use_allocation_guard: 0.


Internal statistics:

num_allocs_failed_limit: 6.
num_arena_births: 948.
num_arena_deaths: 58.
num_vsnodes_births: 2.
num_vsnodes_deaths: 0.
num_space_committed: 697.
num_space_uncommitted: 0.
num_chunks_returned_to_freelist: 77.
num_chunks_taken_from_freelist: 2890.
num_chunk_merges: 24.
num_chunk_splits: 1812.
num_chunks_enlarged: 1084.
num_inconsistent_stats: 0.

CodeHeap 'non-profiled nmethods': size=120000Kb used=4191Kb max_used=4191Kb free=115808Kb
 bounds [0x0000019ddfca0000, 0x0000019de00c0000, 0x0000019de71d0000]
CodeHeap 'profiled nmethods': size=120000Kb used=14324Kb max_used=14324Kb free=105675Kb
 bounds [0x0000019dd81d0000, 0x0000019dd8fd0000, 0x0000019ddf700000]
CodeHeap 'non-nmethods': size=5760Kb used=1418Kb max_used=1526Kb free=4341Kb
 bounds [0x0000019ddf700000, 0x0000019ddf970000, 0x0000019ddfca0000]
 total_blobs=7165 nmethods=6447 adapters=623
 compilation: enabled
              stopped_count=0, restarted_count=0
 full_count=0

Compilation events (20 events):
Event: 9.527 Thread 0x0000019de93ce580 nmethod 6860 0x0000019dd8fc8790 code [0x0000019dd8fc8940, 0x0000019dd8fc8a68]
Event: 9.527 Thread 0x0000019de93ce580 6861       2       org.eclipse.jdt.internal.compiler.impl.JavaFeature::isSupported (22 bytes)
Event: 9.527 Thread 0x0000019de93ce580 nmethod 6861 0x0000019dd8fc8b10 code [0x0000019dd8fc8cc0, 0x0000019dd8fc8e48]
Event: 9.528 Thread 0x0000019de93ce580 6865       2       org.eclipse.jdt.internal.compiler.parser.ScannerHelper::isJavaIdentifierPart (28 bytes)
Event: 9.529 Thread 0x0000019de93ce580 nmethod 6865 0x0000019dd8fc8f10 code [0x0000019dd8fc90c0, 0x0000019dd8fc9268]
Event: 9.529 Thread 0x0000019de93ce580 6864       2       org.eclipse.jdt.internal.compiler.parser.ScannerHelper::isJavaIdentifierStart (28 bytes)
Event: 9.529 Thread 0x0000019de93ce580 nmethod 6864 0x0000019dd8fc9390 code [0x0000019dd8fc9540, 0x0000019dd8fc96e8]
Event: 9.531 Thread 0x0000019de93ce580 6866       2       org.eclipse.jdt.internal.compiler.parser.Parser::flushCommentsDefinedPriorTo (244 bytes)
Event: 9.531 Thread 0x0000019de93ce580 nmethod 6866 0x0000019dd8fc9810 code [0x0000019dd8fc9a20, 0x0000019dd8fc9ee8]
Event: 9.531 Thread 0x0000019de93ce580 6867       2       org.eclipse.core.internal.resources.ProjectPathVariableManager::<init> (20 bytes)
Event: 9.531 Thread 0x0000019de93ce580 nmethod 6867 0x0000019dd8fca210 code [0x0000019dd8fca3a0, 0x0000019dd8fca4d8]
Event: 9.531 Thread 0x0000019de93ce580 6868       2       org.eclipse.core.internal.resources.ProjectVariableProviderManager::getDefault (4 bytes)
Event: 9.531 Thread 0x0000019de93ce580 nmethod 6868 0x0000019dd8fca590 code [0x0000019dd8fca720, 0x0000019dd8fca810]
Event: 9.534 Thread 0x0000019de93ce580 6870       2       lombok.eclipse.handlers.EclipseHandlerUtil::getCheckerFrameworkVersion (26 bytes)
Event: 9.535 Thread 0x0000019de93ce580 nmethod 6870 0x0000019dd8fca890 code [0x0000019dd8fcaa40, 0x0000019dd8fcaba8]
Event: 9.538 Thread 0x0000019de93ce580 6871       2       lombok.core.handlers.InclusionExclusionUtils$2::compare (94 bytes)
Event: 9.539 Thread 0x0000019de93ce580 nmethod 6871 0x0000019dd8fcad10 code [0x0000019dd8fcaf80, 0x0000019dd8fcb530]
Event: 9.539 Thread 0x0000019de93ce580 6873       3       lombok.eclipse.Eclipse::nameEquals (100 bytes)
Event: 9.540 Thread 0x0000019de93ce580 nmethod 6873 0x0000019dd8fcb910 code [0x0000019dd8fcbbc0, 0x0000019dd8fcca68]
Event: 9.540 Thread 0x0000019de93ce580 6872       2       org.eclipse.jdt.internal.compiler.ast.UnaryExpression::<init> (28 bytes)

GC Heap History (20 events):
Event: 6.005 GC heap before
{Heap before GC invocations=19 (full 2):
 PSYoungGen      total 23040K, used 192K [0x00000000eab00000, 0x00000000ec300000, 0x0000000100000000)
  eden space 21504K, 0% used [0x00000000eab00000,0x00000000eab00000,0x00000000ec000000)
  from space 1536K, 12% used [0x00000000ec080000,0x00000000ec0b0000,0x00000000ec200000)
  to   space 512K, 0% used [0x00000000ec280000,0x00000000ec280000,0x00000000ec300000)
 ParOldGen       total 68608K, used 29179K [0x00000000c0000000, 0x00000000c4300000, 0x00000000eab00000)
  object space 68608K, 42% used [0x00000000c0000000,0x00000000c1c7ecd0,0x00000000c4300000)
 Metaspace       used 34979K, committed 35840K, reserved 1114112K
  class space    used 3446K, committed 3840K, reserved 1048576K
}
Event: 6.060 GC heap after
{Heap after GC invocations=19 (full 2):
 PSYoungGen      total 23040K, used 0K [0x00000000eab00000, 0x00000000ec300000, 0x0000000100000000)
  eden space 21504K, 0% used [0x00000000eab00000,0x00000000eab00000,0x00000000ec000000)
  from space 1536K, 0% used [0x00000000ec080000,0x00000000ec080000,0x00000000ec200000)
  to   space 512K, 0% used [0x00000000ec280000,0x00000000ec280000,0x00000000ec300000)
 ParOldGen       total 68608K, used 27911K [0x00000000c0000000, 0x00000000c4300000, 0x00000000eab00000)
  object space 68608K, 40% used [0x00000000c0000000,0x00000000c1b41c88,0x00000000c4300000)
 Metaspace       used 34940K, committed 35840K, reserved 1114112K
  class space    used 3436K, committed 3840K, reserved 1048576K
}
Event: 6.504 GC heap before
{Heap before GC invocations=20 (full 2):
 PSYoungGen      total 23040K, used 21504K [0x00000000eab00000, 0x00000000ec300000, 0x0000000100000000)
  eden space 21504K, 100% used [0x00000000eab00000,0x00000000ec000000,0x00000000ec000000)
  from space 1536K, 0% used [0x00000000ec080000,0x00000000ec080000,0x00000000ec200000)
  to   space 512K, 0% used [0x00000000ec280000,0x00000000ec280000,0x00000000ec300000)
 ParOldGen       total 68608K, used 27911K [0x00000000c0000000, 0x00000000c4300000, 0x00000000eab00000)
  object space 68608K, 40% used [0x00000000c0000000,0x00000000c1b41c88,0x00000000c4300000)
 Metaspace       used 36942K, committed 37888K, reserved 1114112K
  class space    used 3639K, committed 4032K, reserved 1048576K
}
Event: 6.505 GC heap after
{Heap after GC invocations=20 (full 2):
 PSYoungGen      total 22016K, used 512K [0x00000000eab00000, 0x00000000ec300000, 0x0000000100000000)
  eden space 21504K, 0% used [0x00000000eab00000,0x00000000eab00000,0x00000000ec000000)
  from space 512K, 100% used [0x00000000ec280000,0x00000000ec300000,0x00000000ec300000)
  to   space 1024K, 0% used [0x00000000ec100000,0x00000000ec100000,0x00000000ec200000)
 ParOldGen       total 68608K, used 27951K [0x00000000c0000000, 0x00000000c4300000, 0x00000000eab00000)
  object space 68608K, 40% used [0x00000000c0000000,0x00000000c1b4bc88,0x00000000c4300000)
 Metaspace       used 36942K, committed 37888K, reserved 1114112K
  class space    used 3639K, committed 4032K, reserved 1048576K
}
Event: 6.834 GC heap before
{Heap before GC invocations=21 (full 2):
 PSYoungGen      total 22016K, used 22016K [0x00000000eab00000, 0x00000000ec300000, 0x0000000100000000)
  eden space 21504K, 100% used [0x00000000eab00000,0x00000000ec000000,0x00000000ec000000)
  from space 512K, 100% used [0x00000000ec280000,0x00000000ec300000,0x00000000ec300000)
  to   space 1024K, 0% used [0x00000000ec100000,0x00000000ec100000,0x00000000ec200000)
 ParOldGen       total 68608K, used 27951K [0x00000000c0000000, 0x00000000c4300000, 0x00000000eab00000)
  object space 68608K, 40% used [0x00000000c0000000,0x00000000c1b4bc88,0x00000000c4300000)
 Metaspace       used 37564K, committed 38464K, reserved 1114112K
  class space    used 3691K, committed 4096K, reserved 1048576K
}
Event: 6.836 GC heap after
{Heap after GC invocations=21 (full 2):
 PSYoungGen      total 22528K, used 1001K [0x00000000eab00000, 0x00000000ec400000, 0x0000000100000000)
  eden space 21504K, 0% used [0x00000000eab00000,0x00000000eab00000,0x00000000ec000000)
  from space 1024K, 97% used [0x00000000ec100000,0x00000000ec1fa508,0x00000000ec200000)
  to   space 2048K, 0% used [0x00000000ec200000,0x00000000ec200000,0x00000000ec400000)
 ParOldGen       total 68608K, used 28447K [0x00000000c0000000, 0x00000000c4300000, 0x00000000eab00000)
  object space 68608K, 41% used [0x00000000c0000000,0x00000000c1bc7c98,0x00000000c4300000)
 Metaspace       used 37564K, committed 38464K, reserved 1114112K
  class space    used 3691K, committed 4096K, reserved 1048576K
}
Event: 7.107 GC heap before
{Heap before GC invocations=22 (full 2):
 PSYoungGen      total 22528K, used 22505K [0x00000000eab00000, 0x00000000ec400000, 0x0000000100000000)
  eden space 21504K, 100% used [0x00000000eab00000,0x00000000ec000000,0x00000000ec000000)
  from space 1024K, 97% used [0x00000000ec100000,0x00000000ec1fa508,0x00000000ec200000)
  to   space 2048K, 0% used [0x00000000ec200000,0x00000000ec200000,0x00000000ec400000)
 ParOldGen       total 68608K, used 28447K [0x00000000c0000000, 0x00000000c4300000, 0x00000000eab00000)
  object space 68608K, 41% used [0x00000000c0000000,0x00000000c1bc7c98,0x00000000c4300000)
 Metaspace       used 38094K, committed 39040K, reserved 1114112K
  class space    used 3729K, committed 4160K, reserved 1048576K
}
Event: 7.108 GC heap after
{Heap after GC invocations=22 (full 2):
 PSYoungGen      total 22016K, used 224K [0x00000000eab00000, 0x00000000ec280000, 0x0000000100000000)
  eden space 21504K, 0% used [0x00000000eab00000,0x00000000eab00000,0x00000000ec000000)
  from space 512K, 43% used [0x00000000ec200000,0x00000000ec238000,0x00000000ec280000)
  to   space 1024K, 0% used [0x00000000ec080000,0x00000000ec080000,0x00000000ec180000)
 ParOldGen       total 68608K, used 28624K [0x00000000c0000000, 0x00000000c4300000, 0x00000000eab00000)
  object space 68608K, 41% used [0x00000000c0000000,0x00000000c1bf4340,0x00000000c4300000)
 Metaspace       used 38094K, committed 39040K, reserved 1114112K
  class space    used 3729K, committed 4160K, reserved 1048576K
}
Event: 8.064 GC heap before
{Heap before GC invocations=23 (full 2):
 PSYoungGen      total 22016K, used 21714K [0x00000000eab00000, 0x00000000ec280000, 0x0000000100000000)
  eden space 21504K, 99% used [0x00000000eab00000,0x00000000ebffc838,0x00000000ec000000)
  from space 512K, 43% used [0x00000000ec200000,0x00000000ec238000,0x00000000ec280000)
  to   space 1024K, 0% used [0x00000000ec080000,0x00000000ec080000,0x00000000ec180000)
 ParOldGen       total 68608K, used 28624K [0x00000000c0000000, 0x00000000c4300000, 0x00000000eab00000)
  object space 68608K, 41% used [0x00000000c0000000,0x00000000c1bf4340,0x00000000c4300000)
 Metaspace       used 39494K, committed 40448K, reserved 1114112K
  class space    used 3863K, committed 4288K, reserved 1048576K
}
Event: 8.065 GC heap after
{Heap after GC invocations=23 (full 2):
 PSYoungGen      total 22528K, used 769K [0x00000000eab00000, 0x00000000ec280000, 0x0000000100000000)
  eden space 21504K, 0% used [0x00000000eab00000,0x00000000eab00000,0x00000000ec000000)
  from space 1024K, 75% used [0x00000000ec080000,0x00000000ec140448,0x00000000ec180000)
  to   space 1024K, 0% used [0x00000000ec180000,0x00000000ec180000,0x00000000ec280000)
 ParOldGen       total 68608K, used 28664K [0x00000000c0000000, 0x00000000c4300000, 0x00000000eab00000)
  object space 68608K, 41% used [0x00000000c0000000,0x00000000c1bfe340,0x00000000c4300000)
 Metaspace       used 39494K, committed 40448K, reserved 1114112K
  class space    used 3863K, committed 4288K, reserved 1048576K
}
Event: 8.674 GC heap before
{Heap before GC invocations=24 (full 2):
 PSYoungGen      total 22528K, used 22273K [0x00000000eab00000, 0x00000000ec280000, 0x0000000100000000)
  eden space 21504K, 100% used [0x00000000eab00000,0x00000000ec000000,0x00000000ec000000)
  from space 1024K, 75% used [0x00000000ec080000,0x00000000ec140448,0x00000000ec180000)
  to   space 1024K, 0% used [0x00000000ec180000,0x00000000ec180000,0x00000000ec280000)
 ParOldGen       total 68608K, used 28664K [0x00000000c0000000, 0x00000000c4300000, 0x00000000eab00000)
  object space 68608K, 41% used [0x00000000c0000000,0x00000000c1bfe340,0x00000000c4300000)
 Metaspace       used 41894K, committed 42880K, reserved 1114112K
  class space    used 4088K, committed 4544K, reserved 1048576K
}
Event: 8.677 GC heap after
{Heap after GC invocations=24 (full 2):
 PSYoungGen      total 20480K, used 1020K [0x00000000eab00000, 0x00000000ec700000, 0x0000000100000000)
  eden space 19456K, 0% used [0x00000000eab00000,0x00000000eab00000,0x00000000ebe00000)
  from space 1024K, 99% used [0x00000000ec180000,0x00000000ec27f288,0x00000000ec280000)
  to   space 3584K, 0% used [0x00000000ebe00000,0x00000000ebe00000,0x00000000ec180000)
 ParOldGen       total 68608K, used 30499K [0x00000000c0000000, 0x00000000c4300000, 0x00000000eab00000)
  object space 68608K, 44% used [0x00000000c0000000,0x00000000c1dc8d18,0x00000000c4300000)
 Metaspace       used 41894K, committed 42880K, reserved 1114112K
  class space    used 4088K, committed 4544K, reserved 1048576K
}
Event: 8.917 GC heap before
{Heap before GC invocations=25 (full 2):
 PSYoungGen      total 20480K, used 20476K [0x00000000eab00000, 0x00000000ec700000, 0x0000000100000000)
  eden space 19456K, 100% used [0x00000000eab00000,0x00000000ebe00000,0x00000000ebe00000)
  from space 1024K, 99% used [0x00000000ec180000,0x00000000ec27f288,0x00000000ec280000)
  to   space 3584K, 0% used [0x00000000ebe00000,0x00000000ebe00000,0x00000000ec180000)
 ParOldGen       total 68608K, used 30499K [0x00000000c0000000, 0x00000000c4300000, 0x00000000eab00000)
  object space 68608K, 44% used [0x00000000c0000000,0x00000000c1dc8d18,0x00000000c4300000)
 Metaspace       used 43006K, committed 44032K, reserved 1114112K
  class space    used 4164K, committed 4608K, reserved 1048576K
}
Event: 8.918 GC heap after
{Heap after GC invocations=25 (full 2):
 PSYoungGen      total 20480K, used 790K [0x00000000eab00000, 0x00000000ec200000, 0x0000000100000000)
  eden space 19456K, 0% used [0x00000000eab00000,0x00000000eab00000,0x00000000ebe00000)
  from space 1024K, 77% used [0x00000000ebe00000,0x00000000ebec5a20,0x00000000ebf00000)
  to   space 1536K, 0% used [0x00000000ec080000,0x00000000ec080000,0x00000000ec200000)
 ParOldGen       total 68608K, used 31400K [0x00000000c0000000, 0x00000000c4300000, 0x00000000eab00000)
  object space 68608K, 45% used [0x00000000c0000000,0x00000000c1eaa258,0x00000000c4300000)
 Metaspace       used 43006K, committed 44032K, reserved 1114112K
  class space    used 4164K, committed 4608K, reserved 1048576K
}
Event: 9.111 GC heap before
{Heap before GC invocations=26 (full 2):
 PSYoungGen      total 20480K, used 20246K [0x00000000eab00000, 0x00000000ec200000, 0x0000000100000000)
  eden space 19456K, 100% used [0x00000000eab00000,0x00000000ebe00000,0x00000000ebe00000)
  from space 1024K, 77% used [0x00000000ebe00000,0x00000000ebec5a20,0x00000000ebf00000)
  to   space 1536K, 0% used [0x00000000ec080000,0x00000000ec080000,0x00000000ec200000)
 ParOldGen       total 68608K, used 31400K [0x00000000c0000000, 0x00000000c4300000, 0x00000000eab00000)
  object space 68608K, 45% used [0x00000000c0000000,0x00000000c1eaa258,0x00000000c4300000)
 Metaspace       used 43186K, committed 44288K, reserved 1114112K
  class space    used 4166K, committed 4672K, reserved 1048576K
}
Event: 9.113 GC heap after
{Heap after GC invocations=26 (full 2):
 PSYoungGen      total 20480K, used 608K [0x00000000eab00000, 0x00000000ec180000, 0x0000000100000000)
  eden space 19456K, 0% used [0x00000000eab00000,0x00000000eab00000,0x00000000ebe00000)
  from space 1024K, 59% used [0x00000000ec080000,0x00000000ec118000,0x00000000ec180000)
  to   space 1024K, 0% used [0x00000000ebe00000,0x00000000ebe00000,0x00000000ebf00000)
 ParOldGen       total 68608K, used 31967K [0x00000000c0000000, 0x00000000c4300000, 0x00000000eab00000)
  object space 68608K, 46% used [0x00000000c0000000,0x00000000c1f37c78,0x00000000c4300000)
 Metaspace       used 43186K, committed 44288K, reserved 1114112K
  class space    used 4166K, committed 4672K, reserved 1048576K
}
Event: 9.277 GC heap before
{Heap before GC invocations=27 (full 2):
 PSYoungGen      total 20480K, used 20064K [0x00000000eab00000, 0x00000000ec180000, 0x0000000100000000)
  eden space 19456K, 100% used [0x00000000eab00000,0x00000000ebe00000,0x00000000ebe00000)
  from space 1024K, 59% used [0x00000000ec080000,0x00000000ec118000,0x00000000ec180000)
  to   space 1024K, 0% used [0x00000000ebe00000,0x00000000ebe00000,0x00000000ebf00000)
 ParOldGen       total 68608K, used 31967K [0x00000000c0000000, 0x00000000c4300000, 0x00000000eab00000)
  object space 68608K, 46% used [0x00000000c0000000,0x00000000c1f37c78,0x00000000c4300000)
 Metaspace       used 43378K, committed 44480K, reserved 1114112K
  class space    used 4173K, committed 4672K, reserved 1048576K
}
Event: 9.279 GC heap after
{Heap after GC invocations=27 (full 2):
 PSYoungGen      total 20480K, used 1008K [0x00000000eab00000, 0x00000000ec200000, 0x0000000100000000)
  eden space 19456K, 0% used [0x00000000eab00000,0x00000000eab00000,0x00000000ebe00000)
  from space 1024K, 98% used [0x00000000ebe00000,0x00000000ebefc030,0x00000000ebf00000)
  to   space 2048K, 0% used [0x00000000ec000000,0x00000000ec000000,0x00000000ec200000)
 ParOldGen       total 68608K, used 32676K [0x00000000c0000000, 0x00000000c4300000, 0x00000000eab00000)
  object space 68608K, 47% used [0x00000000c0000000,0x00000000c1fe9128,0x00000000c4300000)
 Metaspace       used 43378K, committed 44480K, reserved 1114112K
  class space    used 4173K, committed 4672K, reserved 1048576K
}
Event: 9.415 GC heap before
{Heap before GC invocations=28 (full 2):
 PSYoungGen      total 20480K, used 20464K [0x00000000eab00000, 0x00000000ec200000, 0x0000000100000000)
  eden space 19456K, 100% used [0x00000000eab00000,0x00000000ebe00000,0x00000000ebe00000)
  from space 1024K, 98% used [0x00000000ebe00000,0x00000000ebefc030,0x00000000ebf00000)
  to   space 2048K, 0% used [0x00000000ec000000,0x00000000ec000000,0x00000000ec200000)
 ParOldGen       total 68608K, used 32676K [0x00000000c0000000, 0x00000000c4300000, 0x00000000eab00000)
  object space 68608K, 47% used [0x00000000c0000000,0x00000000c1fe9128,0x00000000c4300000)
 Metaspace       used 43468K, committed 44544K, reserved 1114112K
  class space    used 4173K, committed 4672K, reserved 1048576K
}
Event: 9.417 GC heap after
{Heap after GC invocations=28 (full 2):
 PSYoungGen      total 20992K, used 1280K [0x00000000eab00000, 0x00000000ec180000, 0x0000000100000000)
  eden space 19456K, 0% used [0x00000000eab00000,0x00000000eab00000,0x00000000ebe00000)
  from space 1536K, 83% used [0x00000000ec000000,0x00000000ec140040,0x00000000ec180000)
  to   space 1536K, 0% used [0x00000000ebe80000,0x00000000ebe80000,0x00000000ec000000)
 ParOldGen       total 68608K, used 33651K [0x00000000c0000000, 0x00000000c4300000, 0x00000000eab00000)
  object space 68608K, 49% used [0x00000000c0000000,0x00000000c20dceb8,0x00000000c4300000)
 Metaspace       used 43468K, committed 44544K, reserved 1114112K
  class space    used 4173K, committed 4672K, reserved 1048576K
}

Dll operation events (10 events):
Event: 0.012 Loaded shared library c:\Users\bouch\.cursor\extensions\redhat.java-1.41.1-win32-x64\jre\21.0.6-win32-x86_64\bin\java.dll
Event: 0.103 Loaded shared library c:\Users\bouch\.cursor\extensions\redhat.java-1.41.1-win32-x64\jre\21.0.6-win32-x86_64\bin\zip.dll
Event: 0.125 Loaded shared library C:\Users\bouch\.cursor\extensions\redhat.java-1.41.1-win32-x64\jre\21.0.6-win32-x86_64\bin\instrument.dll
Event: 0.131 Loaded shared library C:\Users\bouch\.cursor\extensions\redhat.java-1.41.1-win32-x64\jre\21.0.6-win32-x86_64\bin\net.dll
Event: 0.133 Loaded shared library C:\Users\bouch\.cursor\extensions\redhat.java-1.41.1-win32-x64\jre\21.0.6-win32-x86_64\bin\nio.dll
Event: 0.139 Loaded shared library C:\Users\bouch\.cursor\extensions\redhat.java-1.41.1-win32-x64\jre\21.0.6-win32-x86_64\bin\zip.dll
Event: 0.156 Loaded shared library C:\Users\bouch\.cursor\extensions\redhat.java-1.41.1-win32-x64\jre\21.0.6-win32-x86_64\bin\jimage.dll
Event: 0.242 Loaded shared library c:\Users\bouch\.cursor\extensions\redhat.java-1.41.1-win32-x64\jre\21.0.6-win32-x86_64\bin\verify.dll
Event: 1.599 Loaded shared library C:\Users\bouch\AppData\Roaming\Cursor\User\globalStorage\redhat.java\1.41.1\config_ss_win\org.eclipse.equinox.launcher\org.eclipse.equinox.launcher.win32.win32.x86_64_1.2.1300.v20250331-1702\eclipse_11911.dll
Event: 2.799 Loaded shared library C:\Users\bouch\AppData\Local\Temp\jna-93927469\jna4580983086907101985.dll

Deoptimization events (20 events):
Event: 9.349 Thread 0x0000019deff541f0 DEOPT PACKING pc=0x0000019de0095970 sp=0x00000002f87fe720
Event: 9.349 Thread 0x0000019deff541f0 DEOPT UNPACKING pc=0x0000019ddf756da2 sp=0x00000002f87fe6a0 mode 2
Event: 9.353 Thread 0x0000019deff541f0 DEOPT PACKING pc=0x0000019dd8cf85cf sp=0x00000002f87fcf60
Event: 9.353 Thread 0x0000019deff541f0 DEOPT UNPACKING pc=0x0000019ddf7578e2 sp=0x00000002f87fc470 mode 0
Event: 9.357 Thread 0x0000019deff541f0 DEOPT PACKING pc=0x0000019dd8cf85cf sp=0x00000002f87fcf50
Event: 9.357 Thread 0x0000019deff541f0 DEOPT UNPACKING pc=0x0000019ddf7578e2 sp=0x00000002f87fc460 mode 0
Event: 9.371 Thread 0x0000019deff541f0 DEOPT PACKING pc=0x0000019dd8cf85cf sp=0x00000002f87fcf60
Event: 9.371 Thread 0x0000019deff541f0 DEOPT UNPACKING pc=0x0000019ddf7578e2 sp=0x00000002f87fc470 mode 0
Event: 9.388 Thread 0x0000019deff541f0 DEOPT PACKING pc=0x0000019dd8e0743b sp=0x00000002f87fe320
Event: 9.388 Thread 0x0000019deff541f0 DEOPT UNPACKING pc=0x0000019ddf7578e2 sp=0x00000002f87fd750 mode 0
Event: 9.403 Thread 0x0000019deff541f0 DEOPT PACKING pc=0x0000019dd8a6c2e9 sp=0x00000002f87fe050
Event: 9.403 Thread 0x0000019deff541f0 DEOPT UNPACKING pc=0x0000019ddf7578e2 sp=0x00000002f87fd570 mode 0
Event: 9.406 Thread 0x0000019deff541f0 Uncommon trap: trap_request=0xffffffcc fr.pc=0x0000019de00a53c4 relative=0x0000000000000364
Event: 9.406 Thread 0x0000019deff541f0 Uncommon trap: reason=intrinsic_or_type_checked_inlining action=make_not_entrant pc=0x0000019de00a53c4 method=java.util.ArrayList.toArray([Ljava/lang/Object;)[Ljava/lang/Object; @ 36 c2
Event: 9.406 Thread 0x0000019deff541f0 DEOPT PACKING pc=0x0000019de00a53c4 sp=0x00000002f87fd7d0
Event: 9.406 Thread 0x0000019deff541f0 DEOPT UNPACKING pc=0x0000019ddf756da2 sp=0x00000002f87fd730 mode 2
Event: 9.419 Thread 0x0000019deff541f0 Uncommon trap: trap_request=0xffffffcc fr.pc=0x0000019de008bba4 relative=0x00000000000011a4
Event: 9.419 Thread 0x0000019deff541f0 Uncommon trap: reason=intrinsic_or_type_checked_inlining action=make_not_entrant pc=0x0000019de008bba4 method=java.util.ArrayList.toArray([Ljava/lang/Object;)[Ljava/lang/Object; @ 36 c2
Event: 9.419 Thread 0x0000019deff541f0 DEOPT PACKING pc=0x0000019de008bba4 sp=0x00000002f87fd470
Event: 9.419 Thread 0x0000019deff541f0 DEOPT UNPACKING pc=0x0000019ddf756da2 sp=0x00000002f87fd3d0 mode 2

Classes loaded (20 events):
Event: 8.088 Loading class java/lang/UnsupportedClassVersionError
Event: 8.088 Loading class java/lang/UnsupportedClassVersionError done
Event: 8.164 Loading class java/util/stream/MatchOps$MatchKind
Event: 8.164 Loading class java/util/stream/MatchOps$MatchKind done
Event: 8.164 Loading class java/util/stream/MatchOps
Event: 8.164 Loading class java/util/stream/MatchOps done
Event: 8.164 Loading class java/util/stream/MatchOps$MatchOp
Event: 8.164 Loading class java/util/stream/MatchOps$MatchOp done
Event: 8.164 Loading class java/util/stream/MatchOps$BooleanTerminalSink
Event: 8.165 Loading class java/util/stream/MatchOps$BooleanTerminalSink done
Event: 8.165 Loading class java/util/stream/MatchOps$1MatchSink
Event: 8.165 Loading class java/util/stream/MatchOps$1MatchSink done
Event: 8.278 Loading class java/util/stream/ReduceOps$4
Event: 8.278 Loading class java/util/stream/ReduceOps$4 done
Event: 8.278 Loading class java/util/stream/ReduceOps$4ReducingSink
Event: 8.278 Loading class java/util/stream/ReduceOps$4ReducingSink done
Event: 8.750 Loading class java/util/concurrent/ConcurrentHashMap$TreeNode
Event: 8.750 Loading class java/util/concurrent/ConcurrentHashMap$TreeNode done
Event: 8.750 Loading class java/util/concurrent/ConcurrentHashMap$TreeBin
Event: 8.750 Loading class java/util/concurrent/ConcurrentHashMap$TreeBin done

Classes unloaded (20 events):
Event: 6.015 Thread 0x0000019de93726a0 Unloading class 0x0000019d8135b000 'java/lang/invoke/LambdaForm$MH+0x0000019d8135b000'
Event: 6.015 Thread 0x0000019de93726a0 Unloading class 0x0000019d8135a400 'java/lang/invoke/LambdaForm$MH+0x0000019d8135a400'
Event: 6.015 Thread 0x0000019de93726a0 Unloading class 0x0000019d81359c00 'java/lang/invoke/LambdaForm$MH+0x0000019d81359c00'
Event: 6.015 Thread 0x0000019de93726a0 Unloading class 0x0000019d81359800 'java/lang/invoke/LambdaForm$MH+0x0000019d81359800'
Event: 6.015 Thread 0x0000019de93726a0 Unloading class 0x0000019d81359000 'java/lang/invoke/LambdaForm$MH+0x0000019d81359000'
Event: 6.015 Thread 0x0000019de93726a0 Unloading class 0x0000019d81358c00 'java/lang/invoke/LambdaForm$DMH+0x0000019d81358c00'
Event: 6.015 Thread 0x0000019de93726a0 Unloading class 0x0000019d81358800 'java/lang/invoke/LambdaForm$DMH+0x0000019d81358800'
Event: 6.015 Thread 0x0000019de93726a0 Unloading class 0x0000019d81354c00 'java/lang/invoke/LambdaForm$MH+0x0000019d81354c00'
Event: 6.015 Thread 0x0000019de93726a0 Unloading class 0x0000019d81354800 'java/lang/invoke/LambdaForm$MH+0x0000019d81354800'
Event: 6.015 Thread 0x0000019de93726a0 Unloading class 0x0000019d81353800 'java/lang/invoke/LambdaForm$MH+0x0000019d81353800'
Event: 6.015 Thread 0x0000019de93726a0 Unloading class 0x0000019d81353000 'java/lang/invoke/LambdaForm$MH+0x0000019d81353000'
Event: 6.015 Thread 0x0000019de93726a0 Unloading class 0x0000019d81352800 'java/lang/invoke/LambdaForm$MH+0x0000019d81352800'
Event: 6.015 Thread 0x0000019de93726a0 Unloading class 0x0000019d81352400 'java/lang/invoke/LambdaForm$MH+0x0000019d81352400'
Event: 6.015 Thread 0x0000019de93726a0 Unloading class 0x0000019d81351c00 'java/lang/invoke/LambdaForm$MH+0x0000019d81351c00'
Event: 6.015 Thread 0x0000019de93726a0 Unloading class 0x0000019d81351400 'java/lang/invoke/LambdaForm$MH+0x0000019d81351400'
Event: 6.015 Thread 0x0000019de93726a0 Unloading class 0x0000019d81351000 'java/lang/invoke/LambdaForm$MH+0x0000019d81351000'
Event: 6.015 Thread 0x0000019de93726a0 Unloading class 0x0000019d81350c00 'java/lang/invoke/LambdaForm$MH+0x0000019d81350c00'
Event: 6.015 Thread 0x0000019de93726a0 Unloading class 0x0000019d81350800 'java/lang/invoke/LambdaForm$MH+0x0000019d81350800'
Event: 6.015 Thread 0x0000019de93726a0 Unloading class 0x0000019d81350000 'java/lang/invoke/LambdaForm$DMH+0x0000019d81350000'
Event: 6.015 Thread 0x0000019de93726a0 Unloading class 0x0000019d8134ac00 'java/lang/invoke/LambdaForm$DMH+0x0000019d8134ac00'

Classes redefined (0 events):
No events

Internal exceptions (20 events):
Event: 6.455 Thread 0x0000019df1110200 Exception <a 'java/lang/NoSuchMethodError'{0x00000000ebcbb130}: 'java.lang.Object java.lang.invoke.DirectMethodHandle$Holder.newInvokeSpecial(java.lang.Object, java.lang.Object, java.lang.Object, java.lang.Object, int)'> (0x00000000ebcbb130) 
thrown [s\src\hotspot\share\interpreter\linkResolver.cpp, line 773]
Event: 6.455 Thread 0x0000019df1110200 Exception <a 'java/lang/NoSuchMethodError'{0x00000000ebd77b80}: 'java.lang.Object java.lang.invoke.DirectMethodHandle$Holder.invokeSpecial(java.lang.Object, java.lang.Object, java.lang.Object, java.lang.Object, java.lang.Object, int)'> (0x00000000ebd77b80) 
thrown [s\src\hotspot\share\interpreter\linkResolver.cpp, line 773]
Event: 6.455 Thread 0x0000019df1110200 Exception <a 'java/lang/NoSuchMethodError'{0x00000000ebd7b350}: 'java.lang.Object java.lang.invoke.Invokers$Holder.linkToTargetMethod(java.lang.Object, java.lang.Object, java.lang.Object, int, java.lang.Object)'> (0x00000000ebd7b350) 
thrown [s\src\hotspot\share\interpreter\linkResolver.cpp, line 773]
Event: 7.131 Thread 0x0000019df1111c40 Exception <a 'java/lang/NoSuchMethodError'{0x00000000eac3b360}: 'java.lang.Object java.lang.invoke.DirectMethodHandle$Holder.invokeSpecial(java.lang.Object, java.lang.Object, int, long)'> (0x00000000eac3b360) 
thrown [s\src\hotspot\share\interpreter\linkResolver.cpp, line 773]
Event: 7.462 Thread 0x0000019df1110f20 Exception <a 'java/lang/NoSuchMethodError'{0x00000000eb3fce68}: 'java.lang.Object java.lang.invoke.DirectMethodHandle$Holder.invokeStatic(java.lang.Object, java.lang.Object, int, int)'> (0x00000000eb3fce68) 
thrown [s\src\hotspot\share\interpreter\linkResolver.cpp, line 773]
Event: 7.462 Thread 0x0000019df1110f20 Exception <a 'java/lang/NoSuchMethodError'{0x00000000eb401178}: 'java.lang.Object java.lang.invoke.DirectMethodHandle$Holder.invokeSpecial(java.lang.Object, java.lang.Object, java.lang.Object, int, int)'> (0x00000000eb401178) 
thrown [s\src\hotspot\share\interpreter\linkResolver.cpp, line 773]
Event: 7.684 Thread 0x0000019df1110f20 Implicit null exception at 0x0000019ddfd28123 to 0x0000019ddfd2848c
Event: 7.686 Thread 0x0000019df1110f20 Implicit null exception at 0x0000019ddfd28b47 to 0x0000019ddfd29200
Event: 8.048 Thread 0x0000019df1110f20 Exception <a 'java/lang/IncompatibleClassChangeError'{0x00000000ebea63a0}: Found class java.lang.Object, but interface was expected> (0x00000000ebea63a0) 
thrown [s\src\hotspot\share\interpreter\linkResolver.cpp, line 840]
Event: 8.051 Thread 0x0000019df1110f20 Exception <a 'java/lang/IncompatibleClassChangeError'{0x00000000ebeb5798}: Found class java.lang.Object, but interface was expected> (0x00000000ebeb5798) 
thrown [s\src\hotspot\share\interpreter\linkResolver.cpp, line 840]
Event: 8.124 Thread 0x0000019df1110200 Exception <a 'java/lang/NoSuchMethodError'{0x00000000eaca8ed8}: 'int java.lang.invoke.Invokers$Holder.invokeExact_MT(java.lang.Object, java.lang.Object)'> (0x00000000eaca8ed8) 
thrown [s\src\hotspot\share\interpreter\linkResolver.cpp, line 773]
Event: 8.192 Thread 0x0000019df1110200 Exception <a 'java/lang/NoSuchMethodError'{0x00000000eaec6958}: 'int java.lang.invoke.DirectMethodHandle$Holder.invokeInterface(java.lang.Object, java.lang.Object)'> (0x00000000eaec6958) 
thrown [s\src\hotspot\share\interpreter\linkResolver.cpp, line 773]
Event: 8.192 Thread 0x0000019df1110200 Exception <a 'java/lang/IncompatibleClassChangeError'{0x00000000eaec9fb0}: Found class java.lang.Object, but interface was expected> (0x00000000eaec9fb0) 
thrown [s\src\hotspot\share\interpreter\linkResolver.cpp, line 840]
Event: 8.285 Thread 0x0000019df1110200 Exception <a 'java/lang/NoSuchMethodError'{0x00000000eb1c31c0}: 'int java.lang.invoke.DirectMethodHandle$Holder.invokeSpecialIFC(java.lang.Object, java.lang.Object, java.lang.Object)'> (0x00000000eb1c31c0) 
thrown [s\src\hotspot\share\interpreter\linkResolver.cpp, line 773]
Event: 8.301 Thread 0x0000019df1110200 Exception <a 'java/io/FileNotFoundException'{0x00000000eb2793f8}> (0x00000000eb2793f8) 
thrown [s\src\hotspot\share\prims\jni.cpp, line 520]
Event: 8.302 Thread 0x0000019df1110200 Exception <a 'java/io/FileNotFoundException'{0x00000000eb27a400}> (0x00000000eb27a400) 
thrown [s\src\hotspot\share\prims\jni.cpp, line 520]
Event: 8.650 Thread 0x0000019deff541f0 Exception <a 'java/io/FileNotFoundException'{0x00000000ebeba968}> (0x00000000ebeba968) 
thrown [s\src\hotspot\share\prims\jni.cpp, line 520]
Event: 8.651 Thread 0x0000019deff541f0 Exception <a 'java/io/FileNotFoundException'{0x00000000ebebb978}> (0x00000000ebebb978) 
thrown [s\src\hotspot\share\prims\jni.cpp, line 520]
Event: 8.651 Thread 0x0000019deff541f0 Exception <a 'java/io/FileNotFoundException'{0x00000000ebebc940}> (0x00000000ebebc940) 
thrown [s\src\hotspot\share\prims\jni.cpp, line 520]
Event: 9.172 Thread 0x0000019deff541f0 Exception <a 'java/lang/NoSuchMethodError'{0x00000000eaea84b8}: 'void java.lang.invoke.DirectMethodHandle$Holder.invokeVirtual(java.lang.Object, java.lang.Object, java.lang.Object, java.lang.Object, java.lang.Object)'> (0x00000000eaea84b8) 
thrown [s\src\hotspot\share\interpreter\linkResolver.cpp, line 773]

ZGC Phase Switch (0 events):
No events

VM Operations (20 events):
Event: 8.290 Executing VM operation: HandshakeAllThreads (Deoptimize)
Event: 8.290 Executing VM operation: HandshakeAllThreads (Deoptimize) done
Event: 8.434 Executing VM operation: HandshakeAllThreads (Deoptimize)
Event: 8.434 Executing VM operation: HandshakeAllThreads (Deoptimize) done
Event: 8.518 Executing VM operation: HandshakeAllThreads (Deoptimize)
Event: 8.519 Executing VM operation: HandshakeAllThreads (Deoptimize) done
Event: 8.588 Executing VM operation: ICBufferFull
Event: 8.588 Executing VM operation: ICBufferFull done
Event: 8.674 Executing VM operation: ParallelGCFailedAllocation (Allocation Failure)
Event: 8.677 Executing VM operation: ParallelGCFailedAllocation (Allocation Failure) done
Event: 8.876 Executing VM operation: ICBufferFull
Event: 8.876 Executing VM operation: ICBufferFull done
Event: 8.917 Executing VM operation: ParallelGCFailedAllocation (Allocation Failure)
Event: 8.918 Executing VM operation: ParallelGCFailedAllocation (Allocation Failure) done
Event: 9.111 Executing VM operation: ParallelGCFailedAllocation (Allocation Failure)
Event: 9.113 Executing VM operation: ParallelGCFailedAllocation (Allocation Failure) done
Event: 9.277 Executing VM operation: ParallelGCFailedAllocation (Allocation Failure)
Event: 9.279 Executing VM operation: ParallelGCFailedAllocation (Allocation Failure) done
Event: 9.415 Executing VM operation: ParallelGCFailedAllocation (Allocation Failure)
Event: 9.417 Executing VM operation: ParallelGCFailedAllocation (Allocation Failure) done

Memory protections (0 events):
No events

Nmethod flushes (20 events):
Event: 6.024 Thread 0x0000019de93726a0 flushing  nmethod 0x0000019dd85a5710
Event: 6.024 Thread 0x0000019de93726a0 flushing  nmethod 0x0000019dd85f8a10
Event: 6.024 Thread 0x0000019de93726a0 flushing  nmethod 0x0000019dd85f8e90
Event: 6.024 Thread 0x0000019de93726a0 flushing  nmethod 0x0000019dd85f9c90
Event: 6.024 Thread 0x0000019de93726a0 flushing  nmethod 0x0000019dd8632e90
Event: 6.024 Thread 0x0000019de93726a0 flushing  nmethod 0x0000019dd8633290
Event: 6.024 Thread 0x0000019de93726a0 flushing  nmethod 0x0000019dd8633c90
Event: 6.024 Thread 0x0000019de93726a0 flushing  nmethod 0x0000019dd8638590
Event: 6.024 Thread 0x0000019de93726a0 flushing  nmethod 0x0000019dd864fd90
Event: 6.024 Thread 0x0000019de93726a0 flushing  nmethod 0x0000019dd8677f90
Event: 6.024 Thread 0x0000019de93726a0 flushing  nmethod 0x0000019dd8678290
Event: 6.024 Thread 0x0000019de93726a0 flushing  nmethod 0x0000019dd867af10
Event: 6.024 Thread 0x0000019de93726a0 flushing  nmethod 0x0000019dd86b6d90
Event: 6.024 Thread 0x0000019de93726a0 flushing  nmethod 0x0000019dd86ba690
Event: 6.024 Thread 0x0000019de93726a0 flushing  nmethod 0x0000019dd86c1910
Event: 6.024 Thread 0x0000019de93726a0 flushing  nmethod 0x0000019dd86c2c10
Event: 6.024 Thread 0x0000019de93726a0 flushing  nmethod 0x0000019dd86caf10
Event: 6.024 Thread 0x0000019de93726a0 flushing  nmethod 0x0000019dd86cb990
Event: 6.024 Thread 0x0000019de93726a0 flushing  nmethod 0x0000019dd86d1190
Event: 6.024 Thread 0x0000019de93726a0 flushing  nmethod 0x0000019dd86e8310

Events (20 events):
Event: 3.989 Thread 0x0000019dd4fd3500 Thread added: 0x0000019deff56950
Event: 3.989 Thread 0x0000019dd4fd3500 Thread added: 0x0000019deff56fe0
Event: 3.989 Thread 0x0000019dd4fd3500 Thread added: 0x0000019deff54880
Event: 3.989 Thread 0x0000019dd4fd3500 Thread added: 0x0000019deff54f10
Event: 3.989 Thread 0x0000019dd4fd3500 Thread added: 0x0000019deff55c30
Event: 3.989 Thread 0x0000019dd4fd3500 Thread added: 0x0000019df1110890
Event: 4.087 Thread 0x0000019dd4fd3500 Thread added: 0x0000019df11122d0
Event: 4.198 Thread 0x0000019deff4f950 Thread added: 0x0000019df1111c40
Event: 4.287 Thread 0x0000019dd4fd3500 Thread added: 0x0000019df110daa0
Event: 4.287 Thread 0x0000019dd4fd3500 Thread added: 0x0000019df1110f20
Event: 4.571 Thread 0x0000019df1110f20 Thread added: 0x0000019df1110200
Event: 4.577 Thread 0x0000019df1110200 Thread added: 0x0000019df11115b0
Event: 4.631 Thread 0x0000019df0445e90 Thread exited: 0x0000019df0445e90
Event: 4.863 Thread 0x0000019de938efe0 Thread added: 0x0000019df14b1a70
Event: 5.989 Thread 0x0000019df14b1a70 Thread exited: 0x0000019df14b1a70
Event: 6.076 Thread 0x0000019defb22a80 Thread exited: 0x0000019defb22a80
Event: 6.763 Thread 0x0000019de938efe0 Thread added: 0x0000019df1af5010
Event: 6.798 Thread 0x0000019df1af5010 Thread added: 0x0000019df18b4a50
Event: 7.798 Thread 0x0000019df18b4a50 Thread exited: 0x0000019df18b4a50
Event: 8.063 Thread 0x0000019defb9b050 Thread exited: 0x0000019defb9b050


Dynamic libraries:
0x00007ff72bff0000 - 0x00007ff72bffe000 	c:\Users\bouch\.cursor\extensions\redhat.java-1.41.1-win32-x64\jre\21.0.6-win32-x86_64\bin\java.exe
0x00007ffae9f90000 - 0x00007ffaea188000 	C:\windows\SYSTEM32\ntdll.dll
0x00007ffae9920000 - 0x00007ffae99e2000 	C:\windows\System32\KERNEL32.DLL
0x00007ffae7710000 - 0x00007ffae7a06000 	C:\windows\System32\KERNELBASE.dll
0x00007ffae7610000 - 0x00007ffae7710000 	C:\windows\System32\ucrtbase.dll
0x00007ffae3800000 - 0x00007ffae381e000 	c:\Users\bouch\.cursor\extensions\redhat.java-1.41.1-win32-x64\jre\21.0.6-win32-x86_64\bin\VCRUNTIME140.dll
0x00007ffae3820000 - 0x00007ffae3838000 	c:\Users\bouch\.cursor\extensions\redhat.java-1.41.1-win32-x64\jre\21.0.6-win32-x86_64\bin\jli.dll
0x00007ffae9780000 - 0x00007ffae991d000 	C:\windows\System32\USER32.dll
0x00007ffae7f40000 - 0x00007ffae7f62000 	C:\windows\System32\win32u.dll
0x00007ffae8950000 - 0x00007ffae897b000 	C:\windows\System32\GDI32.dll
0x00007ffae7b40000 - 0x00007ffae7c5a000 	C:\windows\System32\gdi32full.dll
0x00007ffae7aa0000 - 0x00007ffae7b3d000 	C:\windows\System32\msvcp_win.dll
0x00007ffaccf60000 - 0x00007ffacd1fa000 	C:\windows\WinSxS\amd64_microsoft.windows.common-controls_6595b64144ccf1df_6.0.19041.4355_none_60b8b9eb71f62e16\COMCTL32.dll
0x00007ffae8e90000 - 0x00007ffae8f2e000 	C:\windows\System32\msvcrt.dll
0x00007ffae8720000 - 0x00007ffae874f000 	C:\windows\System32\IMM32.DLL
0x00007ffae37f0000 - 0x00007ffae37fc000 	c:\Users\bouch\.cursor\extensions\redhat.java-1.41.1-win32-x64\jre\21.0.6-win32-x86_64\bin\vcruntime140_1.dll
0x00007ffaa99c0000 - 0x00007ffaa9a4d000 	c:\Users\bouch\.cursor\extensions\redhat.java-1.41.1-win32-x64\jre\21.0.6-win32-x86_64\bin\msvcp140.dll
0x00007ffa65440000 - 0x00007ffa661d0000 	c:\Users\bouch\.cursor\extensions\redhat.java-1.41.1-win32-x64\jre\21.0.6-win32-x86_64\bin\server\jvm.dll
0x00007ffae9e60000 - 0x00007ffae9f11000 	C:\windows\System32\ADVAPI32.dll
0x00007ffae8df0000 - 0x00007ffae8e8f000 	C:\windows\System32\sechost.dll
0x00007ffae9a50000 - 0x00007ffae9b73000 	C:\windows\System32\RPCRT4.dll
0x00007ffae75e0000 - 0x00007ffae7607000 	C:\windows\System32\bcrypt.dll
0x00007ffae8750000 - 0x00007ffae87bb000 	C:\windows\System32\WS2_32.dll
0x00007ffae6b70000 - 0x00007ffae6bbb000 	C:\windows\SYSTEM32\POWRPROF.dll
0x00007ffadc440000 - 0x00007ffadc467000 	C:\windows\SYSTEM32\WINMM.dll
0x00007ffadc340000 - 0x00007ffadc34a000 	C:\windows\SYSTEM32\VERSION.dll
0x00007ffae69e0000 - 0x00007ffae69f2000 	C:\windows\SYSTEM32\UMPDC.dll
0x00007ffae5db0000 - 0x00007ffae5dc2000 	C:\windows\SYSTEM32\kernel.appcore.dll
0x00007ffae37e0000 - 0x00007ffae37ea000 	c:\Users\bouch\.cursor\extensions\redhat.java-1.41.1-win32-x64\jre\21.0.6-win32-x86_64\bin\jimage.dll
0x00007ffae5160000 - 0x00007ffae5344000 	C:\windows\SYSTEM32\DBGHELP.DLL
0x00007ffaca8f0000 - 0x00007ffaca924000 	C:\windows\SYSTEM32\dbgcore.DLL
0x00007ffae7a10000 - 0x00007ffae7a92000 	C:\windows\System32\bcryptPrimitives.dll
0x00007ffae37d0000 - 0x00007ffae37df000 	c:\Users\bouch\.cursor\extensions\redhat.java-1.41.1-win32-x64\jre\21.0.6-win32-x86_64\bin\instrument.dll
0x00007ffae2740000 - 0x00007ffae275f000 	c:\Users\bouch\.cursor\extensions\redhat.java-1.41.1-win32-x64\jre\21.0.6-win32-x86_64\bin\java.dll
0x00007ffae8f30000 - 0x00007ffae969f000 	C:\windows\System32\SHELL32.dll
0x00007ffae5600000 - 0x00007ffae5da3000 	C:\windows\SYSTEM32\windows.storage.dll
0x00007ffae8a90000 - 0x00007ffae8de5000 	C:\windows\System32\combase.dll
0x00007ffae7010000 - 0x00007ffae703b000 	C:\windows\SYSTEM32\Wldp.dll
0x00007ffae8980000 - 0x00007ffae8a4d000 	C:\windows\System32\OLEAUT32.dll
0x00007ffae9c00000 - 0x00007ffae9cad000 	C:\windows\System32\SHCORE.dll
0x00007ffae99f0000 - 0x00007ffae9a45000 	C:\windows\System32\shlwapi.dll
0x00007ffae7510000 - 0x00007ffae7535000 	C:\windows\SYSTEM32\profapi.dll
0x00007ffae2470000 - 0x00007ffae2488000 	c:\Users\bouch\.cursor\extensions\redhat.java-1.41.1-win32-x64\jre\21.0.6-win32-x86_64\bin\zip.dll
0x00007ffae1ae0000 - 0x00007ffae1af0000 	C:\Users\bouch\.cursor\extensions\redhat.java-1.41.1-win32-x64\jre\21.0.6-win32-x86_64\bin\net.dll
0x00007ffae4540000 - 0x00007ffae464a000 	C:\windows\SYSTEM32\WINHTTP.dll
0x00007ffae6d70000 - 0x00007ffae6ddc000 	C:\windows\system32\mswsock.dll
0x00007ffadf9c0000 - 0x00007ffadf9d6000 	C:\Users\bouch\.cursor\extensions\redhat.java-1.41.1-win32-x64\jre\21.0.6-win32-x86_64\bin\nio.dll
0x00007ffae1a50000 - 0x00007ffae1a60000 	c:\Users\bouch\.cursor\extensions\redhat.java-1.41.1-win32-x64\jre\21.0.6-win32-x86_64\bin\verify.dll
0x00007ffaa9e10000 - 0x00007ffaa9e55000 	C:\Users\bouch\AppData\Roaming\Cursor\User\globalStorage\redhat.java\1.41.1\config_ss_win\org.eclipse.equinox.launcher\org.eclipse.equinox.launcher.win32.win32.x86_64_1.2.1300.v20250331-1702\eclipse_11911.dll
0x00007ffae8820000 - 0x00007ffae894b000 	C:\windows\System32\ole32.dll
0x00007ffae6f70000 - 0x00007ffae6f88000 	C:\windows\SYSTEM32\CRYPTSP.dll
0x00007ffae65e0000 - 0x00007ffae6618000 	C:\windows\system32\rsaenh.dll
0x00007ffae74d0000 - 0x00007ffae74fe000 	C:\windows\SYSTEM32\USERENV.dll
0x00007ffae6f60000 - 0x00007ffae6f6c000 	C:\windows\SYSTEM32\CRYPTBASE.dll
0x00007ffae6a00000 - 0x00007ffae6a3b000 	C:\windows\SYSTEM32\IPHLPAPI.DLL
0x00007ffae8590000 - 0x00007ffae8598000 	C:\windows\System32\NSI.dll
0x00007ffac5e60000 - 0x00007ffac5ea9000 	C:\Users\bouch\AppData\Local\Temp\jna-93927469\jna4580983086907101985.dll
0x00007ffae8a70000 - 0x00007ffae8a78000 	C:\windows\System32\PSAPI.DLL
0x00007ffae1360000 - 0x00007ffae1377000 	C:\windows\SYSTEM32\dhcpcsvc6.DLL
0x00007ffae1340000 - 0x00007ffae135d000 	C:\windows\SYSTEM32\dhcpcsvc.DLL

dbghelp: loaded successfully - version: 4.0.5 - missing functions: none
symbol engine: initialized successfully - sym options: 0x614 - pdb path: .;c:\Users\bouch\.cursor\extensions\redhat.java-1.41.1-win32-x64\jre\21.0.6-win32-x86_64\bin;C:\windows\SYSTEM32;C:\windows\WinSxS\amd64_microsoft.windows.common-controls_6595b64144ccf1df_6.0.19041.4355_none_60b8b9eb71f62e16;c:\Users\bouch\.cursor\extensions\redhat.java-1.41.1-win32-x64\jre\21.0.6-win32-x86_64\bin\server;C:\Users\bouch\AppData\Roaming\Cursor\User\globalStorage\redhat.java\1.41.1\config_ss_win\org.eclipse.equinox.launcher\org.eclipse.equinox.launcher.win32.win32.x86_64_1.2.1300.v20250331-1702;C:\Users\bouch\AppData\Local\Temp\jna-93927469

VM Arguments:
jvm_args: --add-modules=ALL-SYSTEM --add-opens=java.base/java.util=ALL-UNNAMED --add-opens=java.base/java.lang=ALL-UNNAMED --add-opens=java.base/sun.nio.fs=ALL-UNNAMED -Declipse.application=org.eclipse.jdt.ls.core.id1 -Dosgi.bundles.defaultStartLevel=4 -Declipse.product=org.eclipse.jdt.ls.core.product -Djava.import.generatesMetadataFilesAtProjectRoot=false -DDetectVMInstallationsJob.disabled=true -Dfile.encoding=utf8 -XX:+UseParallelGC -XX:GCTimeRatio=4 -XX:AdaptiveSizePolicyWeight=90 -Dsun.zip.disableMemoryMapping=true -Xmx1G -Xms100m -Xlog:disable -javaagent:c:\Users\bouch\.cursor\extensions\redhat.java-1.41.1-win32-x64\lombok\lombok-1.18.36.jar 
java_command: c:\Users\bouch\.cursor\extensions\redhat.java-1.41.1-win32-x64\server\plugins\org.eclipse.equinox.launcher_1.7.0.v20250331-1702.jar -configuration c:\Users\bouch\AppData\Roaming\Cursor\User\globalStorage\redhat.java\1.41.1\config_ss_win -data c:\Users\bouch\AppData\Roaming\Cursor\User\workspaceStorage\0926cdee763ccb7bb212e6d916a0a387\redhat.java\ss_ws --pipe=\\.\pipe\lsp-9c6044090d8f08fb6382abadd071ef8e-sock
java_class_path (initial): c:\Users\bouch\.cursor\extensions\redhat.java-1.41.1-win32-x64\server\plugins\org.eclipse.equinox.launcher_1.7.0.v20250331-1702.jar
Launcher Type: SUN_STANDARD

[Global flags]
    uintx AdaptiveSizePolicyWeight                 = 90                                        {product} {command line}
     intx CICompilerCount                          = 4                                         {product} {ergonomic}
    uintx GCTimeRatio                              = 4                                         {product} {command line}
   size_t InitialHeapSize                          = 104857600                                 {product} {command line}
   size_t MaxHeapSize                              = 1073741824                                {product} {command line}
   size_t MaxNewSize                               = 357564416                                 {product} {ergonomic}
   size_t MinHeapDeltaBytes                        = 524288                                    {product} {ergonomic}
   size_t MinHeapSize                              = 104857600                                 {product} {command line}
   size_t NewSize                                  = 34603008                                  {product} {ergonomic}
    uintx NonNMethodCodeHeapSize                   = 5839372                                {pd product} {ergonomic}
    uintx NonProfiledCodeHeapSize                  = 122909434                              {pd product} {ergonomic}
   size_t OldSize                                  = 70254592                                  {product} {ergonomic}
    uintx ProfiledCodeHeapSize                     = 122909434                              {pd product} {ergonomic}
    uintx ReservedCodeCacheSize                    = 251658240                              {pd product} {ergonomic}
     bool SegmentedCodeCache                       = true                                      {product} {ergonomic}
   size_t SoftMaxHeapSize                          = 1073741824                             {manageable} {ergonomic}
     bool UseCompressedOops                        = true                           {product lp64_product} {ergonomic}
     bool UseLargePagesIndividualAllocation        = false                                  {pd product} {ergonomic}
     bool UseParallelGC                            = true                                      {product} {command line}

Logging:
Log output configuration:
 #0: stdout all=off uptime,level,tags foldmultilines=false
 #1: stderr all=off uptime,level,tags foldmultilines=false

Environment Variables:
JAVA_HOME=C:\Program Files (x86)\jdk-17.0.2
PATH=C:\oraclexe\app\oracle\product\10.2.0\server\bin;C:\Program Files\Common Files\Oracle\Java\javapath;C:\Python312\Scripts\;C:\Python312\;C:\Users\bouch\.jdks\jbr-17.0.8\bin;C:\Program Files (x86)\VMware\VMware Workstation\bin\;C:\Program Files (x86)\Razer Chroma SDK\bin;C:\Program Files\Razer Chroma SDK\bin;C:\Program Files (x86)\Common Files\Intel\Shared Libraries\redist\intel64\compiler;C:\Program Files (x86)\Razer\ChromaBroadcast\bin;C:\Program Files\Razer\ChromaBroadcast\bin;C:\windows\system32;C:\windows;C:\windows\System32\Wbem;C:\windows\System32\WindowsPowerShell\v1.0\;C:\windows\System32\OpenSSH\;C:\Program Files (x86)\NVIDIA Corporation\PhysX\Common;C:\Program Files (x86)\dotnet\;C:\windows\system32\config\systemprofile\AppData\Local\Microsoft\WindowsApps;C:\Program Files\dotnet\;C:\Strawberry\c\bin;C:\Strawberry\perl\site\bin;C:\Strawberry\perl\bin;C:\instantclient12_2;C:\Program Files\Git\cmd;C:\xampp2\php;C:\Program Files (x86)\codeblocks\MinGW\bin;D:\GnuWin32\bin;C:\Program Files\wkhtmltopdf\bin;C:\Program Files\nodejs\;C:\ProgramData\chocolatey\bin;C:\Program Files (x86)\jdk-17.0.2\bin;C:\Program Files (x86)\jdk-17.0.2\bin;C:\Program Files\NVIDIA Corporation\NVIDIA app\NvDLISR;C:\Program Files\Microsoft SQL Server\150\Tools\Binn\;C:\Program Files\Microsoft SQL Server\Client SDK\ODBC\170\Tools\Binn\;C:\Program Files\dotnet\sdk\8.0.404;C:\Program Files (x86)\dotnet\sdk\8.0.404;C:\Program Files\Docker\Docker\resources\bin;C:\Program Files\apache-maven\bin;C:\Users\bouch\scoop\shims;C:\Users\bouch\AppData\Local\Microsoft\WindowsApps;C:\Users\bouch\AppData\Local\Programs\Microsoft VS Code\bin;C:\MinGW\bin;C:\Users\bouch\composer;C:\Users\bouch\AppData\Roaming\Composer\vendor\bin;C:\Users\bouch\AppData\Local\GitHubDesktop\bin;C:\Users\bouch\AppData\Roaming\npm;D:\intelij\IntelliJ IDEA 2024.2.1\bin;;C:\Program Files\MongoDB\Server\4.0\bin;C:\Users\bouch\.dotnet\tools;C:\Program Files\dotnet\sdk\8.0.404;C:\Program Files (x86)\dotnet\sdk\8.0.404;C:\Users\bouch\AppData\Local\Programs\cursor\resources\app\bin
USERNAME=bouch
OS=Windows_NT
PROCESSOR_IDENTIFIER=Intel64 Family 6 Model 140 Stepping 1, GenuineIntel
TMP=C:\Users\bouch\AppData\Local\Temp
TEMP=C:\Users\bouch\AppData\Local\Temp




Periodic native trim disabled

---------------  S Y S T E M  ---------------

OS:
 Windows 10 , 64 bit Build 19041 (10.0.19041.5678)
OS uptime: 0 days 1:54 hours
Hyper-V role detected

CPU: total 8 (initial active 8) (4 cores per cpu, 2 threads per core) family 6 model 140 stepping 1 microcode 0xb8, cx8, cmov, fxsr, ht, mmx, 3dnowpref, sse, sse2, sse3, ssse3, sse4.1, sse4.2, popcnt, lzcnt, tsc, tscinvbit, avx, avx2, aes, erms, clmul, bmi1, bmi2, adx, avx512f, avx512dq, avx512cd, avx512bw, avx512vl, sha, fma, vzeroupper, avx512_vpopcntdq, avx512_vpclmulqdq, avx512_vaes, avx512_vnni, clflush, clflushopt, clwb, avx512_vbmi2, avx512_vbmi, hv, rdtscp, rdpid, fsrm, gfni, avx512_bitalg, f16c, cet_ibt, cet_ss, avx512_ifma
Processor Information for the first 8 processors :
  Max Mhz: 3302, Current Mhz: 3302, Mhz Limit: 3302

Memory: 4k page, system-wide physical 16129M (528M free)
TotalPageFile size 20225M (AvailPageFile size 15M)
current process WorkingSet (physical memory assigned to process): 249M, peak: 253M
current process commit charge ("private bytes"): 322M, peak: 327M

vm_info: OpenJDK 64-Bit Server VM (21.0.6+7-LTS) for windows-amd64 JRE (21.0.6+7-LTS), built on 2025-01-21T00:00:00Z by "admin" with MS VC++ 17.7 (VS2022)

END.
