#
# There is insufficient memory for the Java Runtime Environment to continue.
# Native memory allocation (malloc) failed to allocate 32784 bytes. Error detail: Chunk::new
# Possible reasons:
#   The system is out of physical RAM or swap space
#   This process is running with CompressedOops enabled, and the Java Heap may be blocking the growth of the native heap
# Possible solutions:
#   Reduce memory load on the system
#   Increase physical memory or swap space
#   Check if swap backing store is full
#   Decrease Java heap size (-Xmx/-Xms)
#   Decrease number of Java threads
#   Decrease Java thread stack sizes (-Xss)
#   Set larger code cache with -XX:ReservedCodeCacheSize=
#   JVM is running with Unscaled Compressed Oops mode in which the Java heap is
#     placed in the first 4GB address space. The Java Heap base address is the
#     maximum limit for the native heap growth. Please use -XX:HeapBaseMinAddress
#     to set the Java Heap base and to place the Java Heap above 4GB virtual address.
# This output file may be truncated or incomplete.
#
#  Out of Memory Error (arena.cpp:168), pid=15680, tid=5780
#
# JRE version: OpenJDK Runtime Environment Temurin-21.0.6+7 (21.0.6+7) (build 21.0.6+7-LTS)
# Java VM: OpenJDK 64-Bit Server VM Temurin-21.0.6+7 (21.0.6+7-LTS, mixed mode, sharing, tiered, compressed oops, compressed class ptrs, parallel gc, windows-amd64)
# No core dump will be written. Minidumps are not enabled by default on client versions of Windows
#

---------------  S U M M A R Y ------------

Command Line: --add-modules=ALL-SYSTEM --add-opens=java.base/java.util=ALL-UNNAMED --add-opens=java.base/java.lang=ALL-UNNAMED --add-opens=java.base/sun.nio.fs=ALL-UNNAMED -Declipse.application=org.eclipse.jdt.ls.core.id1 -Dosgi.bundles.defaultStartLevel=4 -Declipse.product=org.eclipse.jdt.ls.core.product -Djava.import.generatesMetadataFilesAtProjectRoot=false -DDetectVMInstallationsJob.disabled=true -Dfile.encoding=utf8 -XX:+UseParallelGC -XX:GCTimeRatio=4 -XX:AdaptiveSizePolicyWeight=90 -Dsun.zip.disableMemoryMapping=true -Xmx1G -Xms100m -Xlog:disable -javaagent:c:\Users\bouch\.cursor\extensions\redhat.java-1.41.1-win32-x64\lombok\lombok-1.18.36.jar c:\Users\bouch\.cursor\extensions\redhat.java-1.41.1-win32-x64\server\plugins\org.eclipse.equinox.launcher_1.7.0.v20250331-1702.jar -configuration c:\Users\bouch\AppData\Roaming\Cursor\User\globalStorage\redhat.java\1.41.1\config_ss_win -data c:\Users\bouch\AppData\Roaming\Cursor\User\workspaceStorage\0926cdee763ccb7bb212e6d916a0a387\redhat.java\ss_ws --pipe=\\.\pipe\lsp-62b7e43add1708432358cf3f02a2c684-sock

Host: 11th Gen Intel(R) Core(TM) i7-11370H @ 3.30GHz, 8 cores, 15G,  Windows 10 , 64 bit Build 19041 (10.0.19041.5678)
Time: Fri Apr 11 06:23:18 2025 W. Central Africa Standard Time elapsed time: 22.587176 seconds (0d 0h 0m 22s)

---------------  T H R E A D  ---------------

Current thread (0x00000229fffc1100):  JavaThread "C2 CompilerThread0" daemon [_thread_in_native, id=5780, stack(0x0000004220000000,0x0000004220100000) (1024K)]


Current CompileTask:
C2:22587 7948   !   4       org.eclipse.osgi.internal.loader.BundleLoader::findRequiredSource (283 bytes)

Stack: [0x0000004220000000,0x0000004220100000]
Native frames: (J=compiled Java code, j=interpreted, Vv=VM code, C=native code)
V  [jvm.dll+0x6cdee9]
V  [jvm.dll+0x8a83d1]
V  [jvm.dll+0x8aa8fe]
V  [jvm.dll+0x8aafe3]
V  [jvm.dll+0x27f706]
V  [jvm.dll+0xc500d]
V  [jvm.dll+0xc5543]
V  [jvm.dll+0xc5135]
V  [jvm.dll+0x6a954c]
V  [jvm.dll+0x5e362e]
V  [jvm.dll+0x5e30f3]
V  [jvm.dll+0x5e2af8]
V  [jvm.dll+0x5e59c7]
V  [jvm.dll+0x5e5539]
V  [jvm.dll+0x5e4d8e]
V  [jvm.dll+0x5e4d55]
V  [jvm.dll+0x5e4da1]
V  [jvm.dll+0x5e4da1]
V  [jvm.dll+0x5e4da1]
V  [jvm.dll+0x5e4da1]
V  [jvm.dll+0x5e4da1]
V  [jvm.dll+0x5e4d55]
V  [jvm.dll+0x5e4da1]
V  [jvm.dll+0x5e4da1]
V  [jvm.dll+0x5e4da1]
V  [jvm.dll+0x5e4da1]
V  [jvm.dll+0x5e4d55]
V  [jvm.dll+0x5e4da1]
V  [jvm.dll+0x5f7195]
V  [jvm.dll+0x250bb2]
V  [jvm.dll+0x249526]
V  [jvm.dll+0x246ec4]
V  [jvm.dll+0x1c75ee]
V  [jvm.dll+0x25685a]
V  [jvm.dll+0x254dfa]
V  [jvm.dll+0x3f0256]
V  [jvm.dll+0x851f8b]
V  [jvm.dll+0x6cc5ed]
C  [ucrtbase.dll+0x21bb2]
C  [KERNEL32.DLL+0x17374]
C  [ntdll.dll+0x4cc91]


---------------  P R O C E S S  ---------------

Threads class SMR info:
_java_thread_list=0x00000229cbef7700, length=33, elements={
0x00000229edc02c70, 0x00000229fffb05b0, 0x00000229fffb1180, 0x00000229fffb7aa0,
0x00000229fffb9980, 0x00000229fffbdc50, 0x00000229fffbfcc0, 0x00000229fffc1100,
0x00000229fffcca70, 0x00000229c4a37bb0, 0x00000229c4d41e70, 0x00000229c954bc00,
0x00000229c96f8400, 0x00000229c96f9e40, 0x00000229c96f69c0, 0x00000229c96f7050,
0x00000229c96f76e0, 0x00000229c96f8a90, 0x00000229c96f97b0, 0x00000229c96f7d70,
0x00000229caeb1500, 0x00000229caeb07e0, 0x00000229caeaeda0, 0x00000229caeaf430,
0x00000229caeac640, 0x00000229caeabfb0, 0x00000229caead9f0, 0x00000229caeb1b90,
0x00000229caeb0150, 0x00000229caeaac00, 0x00000229caeaccd0, 0x00000229caeae710,
0x00000229caeb0e70
}

Java Threads: ( => current thread )
  0x00000229edc02c70 JavaThread "main"                              [_thread_blocked, id=23504, stack(0x000000421f600000,0x000000421f700000) (1024K)]
  0x00000229fffb05b0 JavaThread "Reference Handler"          daemon [_thread_blocked, id=16784, stack(0x000000421fa00000,0x000000421fb00000) (1024K)]
  0x00000229fffb1180 JavaThread "Finalizer"                  daemon [_thread_blocked, id=7396, stack(0x000000421fb00000,0x000000421fc00000) (1024K)]
  0x00000229fffb7aa0 JavaThread "Signal Dispatcher"          daemon [_thread_blocked, id=22812, stack(0x000000421fc00000,0x000000421fd00000) (1024K)]
  0x00000229fffb9980 JavaThread "Attach Listener"            daemon [_thread_blocked, id=3852, stack(0x000000421fd00000,0x000000421fe00000) (1024K)]
  0x00000229fffbdc50 JavaThread "Service Thread"             daemon [_thread_blocked, id=1892, stack(0x000000421fe00000,0x000000421ff00000) (1024K)]
  0x00000229fffbfcc0 JavaThread "Monitor Deflation Thread"   daemon [_thread_blocked, id=24148, stack(0x000000421ff00000,0x0000004220000000) (1024K)]
=>0x00000229fffc1100 JavaThread "C2 CompilerThread0"         daemon [_thread_in_native, id=5780, stack(0x0000004220000000,0x0000004220100000) (1024K)]
  0x00000229fffcca70 JavaThread "C1 CompilerThread0"         daemon [_thread_blocked, id=10224, stack(0x0000004220100000,0x0000004220200000) (1024K)]
  0x00000229c4a37bb0 JavaThread "Common-Cleaner"             daemon [_thread_blocked, id=15324, stack(0x0000004220200000,0x0000004220300000) (1024K)]
  0x00000229c4d41e70 JavaThread "Notification Thread"        daemon [_thread_blocked, id=15248, stack(0x0000004220400000,0x0000004220500000) (1024K)]
  0x00000229c954bc00 JavaThread "JNA Cleaner"                daemon [_thread_blocked, id=22536, stack(0x0000004221000000,0x0000004221100000) (1024K)]
  0x00000229c96f8400 JavaThread "Thread-2"                   daemon [_thread_in_native, id=7816, stack(0x0000004221500000,0x0000004221600000) (1024K)]
  0x00000229c96f9e40 JavaThread "Thread-3"                   daemon [_thread_in_native, id=17312, stack(0x0000004221700000,0x0000004221800000) (1024K)]
  0x00000229c96f69c0 JavaThread "Thread-4"                   daemon [_thread_in_native, id=2004, stack(0x0000004221800000,0x0000004221900000) (1024K)]
  0x00000229c96f7050 JavaThread "Thread-5"                   daemon [_thread_in_native, id=23132, stack(0x0000004221900000,0x0000004221a00000) (1024K)]
  0x00000229c96f76e0 JavaThread "Thread-6"                   daemon [_thread_in_native, id=12132, stack(0x0000004221a00000,0x0000004221b00000) (1024K)]
  0x00000229c96f8a90 JavaThread "Thread-7"                   daemon [_thread_in_native, id=16424, stack(0x0000004221b00000,0x0000004221c00000) (1024K)]
  0x00000229c96f97b0 JavaThread "Thread-8"                   daemon [_thread_in_native, id=21824, stack(0x0000004221c00000,0x0000004221d00000) (1024K)]
  0x00000229c96f7d70 JavaThread "Thread-9"                   daemon [_thread_in_native, id=15756, stack(0x0000004221d00000,0x0000004221e00000) (1024K)]
  0x00000229caeb1500 JavaThread "Thread-10"                  daemon [_thread_in_native, id=1804, stack(0x0000004221e00000,0x0000004221f00000) (1024K)]
  0x00000229caeb07e0 JavaThread "pool-2-thread-1"                   [_thread_blocked, id=19540, stack(0x0000004221f00000,0x0000004222000000) (1024K)]
  0x00000229caeaeda0 JavaThread "WorkspaceEventsHandler"            [_thread_blocked, id=24572, stack(0x0000004222100000,0x0000004222200000) (1024K)]
  0x00000229caeaf430 JavaThread "pool-1-thread-1"                   [_thread_blocked, id=19804, stack(0x0000004222200000,0x0000004222300000) (1024K)]
  0x00000229caeac640 JavaThread "ForkJoinPool.commonPool-worker-1" daemon [_thread_blocked, id=18484, stack(0x0000004222300000,0x0000004222400000) (1024K)]
  0x00000229caeabfb0 JavaThread "ForkJoinPool.commonPool-worker-2" daemon [_thread_blocked, id=16712, stack(0x0000004222400000,0x0000004222500000) (1024K)]
  0x00000229caead9f0 JavaThread "Compiler Source File Reader" daemon [_thread_blocked, id=6948, stack(0x0000004220500000,0x0000004220600000) (1024K)]
  0x00000229caeb1b90 JavaThread "Compiler Processing Task"   daemon [_thread_blocked, id=19800, stack(0x0000004221600000,0x0000004221700000) (1024K)]
  0x00000229caeb0150 JavaThread "Compiler Source File Reader" daemon [_thread_blocked, id=21144, stack(0x0000004222600000,0x0000004222700000) (1024K)]
  0x00000229caeaac00 JavaThread "Compiler Source File Reader" daemon [_thread_blocked, id=19788, stack(0x0000004221400000,0x0000004221500000) (1024K)]
  0x00000229caeaccd0 JavaThread "Compiler Source File Reader" daemon [_thread_blocked, id=21592, stack(0x0000004222500000,0x0000004222600000) (1024K)]
  0x00000229caeae710 JavaThread "Compiler Source File Reader" daemon [_thread_blocked, id=14052, stack(0x0000004222700000,0x0000004222800000) (1024K)]
  0x00000229caeb0e70 JavaThread "pool-3-thread-1"                   [_thread_blocked, id=15376, stack(0x0000004222800000,0x0000004222900000) (1024K)]
Total: 33

Other Threads:
  0x00000229fffa25d0 VMThread "VM Thread"                           [id=8828, stack(0x000000421f900000,0x000000421fa00000) (1024K)]
  0x00000229edc6dad0 WatcherThread "VM Periodic Task Thread"        [id=3584, stack(0x000000421f800000,0x000000421f900000) (1024K)]
  0x00000229edc224d0 WorkerThread "GC Thread#0"                     [id=9680, stack(0x000000421f700000,0x000000421f800000) (1024K)]
  0x00000229c914af10 WorkerThread "GC Thread#1"                     [id=2948, stack(0x0000004220600000,0x0000004220700000) (1024K)]
  0x00000229c918d5c0 WorkerThread "GC Thread#2"                     [id=21348, stack(0x0000004220700000,0x0000004220800000) (1024K)]
  0x00000229c918d960 WorkerThread "GC Thread#3"                     [id=15752, stack(0x0000004220800000,0x0000004220900000) (1024K)]
  0x00000229c907c2a0 WorkerThread "GC Thread#4"                     [id=12792, stack(0x0000004220900000,0x0000004220a00000) (1024K)]
  0x00000229c907c640 WorkerThread "GC Thread#5"                     [id=18324, stack(0x0000004220a00000,0x0000004220b00000) (1024K)]
  0x00000229c907c9e0 WorkerThread "GC Thread#6"                     [id=9224, stack(0x0000004220b00000,0x0000004220c00000) (1024K)]
  0x00000229c9642d80 WorkerThread "GC Thread#7"                     [id=1192, stack(0x0000004220300000,0x0000004220400000) (1024K)]
Total: 10

Threads with active compile tasks:
C2 CompilerThread0  22638 7948   !   4       org.eclipse.osgi.internal.loader.BundleLoader::findRequiredSource (283 bytes)
Total: 1

VM state: not at safepoint (normal execution)

VM Mutex/Monitor currently owned by a thread: None

Heap address: 0x00000000c0000000, size: 1024 MB, Compressed Oops mode: 32-bit

CDS archive(s) mapped at: [0x0000022982000000-0x0000022982ba0000-0x0000022982ba0000), size 12189696, SharedBaseAddress: 0x0000022982000000, ArchiveRelocationMode: 1.
Compressed class space mapped at: 0x0000022983000000-0x00000229c3000000, reserved size: 1073741824
Narrow klass base: 0x0000022982000000, Narrow klass shift: 0, Narrow klass range: 0x100000000

GC Precious Log:
 CardTable entry size: 512
 CPUs: 8 total, 8 available
 Memory: 16129M
 Large Page Support: Disabled
 NUMA Support: Disabled
 Compressed Oops: Enabled (32-bit)
 Alignments: Space 512K, Generation 512K, Heap 2M
 Heap Min Capacity: 100M
 Heap Initial Capacity: 100M
 Heap Max Capacity: 1G
 Pre-touch: Disabled
 Parallel Workers: 8

Heap:
 PSYoungGen      total 20992K, used 6778K [0x00000000eab00000, 0x00000000ec200000, 0x0000000100000000)
  eden space 19968K, 30% used [0x00000000eab00000,0x00000000eb0de978,0x00000000ebe80000)
  from space 1024K, 75% used [0x00000000ec100000,0x00000000ec1c0020,0x00000000ec200000)
  to   space 1024K, 0% used [0x00000000ec000000,0x00000000ec000000,0x00000000ec100000)
 ParOldGen       total 68608K, used 41750K [0x00000000c0000000, 0x00000000c4300000, 0x00000000eab00000)
  object space 68608K, 60% used [0x00000000c0000000,0x00000000c28c5b50,0x00000000c4300000)
 Metaspace       used 46131K, committed 47232K, reserved 1114112K
  class space    used 4395K, committed 4864K, reserved 1048576K

Card table byte_map: [0x00000229ed5b0000,0x00000229ed7c0000] _byte_map_base: 0x00000229ecfb0000

Marking Bits: (ParMarkBitMap*) 0x00007ffa660f3260
 Begin Bits: [0x0000022980000000, 0x0000022981000000)
 End Bits:   [0x0000022981000000, 0x0000022982000000)

Polling page: 0x00000229eb9f0000

Metaspace:

Usage:
  Non-class:     40.76 MB used.
      Class:      4.29 MB used.
       Both:     45.05 MB used.

Virtual space:
  Non-class space:       64.00 MB reserved,      41.38 MB ( 65%) committed,  1 nodes.
      Class space:        1.00 GB reserved,       4.75 MB ( <1%) committed,  1 nodes.
             Both:        1.06 GB reserved,      46.12 MB (  4%) committed. 

Chunk freelists:
   Non-Class:  6.63 MB
       Class:  11.07 MB
        Both:  17.70 MB

MaxMetaspaceSize: unlimited
CompressedClassSpaceSize: 1.00 GB
Initial GC threshold: 21.00 MB
Current GC threshold: 58.38 MB
CDS: on
 - commit_granule_bytes: 65536.
 - commit_granule_words: 8192.
 - virtual_space_node_default_size: 8388608.
 - enlarge_chunks_in_place: 1.
 - use_allocation_guard: 0.


Internal statistics:

num_allocs_failed_limit: 6.
num_arena_births: 998.
num_arena_deaths: 48.
num_vsnodes_births: 2.
num_vsnodes_deaths: 0.
num_space_committed: 738.
num_space_uncommitted: 0.
num_chunks_returned_to_freelist: 67.
num_chunks_taken_from_freelist: 3053.
num_chunk_merges: 15.
num_chunk_splits: 1906.
num_chunks_enlarged: 1146.
num_inconsistent_stats: 0.

CodeHeap 'non-profiled nmethods': size=120000Kb used=5278Kb max_used=5278Kb free=114721Kb
 bounds [0x00000229f88d0000, 0x00000229f8e00000, 0x00000229ffe00000]
CodeHeap 'profiled nmethods': size=120000Kb used=18028Kb max_used=18028Kb free=101971Kb
 bounds [0x00000229f0e00000, 0x00000229f1fa0000, 0x00000229f8330000]
CodeHeap 'non-nmethods': size=5760Kb used=1431Kb max_used=1508Kb free=4328Kb
 bounds [0x00000229f8330000, 0x00000229f85a0000, 0x00000229f88d0000]
 total_blobs=8325 nmethods=7595 adapters=633
 compilation: enabled
              stopped_count=0, restarted_count=0
 full_count=0

Compilation events (20 events):
Event: 22.570 Thread 0x00000229fffcca70 7977       3       java.util.Formatter::<init> (15 bytes)
Event: 22.570 Thread 0x00000229fffcca70 nmethod 7977 0x00000229f1f92010 code [0x00000229f1f921c0, 0x00000229f1f92358]
Event: 22.571 Thread 0x00000229fffcca70 7978       3       org.eclipse.osgi.internal.log.ExtendedLogReaderServiceFactory::incrementNestedCount (17 bytes)
Event: 22.571 Thread 0x00000229fffcca70 nmethod 7978 0x00000229f1f92410 code [0x00000229f1f92600, 0x00000229f1f92b08]
Event: 22.571 Thread 0x00000229fffcca70 7979       3       org.eclipse.osgi.internal.log.ExtendedLogReaderServiceFactory::decrementNestedCount (21 bytes)
Event: 22.571 Thread 0x00000229fffcca70 nmethod 7979 0x00000229f1f92d10 code [0x00000229f1f92f00, 0x00000229f1f93478]
Event: 22.577 Thread 0x00000229fffcca70 7980       3       org.eclipse.osgi.framework.eventmgr.CopyOnWriteIdentityMap::empty (4 bytes)
Event: 22.578 Thread 0x00000229fffcca70 nmethod 7980 0x00000229f1f93690 code [0x00000229f1f93820, 0x00000229f1f93918]
Event: 22.578 Thread 0x00000229fffcca70 7981       3       org.eclipse.osgi.framework.eventmgr.CopyOnWriteIdentityMap::<init> (12 bytes)
Event: 22.578 Thread 0x00000229fffcca70 nmethod 7981 0x00000229f1f93990 code [0x00000229f1f93b40, 0x00000229f1f93d30]
Event: 22.579 Thread 0x00000229fffcca70 7982       1       org.eclipse.osgi.internal.serviceregistry.ServiceUse::getLock (5 bytes)
Event: 22.579 Thread 0x00000229fffcca70 nmethod 7982 0x00000229f8df7290 code [0x00000229f8df7420, 0x00000229f8df74e8]
Event: 22.580 Thread 0x00000229fffcca70 7983       3       org.eclipse.osgi.framework.eventmgr.ListenerQueue::<init> (38 bytes)
Event: 22.580 Thread 0x00000229fffcca70 nmethod 7983 0x00000229f1f93e10 code [0x00000229f1f93fe0, 0x00000229f1f94400]
Event: 22.580 Thread 0x00000229fffcca70 7984   !   3       org.eclipse.osgi.internal.framework.EquinoxEventPublisher::newListenerQueue (24 bytes)
Event: 22.581 Thread 0x00000229fffcca70 nmethod 7984 0x00000229f1f94590 code [0x00000229f1f94740, 0x00000229f1f949e0]
Event: 22.583 Thread 0x00000229fffcca70 7985       3       org.eclipse.osgi.storage.BundleInfo$Generation::getDomain (6 bytes)
Event: 22.583 Thread 0x00000229fffcca70 nmethod 7985 0x00000229f1f94b10 code [0x00000229f1f94cc0, 0x00000229f1f94e00]
Event: 22.584 Thread 0x00000229fffcca70 7986       3       org.eclipse.core.internal.runtime.PlatformLogWriter::isLoggable (19 bytes)
Event: 22.584 Thread 0x00000229fffcca70 nmethod 7986 0x00000229f1f94e90 code [0x00000229f1f95080, 0x00000229f1f954d0]

GC Heap History (20 events):
Event: 8.248 GC heap before
{Heap before GC invocations=23 (full 2):
 PSYoungGen      total 23040K, used 22560K [0x00000000eab00000, 0x00000000ec380000, 0x0000000100000000)
  eden space 22016K, 100% used [0x00000000eab00000,0x00000000ec080000,0x00000000ec080000)
  from space 1024K, 53% used [0x00000000ec280000,0x00000000ec308000,0x00000000ec380000)
  to   space 1024K, 0% used [0x00000000ec180000,0x00000000ec180000,0x00000000ec280000)
 ParOldGen       total 68608K, used 29453K [0x00000000c0000000, 0x00000000c4300000, 0x00000000eab00000)
  object space 68608K, 42% used [0x00000000c0000000,0x00000000c1cc36e8,0x00000000c4300000)
 Metaspace       used 39807K, committed 40832K, reserved 1114112K
  class space    used 3917K, committed 4416K, reserved 1048576K
}
Event: 8.250 GC heap after
{Heap after GC invocations=23 (full 2):
 PSYoungGen      total 23040K, used 746K [0x00000000eab00000, 0x00000000ec300000, 0x0000000100000000)
  eden space 22016K, 0% used [0x00000000eab00000,0x00000000eab00000,0x00000000ec080000)
  from space 1024K, 72% used [0x00000000ec180000,0x00000000ec23a860,0x00000000ec280000)
  to   space 512K, 0% used [0x00000000ec280000,0x00000000ec280000,0x00000000ec300000)
 ParOldGen       total 68608K, used 29723K [0x00000000c0000000, 0x00000000c4300000, 0x00000000eab00000)
  object space 68608K, 43% used [0x00000000c0000000,0x00000000c1d06da0,0x00000000c4300000)
 Metaspace       used 39807K, committed 40832K, reserved 1114112K
  class space    used 3917K, committed 4416K, reserved 1048576K
}
Event: 9.443 GC heap before
{Heap before GC invocations=24 (full 2):
 PSYoungGen      total 23040K, used 22762K [0x00000000eab00000, 0x00000000ec300000, 0x0000000100000000)
  eden space 22016K, 100% used [0x00000000eab00000,0x00000000ec080000,0x00000000ec080000)
  from space 1024K, 72% used [0x00000000ec180000,0x00000000ec23a860,0x00000000ec280000)
  to   space 512K, 0% used [0x00000000ec280000,0x00000000ec280000,0x00000000ec300000)
 ParOldGen       total 68608K, used 29723K [0x00000000c0000000, 0x00000000c4300000, 0x00000000eab00000)
  object space 68608K, 43% used [0x00000000c0000000,0x00000000c1d06da0,0x00000000c4300000)
 Metaspace       used 42270K, committed 43328K, reserved 1114112K
  class space    used 4160K, committed 4608K, reserved 1048576K
}
Event: 9.446 GC heap after
{Heap after GC invocations=24 (full 2):
 PSYoungGen      total 20480K, used 506K [0x00000000eab00000, 0x00000000ec880000, 0x0000000100000000)
  eden space 19968K, 0% used [0x00000000eab00000,0x00000000eab00000,0x00000000ebe80000)
  from space 512K, 98% used [0x00000000ec280000,0x00000000ec2fe980,0x00000000ec300000)
  to   space 4096K, 0% used [0x00000000ebe80000,0x00000000ebe80000,0x00000000ec280000)
 ParOldGen       total 68608K, used 32538K [0x00000000c0000000, 0x00000000c4300000, 0x00000000eab00000)
  object space 68608K, 47% used [0x00000000c0000000,0x00000000c1fc68d8,0x00000000c4300000)
 Metaspace       used 42270K, committed 43328K, reserved 1114112K
  class space    used 4160K, committed 4608K, reserved 1048576K
}
Event: 17.411 GC heap before
{Heap before GC invocations=25 (full 2):
 PSYoungGen      total 20480K, used 20474K [0x00000000eab00000, 0x00000000ec880000, 0x0000000100000000)
  eden space 19968K, 100% used [0x00000000eab00000,0x00000000ebe80000,0x00000000ebe80000)
  from space 512K, 98% used [0x00000000ec280000,0x00000000ec2fe980,0x00000000ec300000)
  to   space 4096K, 0% used [0x00000000ebe80000,0x00000000ebe80000,0x00000000ec280000)
 ParOldGen       total 68608K, used 32538K [0x00000000c0000000, 0x00000000c4300000, 0x00000000eab00000)
  object space 68608K, 47% used [0x00000000c0000000,0x00000000c1fc68d8,0x00000000c4300000)
 Metaspace       used 43622K, committed 44672K, reserved 1114112K
  class space    used 4251K, committed 4672K, reserved 1048576K
}
Event: 17.414 GC heap after
{Heap after GC invocations=25 (full 2):
 PSYoungGen      total 22528K, used 2096K [0x00000000eab00000, 0x00000000ec380000, 0x0000000100000000)
  eden space 19968K, 0% used [0x00000000eab00000,0x00000000eab00000,0x00000000ebe80000)
  from space 2560K, 81% used [0x00000000ebe80000,0x00000000ec08c050,0x00000000ec100000)
  to   space 2560K, 0% used [0x00000000ec100000,0x00000000ec100000,0x00000000ec380000)
 ParOldGen       total 68608K, used 33022K [0x00000000c0000000, 0x00000000c4300000, 0x00000000eab00000)
  object space 68608K, 48% used [0x00000000c0000000,0x00000000c203faf8,0x00000000c4300000)
 Metaspace       used 43622K, committed 44672K, reserved 1114112K
  class space    used 4251K, committed 4672K, reserved 1048576K
}
Event: 18.224 GC heap before
{Heap before GC invocations=26 (full 2):
 PSYoungGen      total 22528K, used 22064K [0x00000000eab00000, 0x00000000ec380000, 0x0000000100000000)
  eden space 19968K, 100% used [0x00000000eab00000,0x00000000ebe80000,0x00000000ebe80000)
  from space 2560K, 81% used [0x00000000ebe80000,0x00000000ec08c050,0x00000000ec100000)
  to   space 2560K, 0% used [0x00000000ec100000,0x00000000ec100000,0x00000000ec380000)
 ParOldGen       total 68608K, used 33022K [0x00000000c0000000, 0x00000000c4300000, 0x00000000eab00000)
  object space 68608K, 48% used [0x00000000c0000000,0x00000000c203faf8,0x00000000c4300000)
 Metaspace       used 44451K, committed 45440K, reserved 1114112K
  class space    used 4316K, committed 4736K, reserved 1048576K
}
Event: 18.227 GC heap after
{Heap after GC invocations=26 (full 2):
 PSYoungGen      total 21504K, used 1280K [0x00000000eab00000, 0x00000000ec280000, 0x0000000100000000)
  eden space 19968K, 0% used [0x00000000eab00000,0x00000000eab00000,0x00000000ebe80000)
  from space 1536K, 83% used [0x00000000ec100000,0x00000000ec240040,0x00000000ec280000)
  to   space 2048K, 0% used [0x00000000ebe80000,0x00000000ebe80000,0x00000000ec080000)
 ParOldGen       total 68608K, used 34959K [0x00000000c0000000, 0x00000000c4300000, 0x00000000eab00000)
  object space 68608K, 50% used [0x00000000c0000000,0x00000000c2223db0,0x00000000c4300000)
 Metaspace       used 44451K, committed 45440K, reserved 1114112K
  class space    used 4316K, committed 4736K, reserved 1048576K
}
Event: 18.456 GC heap before
{Heap before GC invocations=27 (full 2):
 PSYoungGen      total 21504K, used 21248K [0x00000000eab00000, 0x00000000ec280000, 0x0000000100000000)
  eden space 19968K, 100% used [0x00000000eab00000,0x00000000ebe80000,0x00000000ebe80000)
  from space 1536K, 83% used [0x00000000ec100000,0x00000000ec240040,0x00000000ec280000)
  to   space 2048K, 0% used [0x00000000ebe80000,0x00000000ebe80000,0x00000000ec080000)
 ParOldGen       total 68608K, used 34959K [0x00000000c0000000, 0x00000000c4300000, 0x00000000eab00000)
  object space 68608K, 50% used [0x00000000c0000000,0x00000000c2223db0,0x00000000c4300000)
 Metaspace       used 44850K, committed 45952K, reserved 1114112K
  class space    used 4322K, committed 4800K, reserved 1048576K
}
Event: 18.458 GC heap after
{Heap after GC invocations=27 (full 2):
 PSYoungGen      total 22016K, used 2016K [0x00000000eab00000, 0x00000000ec680000, 0x0000000100000000)
  eden space 19968K, 0% used [0x00000000eab00000,0x00000000eab00000,0x00000000ebe80000)
  from space 2048K, 98% used [0x00000000ebe80000,0x00000000ec078040,0x00000000ec080000)
  to   space 4096K, 0% used [0x00000000ec280000,0x00000000ec280000,0x00000000ec680000)
 ParOldGen       total 68608K, used 36191K [0x00000000c0000000, 0x00000000c4300000, 0x00000000eab00000)
  object space 68608K, 52% used [0x00000000c0000000,0x00000000c2357fb0,0x00000000c4300000)
 Metaspace       used 44850K, committed 45952K, reserved 1114112K
  class space    used 4322K, committed 4800K, reserved 1048576K
}
Event: 18.647 GC heap before
{Heap before GC invocations=28 (full 2):
 PSYoungGen      total 22016K, used 21984K [0x00000000eab00000, 0x00000000ec680000, 0x0000000100000000)
  eden space 19968K, 100% used [0x00000000eab00000,0x00000000ebe80000,0x00000000ebe80000)
  from space 2048K, 98% used [0x00000000ebe80000,0x00000000ec078040,0x00000000ec080000)
  to   space 4096K, 0% used [0x00000000ec280000,0x00000000ec280000,0x00000000ec680000)
 ParOldGen       total 68608K, used 36191K [0x00000000c0000000, 0x00000000c4300000, 0x00000000eab00000)
  object space 68608K, 52% used [0x00000000c0000000,0x00000000c2357fb0,0x00000000c4300000)
 Metaspace       used 45065K, committed 46144K, reserved 1114112K
  class space    used 4329K, committed 4800K, reserved 1048576K
}
Event: 18.649 GC heap after
{Heap after GC invocations=28 (full 2):
 PSYoungGen      total 22016K, used 1600K [0x00000000eab00000, 0x00000000ec480000, 0x0000000100000000)
  eden space 19968K, 0% used [0x00000000eab00000,0x00000000eab00000,0x00000000ebe80000)
  from space 2048K, 78% used [0x00000000ec280000,0x00000000ec410040,0x00000000ec480000)
  to   space 2560K, 0% used [0x00000000ebf80000,0x00000000ebf80000,0x00000000ec200000)
 ParOldGen       total 68608K, used 38155K [0x00000000c0000000, 0x00000000c4300000, 0x00000000eab00000)
  object space 68608K, 55% used [0x00000000c0000000,0x00000000c2542f78,0x00000000c4300000)
 Metaspace       used 45065K, committed 46144K, reserved 1114112K
  class space    used 4329K, committed 4800K, reserved 1048576K
}
Event: 18.792 GC heap before
{Heap before GC invocations=29 (full 2):
 PSYoungGen      total 22016K, used 21568K [0x00000000eab00000, 0x00000000ec480000, 0x0000000100000000)
  eden space 19968K, 100% used [0x00000000eab00000,0x00000000ebe80000,0x00000000ebe80000)
  from space 2048K, 78% used [0x00000000ec280000,0x00000000ec410040,0x00000000ec480000)
  to   space 2560K, 0% used [0x00000000ebf80000,0x00000000ebf80000,0x00000000ec200000)
 ParOldGen       total 68608K, used 38155K [0x00000000c0000000, 0x00000000c4300000, 0x00000000eab00000)
  object space 68608K, 55% used [0x00000000c0000000,0x00000000c2542f78,0x00000000c4300000)
 Metaspace       used 45201K, committed 46272K, reserved 1114112K
  class space    used 4331K, committed 4800K, reserved 1048576K
}
Event: 18.793 GC heap after
{Heap after GC invocations=29 (full 2):
 PSYoungGen      total 20992K, used 608K [0x00000000eab00000, 0x00000000ec300000, 0x0000000100000000)
  eden space 19968K, 0% used [0x00000000eab00000,0x00000000eab00000,0x00000000ebe80000)
  from space 1024K, 59% used [0x00000000ebf80000,0x00000000ec018000,0x00000000ec080000)
  to   space 1536K, 0% used [0x00000000ec180000,0x00000000ec180000,0x00000000ec300000)
 ParOldGen       total 68608K, used 39577K [0x00000000c0000000, 0x00000000c4300000, 0x00000000eab00000)
  object space 68608K, 57% used [0x00000000c0000000,0x00000000c26a6758,0x00000000c4300000)
 Metaspace       used 45201K, committed 46272K, reserved 1114112K
  class space    used 4331K, committed 4800K, reserved 1048576K
}
Event: 19.122 GC heap before
{Heap before GC invocations=30 (full 2):
 PSYoungGen      total 20992K, used 20576K [0x00000000eab00000, 0x00000000ec300000, 0x0000000100000000)
  eden space 19968K, 100% used [0x00000000eab00000,0x00000000ebe80000,0x00000000ebe80000)
  from space 1024K, 59% used [0x00000000ebf80000,0x00000000ec018000,0x00000000ec080000)
  to   space 1536K, 0% used [0x00000000ec180000,0x00000000ec180000,0x00000000ec300000)
 ParOldGen       total 68608K, used 39577K [0x00000000c0000000, 0x00000000c4300000, 0x00000000eab00000)
  object space 68608K, 57% used [0x00000000c0000000,0x00000000c26a6758,0x00000000c4300000)
 Metaspace       used 45380K, committed 46464K, reserved 1114112K
  class space    used 4333K, committed 4800K, reserved 1048576K
}
Event: 19.124 GC heap after
{Heap after GC invocations=30 (full 2):
 PSYoungGen      total 21504K, used 1504K [0x00000000eab00000, 0x00000000ec380000, 0x0000000100000000)
  eden space 19968K, 0% used [0x00000000eab00000,0x00000000eab00000,0x00000000ebe80000)
  from space 1536K, 97% used [0x00000000ec180000,0x00000000ec2f8100,0x00000000ec300000)
  to   space 2560K, 0% used [0x00000000ebe80000,0x00000000ebe80000,0x00000000ec100000)
 ParOldGen       total 68608K, used 40104K [0x00000000c0000000, 0x00000000c4300000, 0x00000000eab00000)
  object space 68608K, 58% used [0x00000000c0000000,0x00000000c272a1c8,0x00000000c4300000)
 Metaspace       used 45380K, committed 46464K, reserved 1114112K
  class space    used 4333K, committed 4800K, reserved 1048576K
}
Event: 19.362 GC heap before
{Heap before GC invocations=31 (full 2):
 PSYoungGen      total 21504K, used 21472K [0x00000000eab00000, 0x00000000ec380000, 0x0000000100000000)
  eden space 19968K, 100% used [0x00000000eab00000,0x00000000ebe80000,0x00000000ebe80000)
  from space 1536K, 97% used [0x00000000ec180000,0x00000000ec2f8100,0x00000000ec300000)
  to   space 2560K, 0% used [0x00000000ebe80000,0x00000000ebe80000,0x00000000ec100000)
 ParOldGen       total 68608K, used 40104K [0x00000000c0000000, 0x00000000c4300000, 0x00000000eab00000)
  object space 68608K, 58% used [0x00000000c0000000,0x00000000c272a1c8,0x00000000c4300000)
 Metaspace       used 45518K, committed 46592K, reserved 1114112K
  class space    used 4333K, committed 4800K, reserved 1048576K
}
Event: 19.363 GC heap after
{Heap after GC invocations=31 (full 2):
 PSYoungGen      total 22528K, used 320K [0x00000000eab00000, 0x00000000ec200000, 0x0000000100000000)
  eden space 19968K, 0% used [0x00000000eab00000,0x00000000eab00000,0x00000000ebe80000)
  from space 2560K, 12% used [0x00000000ebe80000,0x00000000ebed0000,0x00000000ec100000)
  to   space 1024K, 0% used [0x00000000ec100000,0x00000000ec100000,0x00000000ec200000)
 ParOldGen       total 68608K, used 41686K [0x00000000c0000000, 0x00000000c4300000, 0x00000000eab00000)
  object space 68608K, 60% used [0x00000000c0000000,0x00000000c28b5b50,0x00000000c4300000)
 Metaspace       used 45518K, committed 46592K, reserved 1114112K
  class space    used 4333K, committed 4800K, reserved 1048576K
}
Event: 19.560 GC heap before
{Heap before GC invocations=32 (full 2):
 PSYoungGen      total 22528K, used 20288K [0x00000000eab00000, 0x00000000ec200000, 0x0000000100000000)
  eden space 19968K, 100% used [0x00000000eab00000,0x00000000ebe80000,0x00000000ebe80000)
  from space 2560K, 12% used [0x00000000ebe80000,0x00000000ebed0000,0x00000000ec100000)
  to   space 1024K, 0% used [0x00000000ec100000,0x00000000ec100000,0x00000000ec200000)
 ParOldGen       total 68608K, used 41686K [0x00000000c0000000, 0x00000000c4300000, 0x00000000eab00000)
  object space 68608K, 60% used [0x00000000c0000000,0x00000000c28b5b50,0x00000000c4300000)
 Metaspace       used 45627K, committed 46720K, reserved 1114112K
  class space    used 4337K, committed 4800K, reserved 1048576K
}
Event: 19.561 GC heap after
{Heap after GC invocations=32 (full 2):
 PSYoungGen      total 20992K, used 768K [0x00000000eab00000, 0x00000000ec200000, 0x0000000100000000)
  eden space 19968K, 0% used [0x00000000eab00000,0x00000000eab00000,0x00000000ebe80000)
  from space 1024K, 75% used [0x00000000ec100000,0x00000000ec1c0020,0x00000000ec200000)
  to   space 1024K, 0% used [0x00000000ec000000,0x00000000ec000000,0x00000000ec100000)
 ParOldGen       total 68608K, used 41750K [0x00000000c0000000, 0x00000000c4300000, 0x00000000eab00000)
  object space 68608K, 60% used [0x00000000c0000000,0x00000000c28c5b50,0x00000000c4300000)
 Metaspace       used 45627K, committed 46720K, reserved 1114112K
  class space    used 4337K, committed 4800K, reserved 1048576K
}

Dll operation events (10 events):
Event: 0.010 Loaded shared library c:\Users\bouch\.cursor\extensions\redhat.java-1.41.1-win32-x64\jre\21.0.6-win32-x86_64\bin\java.dll
Event: 0.059 Loaded shared library c:\Users\bouch\.cursor\extensions\redhat.java-1.41.1-win32-x64\jre\21.0.6-win32-x86_64\bin\zip.dll
Event: 0.080 Loaded shared library C:\Users\bouch\.cursor\extensions\redhat.java-1.41.1-win32-x64\jre\21.0.6-win32-x86_64\bin\instrument.dll
Event: 0.084 Loaded shared library C:\Users\bouch\.cursor\extensions\redhat.java-1.41.1-win32-x64\jre\21.0.6-win32-x86_64\bin\net.dll
Event: 0.086 Loaded shared library C:\Users\bouch\.cursor\extensions\redhat.java-1.41.1-win32-x64\jre\21.0.6-win32-x86_64\bin\nio.dll
Event: 0.088 Loaded shared library C:\Users\bouch\.cursor\extensions\redhat.java-1.41.1-win32-x64\jre\21.0.6-win32-x86_64\bin\zip.dll
Event: 0.100 Loaded shared library C:\Users\bouch\.cursor\extensions\redhat.java-1.41.1-win32-x64\jre\21.0.6-win32-x86_64\bin\jimage.dll
Event: 0.161 Loaded shared library c:\Users\bouch\.cursor\extensions\redhat.java-1.41.1-win32-x64\jre\21.0.6-win32-x86_64\bin\verify.dll
Event: 1.326 Loaded shared library C:\Users\bouch\AppData\Roaming\Cursor\User\globalStorage\redhat.java\1.41.1\config_ss_win\org.eclipse.equinox.launcher\org.eclipse.equinox.launcher.win32.win32.x86_64_1.2.1300.v20250331-1702\eclipse_11911.dll
Event: 2.693 Loaded shared library C:\Users\bouch\AppData\Local\Temp\jna-93927469\jna35818241826812118.dll

Deoptimization events (20 events):
Event: 22.570 Thread 0x00000229caeb2220 Uncommon trap: trap_request=0xffffffde fr.pc=0x00000229f8df1ba8 relative=0x0000000000000be8
Event: 22.570 Thread 0x00000229caeb2220 Uncommon trap: reason=class_check action=maybe_recompile pc=0x00000229f8df1ba8 method=java.io.DataOutputStream.write([BII)V @ 7 c2
Event: 22.570 Thread 0x00000229caeb2220 DEOPT PACKING pc=0x00000229f8df1ba8 sp=0x00000042229fe560
Event: 22.570 Thread 0x00000229caeb2220 DEOPT UNPACKING pc=0x00000229f8386da2 sp=0x00000042229fe490 mode 2
Event: 22.570 Thread 0x00000229caeb2220 Uncommon trap: trap_request=0xffffffde fr.pc=0x00000229f8df1ba8 relative=0x0000000000000be8
Event: 22.570 Thread 0x00000229caeb2220 Uncommon trap: reason=class_check action=maybe_recompile pc=0x00000229f8df1ba8 method=java.io.DataOutputStream.write([BII)V @ 7 c2
Event: 22.570 Thread 0x00000229caeb2220 DEOPT PACKING pc=0x00000229f8df1ba8 sp=0x00000042229fe550
Event: 22.570 Thread 0x00000229caeb2220 DEOPT UNPACKING pc=0x00000229f8386da2 sp=0x00000042229fe480 mode 2
Event: 22.570 Thread 0x00000229caeb2220 Uncommon trap: trap_request=0xffffffde fr.pc=0x00000229f8df1ba8 relative=0x0000000000000be8
Event: 22.570 Thread 0x00000229caeb2220 Uncommon trap: reason=class_check action=maybe_recompile pc=0x00000229f8df1ba8 method=java.io.DataOutputStream.write([BII)V @ 7 c2
Event: 22.570 Thread 0x00000229caeb2220 DEOPT PACKING pc=0x00000229f8df1ba8 sp=0x00000042229fe550
Event: 22.570 Thread 0x00000229caeb2220 DEOPT UNPACKING pc=0x00000229f8386da2 sp=0x00000042229fe480 mode 2
Event: 22.570 Thread 0x00000229caeb2220 Uncommon trap: trap_request=0xffffffde fr.pc=0x00000229f8df1ba8 relative=0x0000000000000be8
Event: 22.570 Thread 0x00000229caeb2220 Uncommon trap: reason=class_check action=maybe_recompile pc=0x00000229f8df1ba8 method=java.io.DataOutputStream.write([BII)V @ 7 c2
Event: 22.570 Thread 0x00000229caeb2220 DEOPT PACKING pc=0x00000229f8df1ba8 sp=0x00000042229fe550
Event: 22.570 Thread 0x00000229caeb2220 DEOPT UNPACKING pc=0x00000229f8386da2 sp=0x00000042229fe480 mode 2
Event: 22.570 Thread 0x00000229caeb2220 Uncommon trap: trap_request=0xffffffde fr.pc=0x00000229f8df3e90 relative=0x0000000000000730
Event: 22.570 Thread 0x00000229caeb2220 Uncommon trap: reason=class_check action=maybe_recompile pc=0x00000229f8df3e90 method=java.io.DataOutputStream.write([BII)V @ 7 c2
Event: 22.570 Thread 0x00000229caeb2220 DEOPT PACKING pc=0x00000229f8df3e90 sp=0x00000042229fe490
Event: 22.570 Thread 0x00000229caeb2220 DEOPT UNPACKING pc=0x00000229f8386da2 sp=0x00000042229fe478 mode 2

Classes loaded (20 events):
Event: 22.310 Loading class java/util/stream/Nodes$CollectorTask done
Event: 22.310 Loading class java/util/stream/Nodes$CollectorTask$OfRef done
Event: 22.310 Loading class java/util/function/LongFunction
Event: 22.310 Loading class java/util/function/LongFunction done
Event: 22.310 Loading class java/util/stream/Nodes$ConcNode
Event: 22.310 Loading class java/util/stream/Nodes$AbstractConcNode
Event: 22.310 Loading class java/util/stream/Nodes$AbstractConcNode done
Event: 22.310 Loading class java/util/stream/Nodes$ConcNode done
Event: 22.313 Loading class java/util/zip/Deflater
Event: 22.314 Loading class java/util/zip/Deflater done
Event: 22.316 Loading class java/util/zip/Deflater$DeflaterZStreamRef
Event: 22.316 Loading class java/util/zip/Deflater$DeflaterZStreamRef done
Event: 22.495 Loading class java/lang/Throwable$WrappedPrintWriter
Event: 22.495 Loading class java/lang/Throwable$PrintStreamOrWriter
Event: 22.502 Loading class java/lang/Throwable$PrintStreamOrWriter done
Event: 22.502 Loading class java/lang/Throwable$WrappedPrintWriter done
Event: 22.559 Loading class java/util/Hashtable$KeySet
Event: 22.559 Loading class java/util/Hashtable$KeySet done
Event: 22.575 Loading class javax/security/auth/login/Configuration
Event: 22.575 Loading class javax/security/auth/login/Configuration done

Classes unloaded (20 events):
Event: 3.327 Thread 0x00000229fffa25d0 Unloading class 0x0000022983185c00 'java/lang/invoke/LambdaForm$BMH+0x0000022983185c00'
Event: 3.327 Thread 0x00000229fffa25d0 Unloading class 0x0000022983185800 'java/lang/invoke/LambdaForm$DMH+0x0000022983185800'
Event: 3.327 Thread 0x00000229fffa25d0 Unloading class 0x0000022983184400 'java/lang/invoke/LambdaForm$DMH+0x0000022983184400'
Event: 5.723 Thread 0x00000229fffa25d0 Unloading class 0x0000022983359c00 'java/lang/invoke/LambdaForm$MH+0x0000022983359c00'
Event: 5.723 Thread 0x00000229fffa25d0 Unloading class 0x0000022983359000 'java/lang/invoke/LambdaForm$MH+0x0000022983359000'
Event: 5.723 Thread 0x00000229fffa25d0 Unloading class 0x0000022983358c00 'java/lang/invoke/LambdaForm$MH+0x0000022983358c00'
Event: 5.723 Thread 0x00000229fffa25d0 Unloading class 0x0000022983357c00 'java/lang/invoke/LambdaForm$DMH+0x0000022983357c00'
Event: 5.723 Thread 0x00000229fffa25d0 Unloading class 0x0000022983357000 'java/lang/invoke/LambdaForm$MH+0x0000022983357000'
Event: 5.723 Thread 0x00000229fffa25d0 Unloading class 0x0000022983356800 'java/lang/invoke/LambdaForm$MH+0x0000022983356800'
Event: 5.723 Thread 0x00000229fffa25d0 Unloading class 0x0000022983355000 'java/lang/invoke/LambdaForm$MH+0x0000022983355000'
Event: 5.723 Thread 0x00000229fffa25d0 Unloading class 0x0000022983354800 'java/lang/invoke/LambdaForm$DMH+0x0000022983354800'
Event: 5.723 Thread 0x00000229fffa25d0 Unloading class 0x0000022983354000 'java/lang/invoke/LambdaForm$MH+0x0000022983354000'
Event: 5.723 Thread 0x00000229fffa25d0 Unloading class 0x0000022983353800 'java/lang/invoke/LambdaForm$MH+0x0000022983353800'
Event: 5.723 Thread 0x00000229fffa25d0 Unloading class 0x0000022983353400 'java/lang/invoke/LambdaForm$DMH+0x0000022983353400'
Event: 5.723 Thread 0x00000229fffa25d0 Unloading class 0x000002298334e800 'java/lang/invoke/LambdaForm$MH+0x000002298334e800'
Event: 5.723 Thread 0x00000229fffa25d0 Unloading class 0x000002298334e000 'java/lang/invoke/LambdaForm$MH+0x000002298334e000'
Event: 5.723 Thread 0x00000229fffa25d0 Unloading class 0x000002298334d800 'java/lang/invoke/LambdaForm$MH+0x000002298334d800'
Event: 5.723 Thread 0x00000229fffa25d0 Unloading class 0x000002298334d000 'java/lang/invoke/LambdaForm$MH+0x000002298334d000'
Event: 5.723 Thread 0x00000229fffa25d0 Unloading class 0x000002298334cc00 'java/lang/invoke/LambdaForm$MH+0x000002298334cc00'
Event: 5.723 Thread 0x00000229fffa25d0 Unloading class 0x000002298334c400 'java/lang/invoke/LambdaForm$DMH+0x000002298334c400'

Classes redefined (0 events):
No events

Internal exceptions (20 events):
Event: 8.390 Thread 0x00000229c979c5d0 Exception <a 'java/io/FileNotFoundException'{0x00000000ead9dc10}> (0x00000000ead9dc10) 
thrown [s\src\hotspot\share\prims\jni.cpp, line 520]
Event: 8.390 Thread 0x00000229c979c5d0 Exception <a 'java/io/FileNotFoundException'{0x00000000ead9ec38}> (0x00000000ead9ec38) 
thrown [s\src\hotspot\share\prims\jni.cpp, line 520]
Event: 8.747 Thread 0x00000229c979c5d0 Exception <a 'java/lang/NoSuchMethodError'{0x00000000eb3214d8}: 'int java.lang.invoke.DirectMethodHandle$Holder.invokeSpecialIFC(java.lang.Object, java.lang.Object, java.lang.Object)'> (0x00000000eb3214d8) 
thrown [s\src\hotspot\share\interpreter\linkResolver.cpp, line 773]
Event: 9.121 Thread 0x00000229caeb1b90 Exception <a 'java/lang/NoSuchMethodError'{0x00000000eb9a0f00}: 'void java.lang.invoke.DirectMethodHandle$Holder.invokeVirtual(java.lang.Object, java.lang.Object, java.lang.Object, java.lang.Object, java.lang.Object)'> (0x00000000eb9a0f00) 
thrown [s\src\hotspot\share\interpreter\linkResolver.cpp, line 773]
Event: 14.909 Thread 0x00000229caeaf430 Exception <a 'java/lang/IncompatibleClassChangeError'{0x00000000eacd68b0}: Found class java.lang.Object, but interface was expected> (0x00000000eacd68b0) 
thrown [s\src\hotspot\share\interpreter\linkResolver.cpp, line 840]
Event: 15.770 Thread 0x00000229caeaf430 Exception <a 'java/lang/IncompatibleClassChangeError'{0x00000000eacdd0f8}: Found class java.lang.Object, but interface was expected> (0x00000000eacdd0f8) 
thrown [s\src\hotspot\share\interpreter\linkResolver.cpp, line 840]
Event: 17.156 Thread 0x00000229caeaf430 Exception <a 'java/lang/IncompatibleClassChangeError'{0x00000000eaf8e978}: Found class java.lang.Object, but interface was expected> (0x00000000eaf8e978) 
thrown [s\src\hotspot\share\interpreter\linkResolver.cpp, line 840]
Event: 17.234 Thread 0x00000229caeac640 Exception <a 'java/lang/NoSuchMethodError'{0x00000000eb4b1cf8}: 'int java.lang.invoke.Invokers$Holder.invokeExact_MT(java.lang.Object, java.lang.Object)'> (0x00000000eb4b1cf8) 
thrown [s\src\hotspot\share\interpreter\linkResolver.cpp, line 773]
Event: 17.287 Thread 0x00000229caeac640 Exception <a 'java/lang/NoSuchMethodError'{0x00000000eb7099a0}: 'int java.lang.invoke.DirectMethodHandle$Holder.invokeInterface(java.lang.Object, java.lang.Object)'> (0x00000000eb7099a0) 
thrown [s\src\hotspot\share\interpreter\linkResolver.cpp, line 773]
Event: 17.288 Thread 0x00000229caeac640 Exception <a 'java/lang/IncompatibleClassChangeError'{0x00000000eb70cc70}: Found class java.lang.Object, but interface was expected> (0x00000000eb70cc70) 
thrown [s\src\hotspot\share\interpreter\linkResolver.cpp, line 840]
Event: 18.192 Thread 0x00000229c979c5d0 Implicit null exception at 0x00000229f8c59b4f to 0x00000229f8c59dc4
Event: 22.296 Thread 0x00000229c96f9120 Implicit null exception at 0x00000229f8d37540 to 0x00000229f8d38510
Event: 22.298 Thread 0x00000229caeaf430 Exception <a 'java/lang/NoSuchMethodError'{0x00000000eac8bb18}: 'void java.lang.invoke.DirectMethodHandle$Holder.invokeInterface(java.lang.Object, java.lang.Object)'> (0x00000000eac8bb18) 
thrown [s\src\hotspot\share\interpreter\linkResolver.cpp, line 773]
Event: 22.396 Thread 0x00000229c96f9120 Exception <a 'java/lang/NoSuchMethodError'{0x00000000eae0e550}: 'java.lang.Object java.lang.invoke.DirectMethodHandle$Holder.newInvokeSpecial(java.lang.Object, java.lang.Object, java.lang.Object, java.lang.Object, java.lang.Object, java.lang.Object, java.lang.Object, java.lang.Object, java.lang.Object, java.lang.Object)'> (0x00000000eae0e550) 
thrown [s\src\hotspot\share\interpreter\linkResolver.cpp, line 773]
Event: 22.475 Thread 0x00000229c96f9120 Exception <a 'sun/nio/fs/WindowsException'{0x00000000eaea0920}> (0x00000000eaea0920) 
thrown [s\src\hotspot\share\prims\jni.cpp, line 520]
Event: 22.494 Thread 0x00000229caeaf430 Exception <a 'java/io/IOException'{0x00000000ead37018}> (0x00000000ead37018) 
thrown [s\src\hotspot\share\prims\jni.cpp, line 520]
Event: 22.554 Thread 0x00000229caeb2220 Exception <a 'sun/nio/fs/WindowsException'{0x00000000eaf4c440}> (0x00000000eaf4c440) 
thrown [s\src\hotspot\share\prims\jni.cpp, line 520]
Event: 22.554 Thread 0x00000229caeb2220 Exception <a 'sun/nio/fs/WindowsException'{0x00000000eaf4ccb0}> (0x00000000eaf4ccb0) 
thrown [s\src\hotspot\share\prims\jni.cpp, line 520]
Event: 22.554 Thread 0x00000229caeb2220 Exception <a 'sun/nio/fs/WindowsException'{0x00000000eaf4d928}> (0x00000000eaf4d928) 
thrown [s\src\hotspot\share\prims\jni.cpp, line 520]
Event: 22.554 Thread 0x00000229caeb2220 Exception <a 'sun/nio/fs/WindowsException'{0x00000000eaf4df78}> (0x00000000eaf4df78) 
thrown [s\src\hotspot\share\prims\jni.cpp, line 520]

ZGC Phase Switch (0 events):
No events

VM Operations (20 events):
Event: 17.411 Executing VM operation: ParallelGCFailedAllocation (Allocation Failure)
Event: 17.414 Executing VM operation: ParallelGCFailedAllocation (Allocation Failure) done
Event: 18.224 Executing VM operation: ParallelGCFailedAllocation (Allocation Failure)
Event: 18.227 Executing VM operation: ParallelGCFailedAllocation (Allocation Failure) done
Event: 18.437 Executing VM operation: ICBufferFull
Event: 18.437 Executing VM operation: ICBufferFull done
Event: 18.456 Executing VM operation: ParallelGCFailedAllocation (Allocation Failure)
Event: 18.458 Executing VM operation: ParallelGCFailedAllocation (Allocation Failure) done
Event: 18.646 Executing VM operation: ParallelGCFailedAllocation (Allocation Failure)
Event: 18.649 Executing VM operation: ParallelGCFailedAllocation (Allocation Failure) done
Event: 18.792 Executing VM operation: ParallelGCFailedAllocation (Allocation Failure)
Event: 18.793 Executing VM operation: ParallelGCFailedAllocation (Allocation Failure) done
Event: 19.122 Executing VM operation: ParallelGCFailedAllocation (Allocation Failure)
Event: 19.124 Executing VM operation: ParallelGCFailedAllocation (Allocation Failure) done
Event: 19.362 Executing VM operation: ParallelGCFailedAllocation (Allocation Failure)
Event: 19.363 Executing VM operation: ParallelGCFailedAllocation (Allocation Failure) done
Event: 19.560 Executing VM operation: ParallelGCFailedAllocation (Allocation Failure)
Event: 19.561 Executing VM operation: ParallelGCFailedAllocation (Allocation Failure) done
Event: 20.570 Executing VM operation: Cleanup
Event: 20.570 Executing VM operation: Cleanup done

Memory protections (0 events):
No events

Nmethod flushes (20 events):
Event: 5.731 Thread 0x00000229fffa25d0 flushing  nmethod 0x00000229f1147f90
Event: 5.731 Thread 0x00000229fffa25d0 flushing  nmethod 0x00000229f114e090
Event: 5.731 Thread 0x00000229fffa25d0 flushing  nmethod 0x00000229f114e390
Event: 5.731 Thread 0x00000229fffa25d0 flushing  nmethod 0x00000229f1162510
Event: 5.731 Thread 0x00000229fffa25d0 flushing  nmethod 0x00000229f1221810
Event: 5.731 Thread 0x00000229fffa25d0 flushing  nmethod 0x00000229f1221c90
Event: 5.731 Thread 0x00000229fffa25d0 flushing  nmethod 0x00000229f1222a90
Event: 5.731 Thread 0x00000229fffa25d0 flushing  nmethod 0x00000229f125fb10
Event: 5.731 Thread 0x00000229fffa25d0 flushing  nmethod 0x00000229f125ff10
Event: 5.731 Thread 0x00000229fffa25d0 flushing  nmethod 0x00000229f1260910
Event: 5.731 Thread 0x00000229fffa25d0 flushing  nmethod 0x00000229f1265590
Event: 5.731 Thread 0x00000229fffa25d0 flushing  nmethod 0x00000229f12a3710
Event: 5.731 Thread 0x00000229fffa25d0 flushing  nmethod 0x00000229f12a5f90
Event: 5.731 Thread 0x00000229fffa25d0 flushing  nmethod 0x00000229f12a6d90
Event: 5.731 Thread 0x00000229fffa25d0 flushing  nmethod 0x00000229f12e0b10
Event: 5.731 Thread 0x00000229fffa25d0 flushing  nmethod 0x00000229f12e6610
Event: 5.731 Thread 0x00000229fffa25d0 flushing  nmethod 0x00000229f12f5c90
Event: 5.731 Thread 0x00000229fffa25d0 flushing  nmethod 0x00000229f12f6710
Event: 5.731 Thread 0x00000229fffa25d0 flushing  nmethod 0x00000229f12fbf10
Event: 5.731 Thread 0x00000229fffa25d0 flushing  nmethod 0x00000229f1312c10

Events (20 events):
Event: 6.472 Thread 0x00000229fffcca70 Thread added: 0x00000229c4ce89c0
Event: 6.503 Thread 0x00000229fffcca70 Thread added: 0x00000229c4c96350
Event: 7.843 Thread 0x00000229c94e56b0 Thread exited: 0x00000229c94e56b0
Event: 8.456 Thread 0x00000229c4c96350 Thread exited: 0x00000229c4c96350
Event: 8.583 Thread 0x00000229c979c5d0 Thread added: 0x00000229caead9f0
Event: 8.912 Thread 0x00000229c979c5d0 Thread added: 0x00000229caeb1b90
Event: 8.922 Thread 0x00000229fffcca70 Thread added: 0x00000229c4c96350
Event: 9.425 Thread 0x00000229c979c5d0 Thread added: 0x00000229caeb0150
Event: 14.203 Thread 0x00000229c4c96350 Thread exited: 0x00000229c4c96350
Event: 14.203 Thread 0x00000229c4ce89c0 Thread exited: 0x00000229c4ce89c0
Event: 14.327 Thread 0x00000229caead360 Thread added: 0x00000229caeaac00
Event: 16.875 Thread 0x00000229c979c5d0 Thread added: 0x00000229caeaccd0
Event: 16.875 Thread 0x00000229c979c5d0 Thread added: 0x00000229caeae710
Event: 22.301 Thread 0x00000229caeaf430 Thread added: 0x00000229caeb0e70
Event: 22.302 Thread 0x00000229c96f9120 Thread added: 0x00000229caeb2220
Event: 22.331 Thread 0x00000229caeb2220 Thread exited: 0x00000229caeb2220
Event: 22.402 Thread 0x00000229c96f9120 Thread added: 0x00000229caeb2220
Event: 22.468 Thread 0x00000229caeb2220 Thread exited: 0x00000229caeb2220
Event: 22.496 Thread 0x00000229edc02c70 Thread added: 0x00000229caeb2220
Event: 22.564 Thread 0x00000229caeb2220 Thread added: 0x00000229caeab290


Dynamic libraries:
0x00007ff72bff0000 - 0x00007ff72bffe000 	c:\Users\bouch\.cursor\extensions\redhat.java-1.41.1-win32-x64\jre\21.0.6-win32-x86_64\bin\java.exe
0x00007ffae9f90000 - 0x00007ffaea188000 	C:\windows\SYSTEM32\ntdll.dll
0x00007ffae9920000 - 0x00007ffae99e2000 	C:\windows\System32\KERNEL32.DLL
0x00007ffae7710000 - 0x00007ffae7a06000 	C:\windows\System32\KERNELBASE.dll
0x00007ffae7610000 - 0x00007ffae7710000 	C:\windows\System32\ucrtbase.dll
0x00007ffae3820000 - 0x00007ffae3838000 	c:\Users\bouch\.cursor\extensions\redhat.java-1.41.1-win32-x64\jre\21.0.6-win32-x86_64\bin\jli.dll
0x00007ffae3800000 - 0x00007ffae381e000 	c:\Users\bouch\.cursor\extensions\redhat.java-1.41.1-win32-x64\jre\21.0.6-win32-x86_64\bin\VCRUNTIME140.dll
0x00007ffae9780000 - 0x00007ffae991d000 	C:\windows\System32\USER32.dll
0x00007ffaccf60000 - 0x00007ffacd1fa000 	C:\windows\WinSxS\amd64_microsoft.windows.common-controls_6595b64144ccf1df_6.0.19041.4355_none_60b8b9eb71f62e16\COMCTL32.dll
0x00007ffae7f40000 - 0x00007ffae7f62000 	C:\windows\System32\win32u.dll
0x00007ffae8e90000 - 0x00007ffae8f2e000 	C:\windows\System32\msvcrt.dll
0x00007ffae8950000 - 0x00007ffae897b000 	C:\windows\System32\GDI32.dll
0x00007ffae7b40000 - 0x00007ffae7c5a000 	C:\windows\System32\gdi32full.dll
0x00007ffae7aa0000 - 0x00007ffae7b3d000 	C:\windows\System32\msvcp_win.dll
0x00007ffae8720000 - 0x00007ffae874f000 	C:\windows\System32\IMM32.DLL
0x00007ffae37f0000 - 0x00007ffae37fc000 	c:\Users\bouch\.cursor\extensions\redhat.java-1.41.1-win32-x64\jre\21.0.6-win32-x86_64\bin\vcruntime140_1.dll
0x00007ffaa99c0000 - 0x00007ffaa9a4d000 	c:\Users\bouch\.cursor\extensions\redhat.java-1.41.1-win32-x64\jre\21.0.6-win32-x86_64\bin\msvcp140.dll
0x00007ffa65440000 - 0x00007ffa661d0000 	c:\Users\bouch\.cursor\extensions\redhat.java-1.41.1-win32-x64\jre\21.0.6-win32-x86_64\bin\server\jvm.dll
0x00007ffae9e60000 - 0x00007ffae9f11000 	C:\windows\System32\ADVAPI32.dll
0x00007ffae8df0000 - 0x00007ffae8e8f000 	C:\windows\System32\sechost.dll
0x00007ffae9a50000 - 0x00007ffae9b73000 	C:\windows\System32\RPCRT4.dll
0x00007ffae75e0000 - 0x00007ffae7607000 	C:\windows\System32\bcrypt.dll
0x00007ffae8750000 - 0x00007ffae87bb000 	C:\windows\System32\WS2_32.dll
0x00007ffae6b70000 - 0x00007ffae6bbb000 	C:\windows\SYSTEM32\POWRPROF.dll
0x00007ffadc440000 - 0x00007ffadc467000 	C:\windows\SYSTEM32\WINMM.dll
0x00007ffadc340000 - 0x00007ffadc34a000 	C:\windows\SYSTEM32\VERSION.dll
0x00007ffae69e0000 - 0x00007ffae69f2000 	C:\windows\SYSTEM32\UMPDC.dll
0x00007ffae5db0000 - 0x00007ffae5dc2000 	C:\windows\SYSTEM32\kernel.appcore.dll
0x00007ffae37e0000 - 0x00007ffae37ea000 	c:\Users\bouch\.cursor\extensions\redhat.java-1.41.1-win32-x64\jre\21.0.6-win32-x86_64\bin\jimage.dll
0x00007ffae5160000 - 0x00007ffae5344000 	C:\windows\SYSTEM32\DBGHELP.DLL
0x00007ffaca8f0000 - 0x00007ffaca924000 	C:\windows\SYSTEM32\dbgcore.DLL
0x00007ffae7a10000 - 0x00007ffae7a92000 	C:\windows\System32\bcryptPrimitives.dll
0x00007ffae37d0000 - 0x00007ffae37df000 	c:\Users\bouch\.cursor\extensions\redhat.java-1.41.1-win32-x64\jre\21.0.6-win32-x86_64\bin\instrument.dll
0x00007ffae2740000 - 0x00007ffae275f000 	c:\Users\bouch\.cursor\extensions\redhat.java-1.41.1-win32-x64\jre\21.0.6-win32-x86_64\bin\java.dll
0x00007ffae8f30000 - 0x00007ffae969f000 	C:\windows\System32\SHELL32.dll
0x00007ffae5600000 - 0x00007ffae5da3000 	C:\windows\SYSTEM32\windows.storage.dll
0x00007ffae8a90000 - 0x00007ffae8de5000 	C:\windows\System32\combase.dll
0x00007ffae7010000 - 0x00007ffae703b000 	C:\windows\SYSTEM32\Wldp.dll
0x00007ffae8980000 - 0x00007ffae8a4d000 	C:\windows\System32\OLEAUT32.dll
0x00007ffae9c00000 - 0x00007ffae9cad000 	C:\windows\System32\SHCORE.dll
0x00007ffae99f0000 - 0x00007ffae9a45000 	C:\windows\System32\shlwapi.dll
0x00007ffae7510000 - 0x00007ffae7535000 	C:\windows\SYSTEM32\profapi.dll
0x00007ffae2470000 - 0x00007ffae2488000 	c:\Users\bouch\.cursor\extensions\redhat.java-1.41.1-win32-x64\jre\21.0.6-win32-x86_64\bin\zip.dll
0x00007ffae1ae0000 - 0x00007ffae1af0000 	C:\Users\bouch\.cursor\extensions\redhat.java-1.41.1-win32-x64\jre\21.0.6-win32-x86_64\bin\net.dll
0x00007ffae4540000 - 0x00007ffae464a000 	C:\windows\SYSTEM32\WINHTTP.dll
0x00007ffae6d70000 - 0x00007ffae6ddc000 	C:\windows\system32\mswsock.dll
0x00007ffadf9c0000 - 0x00007ffadf9d6000 	C:\Users\bouch\.cursor\extensions\redhat.java-1.41.1-win32-x64\jre\21.0.6-win32-x86_64\bin\nio.dll
0x00007ffae1a50000 - 0x00007ffae1a60000 	c:\Users\bouch\.cursor\extensions\redhat.java-1.41.1-win32-x64\jre\21.0.6-win32-x86_64\bin\verify.dll
0x00007ffac5520000 - 0x00007ffac5565000 	C:\Users\bouch\AppData\Roaming\Cursor\User\globalStorage\redhat.java\1.41.1\config_ss_win\org.eclipse.equinox.launcher\org.eclipse.equinox.launcher.win32.win32.x86_64_1.2.1300.v20250331-1702\eclipse_11911.dll
0x00007ffae8820000 - 0x00007ffae894b000 	C:\windows\System32\ole32.dll
0x00007ffae6f70000 - 0x00007ffae6f88000 	C:\windows\SYSTEM32\CRYPTSP.dll
0x00007ffae65e0000 - 0x00007ffae6618000 	C:\windows\system32\rsaenh.dll
0x00007ffae74d0000 - 0x00007ffae74fe000 	C:\windows\SYSTEM32\USERENV.dll
0x00007ffae6f60000 - 0x00007ffae6f6c000 	C:\windows\SYSTEM32\CRYPTBASE.dll
0x00007ffae6a00000 - 0x00007ffae6a3b000 	C:\windows\SYSTEM32\IPHLPAPI.DLL
0x00007ffae8590000 - 0x00007ffae8598000 	C:\windows\System32\NSI.dll
0x00007ffac5e60000 - 0x00007ffac5ea9000 	C:\Users\bouch\AppData\Local\Temp\jna-93927469\jna35818241826812118.dll
0x00007ffae8a70000 - 0x00007ffae8a78000 	C:\windows\System32\PSAPI.DLL
0x00007ffae1360000 - 0x00007ffae1377000 	C:\windows\SYSTEM32\dhcpcsvc6.DLL
0x00007ffae1340000 - 0x00007ffae135d000 	C:\windows\SYSTEM32\dhcpcsvc.DLL
0x00007ffae6850000 - 0x00007ffae6883000 	C:\windows\SYSTEM32\ntmarta.dll

dbghelp: loaded successfully - version: 4.0.5 - missing functions: none
symbol engine: initialized successfully - sym options: 0x614 - pdb path: .;c:\Users\bouch\.cursor\extensions\redhat.java-1.41.1-win32-x64\jre\21.0.6-win32-x86_64\bin;C:\windows\SYSTEM32;C:\windows\WinSxS\amd64_microsoft.windows.common-controls_6595b64144ccf1df_6.0.19041.4355_none_60b8b9eb71f62e16;c:\Users\bouch\.cursor\extensions\redhat.java-1.41.1-win32-x64\jre\21.0.6-win32-x86_64\bin\server;C:\Users\bouch\AppData\Roaming\Cursor\User\globalStorage\redhat.java\1.41.1\config_ss_win\org.eclipse.equinox.launcher\org.eclipse.equinox.launcher.win32.win32.x86_64_1.2.1300.v20250331-1702;C:\Users\bouch\AppData\Local\Temp\jna-93927469

VM Arguments:
jvm_args: --add-modules=ALL-SYSTEM --add-opens=java.base/java.util=ALL-UNNAMED --add-opens=java.base/java.lang=ALL-UNNAMED --add-opens=java.base/sun.nio.fs=ALL-UNNAMED -Declipse.application=org.eclipse.jdt.ls.core.id1 -Dosgi.bundles.defaultStartLevel=4 -Declipse.product=org.eclipse.jdt.ls.core.product -Djava.import.generatesMetadataFilesAtProjectRoot=false -DDetectVMInstallationsJob.disabled=true -Dfile.encoding=utf8 -XX:+UseParallelGC -XX:GCTimeRatio=4 -XX:AdaptiveSizePolicyWeight=90 -Dsun.zip.disableMemoryMapping=true -Xmx1G -Xms100m -Xlog:disable -javaagent:c:\Users\bouch\.cursor\extensions\redhat.java-1.41.1-win32-x64\lombok\lombok-1.18.36.jar 
java_command: c:\Users\bouch\.cursor\extensions\redhat.java-1.41.1-win32-x64\server\plugins\org.eclipse.equinox.launcher_1.7.0.v20250331-1702.jar -configuration c:\Users\bouch\AppData\Roaming\Cursor\User\globalStorage\redhat.java\1.41.1\config_ss_win -data c:\Users\bouch\AppData\Roaming\Cursor\User\workspaceStorage\0926cdee763ccb7bb212e6d916a0a387\redhat.java\ss_ws --pipe=\\.\pipe\lsp-62b7e43add1708432358cf3f02a2c684-sock
java_class_path (initial): c:\Users\bouch\.cursor\extensions\redhat.java-1.41.1-win32-x64\server\plugins\org.eclipse.equinox.launcher_1.7.0.v20250331-1702.jar
Launcher Type: SUN_STANDARD

[Global flags]
    uintx AdaptiveSizePolicyWeight                 = 90                                        {product} {command line}
     intx CICompilerCount                          = 4                                         {product} {ergonomic}
    uintx GCTimeRatio                              = 4                                         {product} {command line}
   size_t InitialHeapSize                          = 104857600                                 {product} {command line}
   size_t MaxHeapSize                              = 1073741824                                {product} {command line}
   size_t MaxNewSize                               = 357564416                                 {product} {ergonomic}
   size_t MinHeapDeltaBytes                        = 524288                                    {product} {ergonomic}
   size_t MinHeapSize                              = 104857600                                 {product} {command line}
   size_t NewSize                                  = 34603008                                  {product} {ergonomic}
    uintx NonNMethodCodeHeapSize                   = 5839372                                {pd product} {ergonomic}
    uintx NonProfiledCodeHeapSize                  = 122909434                              {pd product} {ergonomic}
   size_t OldSize                                  = 70254592                                  {product} {ergonomic}
    uintx ProfiledCodeHeapSize                     = 122909434                              {pd product} {ergonomic}
    uintx ReservedCodeCacheSize                    = 251658240                              {pd product} {ergonomic}
     bool SegmentedCodeCache                       = true                                      {product} {ergonomic}
   size_t SoftMaxHeapSize                          = 1073741824                             {manageable} {ergonomic}
     bool UseCompressedOops                        = true                           {product lp64_product} {ergonomic}
     bool UseLargePagesIndividualAllocation        = false                                  {pd product} {ergonomic}
     bool UseParallelGC                            = true                                      {product} {command line}

Logging:
Log output configuration:
 #0: stdout all=off uptime,level,tags foldmultilines=false
 #1: stderr all=off uptime,level,tags foldmultilines=false

Environment Variables:
JAVA_HOME=C:\Program Files (x86)\jdk-17.0.2
PATH=C:\oraclexe\app\oracle\product\10.2.0\server\bin;C:\Program Files\Common Files\Oracle\Java\javapath;C:\Python312\Scripts\;C:\Python312\;C:\Users\bouch\.jdks\jbr-17.0.8\bin;C:\Program Files (x86)\VMware\VMware Workstation\bin\;C:\Program Files (x86)\Razer Chroma SDK\bin;C:\Program Files\Razer Chroma SDK\bin;C:\Program Files (x86)\Common Files\Intel\Shared Libraries\redist\intel64\compiler;C:\Program Files (x86)\Razer\ChromaBroadcast\bin;C:\Program Files\Razer\ChromaBroadcast\bin;C:\windows\system32;C:\windows;C:\windows\System32\Wbem;C:\windows\System32\WindowsPowerShell\v1.0\;C:\windows\System32\OpenSSH\;C:\Program Files (x86)\NVIDIA Corporation\PhysX\Common;C:\Program Files (x86)\dotnet\;C:\windows\system32\config\systemprofile\AppData\Local\Microsoft\WindowsApps;C:\Program Files\dotnet\;C:\Strawberry\c\bin;C:\Strawberry\perl\site\bin;C:\Strawberry\perl\bin;C:\instantclient12_2;C:\Program Files\Git\cmd;C:\xampp2\php;C:\Program Files (x86)\codeblocks\MinGW\bin;D:\GnuWin32\bin;C:\Program Files\wkhtmltopdf\bin;C:\Program Files\nodejs\;C:\ProgramData\chocolatey\bin;C:\Program Files (x86)\jdk-17.0.2\bin;C:\Program Files (x86)\jdk-17.0.2\bin;C:\Program Files\NVIDIA Corporation\NVIDIA app\NvDLISR;C:\Program Files\Microsoft SQL Server\150\Tools\Binn\;C:\Program Files\Microsoft SQL Server\Client SDK\ODBC\170\Tools\Binn\;C:\Program Files\dotnet\sdk\8.0.404;C:\Program Files (x86)\dotnet\sdk\8.0.404;C:\Program Files\Docker\Docker\resources\bin;C:\Program Files\apache-maven\bin;C:\Users\bouch\scoop\shims;C:\Users\bouch\AppData\Local\Microsoft\WindowsApps;C:\Users\bouch\AppData\Local\Programs\Microsoft VS Code\bin;C:\MinGW\bin;C:\Users\bouch\composer;C:\Users\bouch\AppData\Roaming\Composer\vendor\bin;C:\Users\bouch\AppData\Local\GitHubDesktop\bin;C:\Users\bouch\AppData\Roaming\npm;D:\intelij\IntelliJ IDEA 2024.2.1\bin;;C:\Program Files\MongoDB\Server\4.0\bin;C:\Users\bouch\.dotnet\tools;C:\Program Files\dotnet\sdk\8.0.404;C:\Program Files (x86)\dotnet\sdk\8.0.404;C:\Users\bouch\AppData\Local\Programs\cursor\resources\app\bin
USERNAME=bouch
OS=Windows_NT
PROCESSOR_IDENTIFIER=Intel64 Family 6 Model 140 Stepping 1, GenuineIntel
TMP=C:\Users\bouch\AppData\Local\Temp
TEMP=C:\Users\bouch\AppData\Local\Temp




Periodic native trim disabled

---------------  S Y S T E M  ---------------

OS:
 Windows 10 , 64 bit Build 19041 (10.0.19041.5678)
OS uptime: 0 days 1:52 hours
Hyper-V role detected

CPU: total 8 (initial active 8) (4 cores per cpu, 2 threads per core) family 6 model 140 stepping 1 microcode 0xb8, cx8, cmov, fxsr, ht, mmx, 3dnowpref, sse, sse2, sse3, ssse3, sse4.1, sse4.2, popcnt, lzcnt, tsc, tscinvbit, avx, avx2, aes, erms, clmul, bmi1, bmi2, adx, avx512f, avx512dq, avx512cd, avx512bw, avx512vl, sha, fma, vzeroupper, avx512_vpopcntdq, avx512_vpclmulqdq, avx512_vaes, avx512_vnni, clflush, clflushopt, clwb, avx512_vbmi2, avx512_vbmi, hv, rdtscp, rdpid, fsrm, gfni, avx512_bitalg, f16c, cet_ibt, cet_ss, avx512_ifma
Processor Information for the first 8 processors :
  Max Mhz: 3302, Current Mhz: 3302, Mhz Limit: 3302

Memory: 4k page, system-wide physical 16129M (289M free)
TotalPageFile size 20225M (AvailPageFile size 20M)
current process WorkingSet (physical memory assigned to process): 214M, peak: 247M
current process commit charge ("private bytes"): 281M, peak: 326M

vm_info: OpenJDK 64-Bit Server VM (21.0.6+7-LTS) for windows-amd64 JRE (21.0.6+7-LTS), built on 2025-01-21T00:00:00Z by "admin" with MS VC++ 17.7 (VS2022)

END.
