#
# There is insufficient memory for the Java Runtime Environment to continue.
# Native memory allocation (malloc) failed to allocate 81456 bytes. Error detail: Chunk::new
# Possible reasons:
#   The system is out of physical RAM or swap space
#   This process is running with CompressedOops enabled, and the Java Heap may be blocking the growth of the native heap
# Possible solutions:
#   Reduce memory load on the system
#   Increase physical memory or swap space
#   Check if swap backing store is full
#   Decrease Java heap size (-Xmx/-Xms)
#   Decrease number of Java threads
#   Decrease Java thread stack sizes (-Xss)
#   Set larger code cache with -XX:ReservedCodeCacheSize=
#   JVM is running with Unscaled Compressed Oops mode in which the Java heap is
#     placed in the first 4GB address space. The Java Heap base address is the
#     maximum limit for the native heap growth. Please use -XX:HeapBaseMinAddress
#     to set the Java Heap base and to place the Java Heap above 4GB virtual address.
# This output file may be truncated or incomplete.
#
#  Out of Memory Error (arena.cpp:168), pid=11956, tid=1392
#
# JRE version: OpenJDK Runtime Environment Temurin-21.0.6+7 (21.0.6+7) (build 21.0.6+7-LTS)
# Java VM: OpenJDK 64-Bit Server VM Temurin-21.0.6+7 (21.0.6+7-LTS, mixed mode, sharing, tiered, compressed oops, compressed class ptrs, parallel gc, windows-amd64)
# No core dump will be written. Minidumps are not enabled by default on client versions of Windows
#

---------------  S U M M A R Y ------------

Command Line: --add-modules=ALL-SYSTEM --add-opens=java.base/java.util=ALL-UNNAMED --add-opens=java.base/java.lang=ALL-UNNAMED --add-opens=java.base/sun.nio.fs=ALL-UNNAMED -Declipse.application=org.eclipse.jdt.ls.core.id1 -Dosgi.bundles.defaultStartLevel=4 -Declipse.product=org.eclipse.jdt.ls.core.product -Djava.import.generatesMetadataFilesAtProjectRoot=false -DDetectVMInstallationsJob.disabled=true -Dfile.encoding=utf8 -XX:+UseParallelGC -XX:GCTimeRatio=4 -XX:AdaptiveSizePolicyWeight=90 -Dsun.zip.disableMemoryMapping=true -Xmx1G -Xms100m -Xlog:disable -javaagent:c:\Users\bouch\.cursor\extensions\redhat.java-1.41.1-win32-x64\lombok\lombok-1.18.36.jar -XX:+HeapDumpOnOutOfMemoryError -XX:HeapDumpPath=c:\Users\bouch\AppData\Roaming\Cursor\User\workspaceStorage\0926cdee763ccb7bb212e6d916a0a387\redhat.java -Daether.dependencyCollector.impl=bf c:\Users\bouch\.cursor\extensions\redhat.java-1.41.1-win32-x64\server\plugins\org.eclipse.equinox.launcher_1.7.0.v20250331-1702.jar -configuration c:\Users\bouch\AppData\Roaming\Cursor\User\globalStorage\redhat.java\1.41.1\config_win -data c:\Users\bouch\AppData\Roaming\Cursor\User\workspaceStorage\0926cdee763ccb7bb212e6d916a0a387\redhat.java\jdt_ws --pipe=\\.\pipe\lsp-f57a2bb1dc7fbaca51f5a6b3b5e49425-sock

Host: 11th Gen Intel(R) Core(TM) i7-11370H @ 3.30GHz, 8 cores, 15G,  Windows 10 , 64 bit Build 19041 (10.0.19041.5678)
Time: Fri Apr 11 06:25:19 2025 W. Central Africa Standard Time elapsed time: 8.194062 seconds (0d 0h 0m 8s)

---------------  T H R E A D  ---------------

Current thread (0x00000276a0a81020):  JavaThread "C2 CompilerThread1" daemon [_thread_in_native, id=1392, stack(0x000000e6c1100000,0x000000e6c1200000) (1024K)]


Current CompileTask:
C2:8194 5742       4       jdk.internal.jimage.BasicImageReader::getLocationIndex (52 bytes)

Stack: [0x000000e6c1100000,0x000000e6c1200000]
Native frames: (J=compiled Java code, j=interpreted, Vv=VM code, C=native code)
V  [jvm.dll+0x6cdee9]
V  [jvm.dll+0x8a83d1]
V  [jvm.dll+0x8aa8fe]
V  [jvm.dll+0x8aafe3]
V  [jvm.dll+0x27f706]
V  [jvm.dll+0xc500d]
V  [jvm.dll+0xc5543]
V  [jvm.dll+0x3b6752]
V  [jvm.dll+0x1dfe13]
V  [jvm.dll+0x247b42]
V  [jvm.dll+0x246fcf]
V  [jvm.dll+0x1c75ee]
V  [jvm.dll+0x25685a]
V  [jvm.dll+0x254dfa]
V  [jvm.dll+0x3f0256]
V  [jvm.dll+0x851f8b]
V  [jvm.dll+0x6cc5ed]
C  [ucrtbase.dll+0x21bb2]
C  [KERNEL32.DLL+0x17374]
C  [ntdll.dll+0x4cc91]


---------------  P R O C E S S  ---------------

Threads class SMR info:
_java_thread_list=0x000002769f8a7010, length=41, elements={
0x0000027643333ef0, 0x00000276576e0390, 0x00000276576e1c90, 0x00000276576e4820,
0x00000276576e5730, 0x00000276576e8450, 0x00000276576e9eb0, 0x00000276576eace0,
0x000002765772e910, 0x00000276433a08b0, 0x000002769a40f550, 0x000002769f005550,
0x000002769ab8f1c0, 0x000002769ac47a70, 0x000002769ac484a0, 0x000002769f5cdc20,
0x000002769f60f5e0, 0x000002769f2a75b0, 0x000002769f2a82d0, 0x000002769f2a6f20,
0x000002769f2a6890, 0x000002769f2a8960, 0x00000276a0a81020, 0x00000276a0a816c0,
0x000002769f2a9680, 0x000002769f2a7c40, 0x000002769f2a6200, 0x00000276a1137df0,
0x00000276a1138b10, 0x00000276a11370d0, 0x00000276a1138480, 0x00000276a11391a0,
0x00000276a1139830, 0x00000276a1139ec0, 0x00000276a113a550, 0x00000276a1137760,
0x00000276a2094e40, 0x00000276a20926e0, 0x00000276a2095b60, 0x00000276a2093400,
0x00000276a2090ca0
}

Java Threads: ( => current thread )
  0x0000027643333ef0 JavaThread "main"                              [_thread_blocked, id=14972, stack(0x000000e6bf500000,0x000000e6bf600000) (1024K)]
  0x00000276576e0390 JavaThread "Reference Handler"          daemon [_thread_blocked, id=9596, stack(0x000000e6bf900000,0x000000e6bfa00000) (1024K)]
  0x00000276576e1c90 JavaThread "Finalizer"                  daemon [_thread_blocked, id=23356, stack(0x000000e6bfa00000,0x000000e6bfb00000) (1024K)]
  0x00000276576e4820 JavaThread "Signal Dispatcher"          daemon [_thread_blocked, id=8800, stack(0x000000e6bfb00000,0x000000e6bfc00000) (1024K)]
  0x00000276576e5730 JavaThread "Attach Listener"            daemon [_thread_blocked, id=6008, stack(0x000000e6bfc00000,0x000000e6bfd00000) (1024K)]
  0x00000276576e8450 JavaThread "Service Thread"             daemon [_thread_blocked, id=22120, stack(0x000000e6bfd00000,0x000000e6bfe00000) (1024K)]
  0x00000276576e9eb0 JavaThread "Monitor Deflation Thread"   daemon [_thread_blocked, id=22212, stack(0x000000e6bfe00000,0x000000e6bff00000) (1024K)]
  0x00000276576eace0 JavaThread "C2 CompilerThread0"         daemon [_thread_in_native, id=11960, stack(0x000000e6bff00000,0x000000e6c0000000) (1024K)]
  0x000002765772e910 JavaThread "C1 CompilerThread0"         daemon [_thread_in_native, id=23756, stack(0x000000e6c0000000,0x000000e6c0100000) (1024K)]
  0x00000276433a08b0 JavaThread "Common-Cleaner"             daemon [_thread_blocked, id=17152, stack(0x000000e6c0100000,0x000000e6c0200000) (1024K)]
  0x000002769a40f550 JavaThread "Notification Thread"        daemon [_thread_blocked, id=17940, stack(0x000000e6c0300000,0x000000e6c0400000) (1024K)]
  0x000002769f005550 JavaThread "Active Thread: Equinox Container: a937b2bc-126e-4506-82dd-97217ff4749b"        [_thread_blocked, id=16736, stack(0x000000e6c0b00000,0x000000e6c0c00000) (1024K)]
  0x000002769ab8f1c0 JavaThread "Refresh Thread: Equinox Container: a937b2bc-126e-4506-82dd-97217ff4749b" daemon [_thread_blocked, id=24264, stack(0x000000e6c0c00000,0x000000e6c0d00000) (1024K)]
  0x000002769ac47a70 JavaThread "Framework Event Dispatcher: Equinox Container: a937b2bc-126e-4506-82dd-97217ff4749b" daemon [_thread_blocked, id=24180, stack(0x000000e6c0e00000,0x000000e6c0f00000) (1024K)]
  0x000002769ac484a0 JavaThread "Start Level: Equinox Container: a937b2bc-126e-4506-82dd-97217ff4749b" daemon [_thread_blocked, id=14860, stack(0x000000e6c0f00000,0x000000e6c1000000) (1024K)]
  0x000002769f5cdc20 JavaThread "Bundle File Closer"         daemon [_thread_blocked, id=16796, stack(0x000000e6c1000000,0x000000e6c1100000) (1024K)]
  0x000002769f60f5e0 JavaThread "SCR Component Actor"        daemon [_thread_blocked, id=7456, stack(0x000000e6c0400000,0x000000e6c0500000) (1024K)]
  0x000002769f2a75b0 JavaThread "SCR Component Registry"     daemon [_thread_blocked, id=24136, stack(0x000000e6c0200000,0x000000e6c0300000) (1024K)]
  0x000002769f2a82d0 JavaThread "Worker-JM"                         [_thread_blocked, id=9688, stack(0x000000e6c1200000,0x000000e6c1300000) (1024K)]
  0x000002769f2a6f20 JavaThread "JNA Cleaner"                daemon [_thread_blocked, id=12392, stack(0x000000e6c1300000,0x000000e6c1400000) (1024K)]
  0x000002769f2a6890 JavaThread "Worker-0: Repository registry initialization"        [_thread_in_vm, id=11976, stack(0x000000e6c1400000,0x000000e6c1500000) (1024K)]
  0x000002769f2a8960 JavaThread "Worker-1: Initialize After Load"        [_thread_blocked, id=19428, stack(0x000000e6c1500000,0x000000e6c1600000) (1024K)]
=>0x00000276a0a81020 JavaThread "C2 CompilerThread1"         daemon [_thread_in_native, id=1392, stack(0x000000e6c1100000,0x000000e6c1200000) (1024K)]
  0x00000276a0a816c0 JavaThread "C2 CompilerThread2"         daemon [_thread_in_native, id=22856, stack(0x000000e6c1600000,0x000000e6c1700000) (1024K)]
  0x000002769f2a9680 JavaThread "Java indexing"              daemon [_thread_in_Java, id=22772, stack(0x000000e6c1700000,0x000000e6c1800000) (1024K)]
  0x000002769f2a7c40 JavaThread "Worker-2"                          [_thread_blocked, id=12368, stack(0x000000e6c1800000,0x000000e6c1900000) (1024K)]
  0x000002769f2a6200 JavaThread "Worker-3"                          [_thread_blocked, id=12712, stack(0x000000e6c1900000,0x000000e6c1a00000) (1024K)]
  0x00000276a1137df0 JavaThread "Worker-4: Java indexing... "        [_thread_blocked, id=3556, stack(0x000000e6c1a00000,0x000000e6c1b00000) (1024K)]
  0x00000276a1138b10 JavaThread "Thread-2"                   daemon [_thread_in_native, id=17824, stack(0x000000e6c1b00000,0x000000e6c1c00000) (1024K)]
  0x00000276a11370d0 JavaThread "Thread-3"                   daemon [_thread_in_native, id=23236, stack(0x000000e6c1c00000,0x000000e6c1d00000) (1024K)]
  0x00000276a1138480 JavaThread "Thread-4"                   daemon [_thread_in_native, id=11472, stack(0x000000e6c1d00000,0x000000e6c1e00000) (1024K)]
  0x00000276a11391a0 JavaThread "Thread-5"                   daemon [_thread_in_native, id=16344, stack(0x000000e6c1e00000,0x000000e6c1f00000) (1024K)]
  0x00000276a1139830 JavaThread "Thread-6"                   daemon [_thread_in_native, id=15944, stack(0x000000e6c1f00000,0x000000e6c2000000) (1024K)]
  0x00000276a1139ec0 JavaThread "Thread-7"                   daemon [_thread_in_native, id=12372, stack(0x000000e6c2000000,0x000000e6c2100000) (1024K)]
  0x00000276a113a550 JavaThread "Thread-8"                   daemon [_thread_in_native, id=19244, stack(0x000000e6c2100000,0x000000e6c2200000) (1024K)]
  0x00000276a1137760 JavaThread "Thread-9"                   daemon [_thread_in_native, id=9140, stack(0x000000e6c2200000,0x000000e6c2300000) (1024K)]
  0x00000276a2094e40 JavaThread "Thread-10"                  daemon [_thread_in_native, id=18580, stack(0x000000e6c2300000,0x000000e6c2400000) (1024K)]
  0x00000276a20926e0 JavaThread "pool-2-thread-1"                   [_thread_blocked, id=23124, stack(0x000000e6c2400000,0x000000e6c2500000) (1024K)]
  0x00000276a2095b60 JavaThread "Worker-5"                          [_thread_blocked, id=16572, stack(0x000000e6c2500000,0x000000e6c2600000) (1024K)]
  0x00000276a2093400 JavaThread "WorkspaceEventsHandler"            [_thread_blocked, id=21356, stack(0x000000e6c2600000,0x000000e6c2700000) (1024K)]
  0x00000276a2090ca0 JavaThread "pool-1-thread-1"                   [_thread_blocked, id=9936, stack(0x000000e6c2700000,0x000000e6c2800000) (1024K)]
Total: 41

Other Threads:
  0x00000276576d16e0 VMThread "VM Thread"                           [id=16624, stack(0x000000e6bf800000,0x000000e6bf900000) (1024K)]
  0x000002764339eeb0 WatcherThread "VM Periodic Task Thread"        [id=20448, stack(0x000000e6bf700000,0x000000e6bf800000) (1024K)]
  0x00000276433516d0 WorkerThread "GC Thread#0"                     [id=14716, stack(0x000000e6bf600000,0x000000e6bf700000) (1024K)]
  0x000002769a8ce1c0 WorkerThread "GC Thread#1"                     [id=7304, stack(0x000000e6c0500000,0x000000e6c0600000) (1024K)]
  0x000002769aa3dc40 WorkerThread "GC Thread#2"                     [id=17068, stack(0x000000e6c0600000,0x000000e6c0700000) (1024K)]
  0x000002769a432290 WorkerThread "GC Thread#3"                     [id=10564, stack(0x000000e6c0700000,0x000000e6c0800000) (1024K)]
  0x000002769a432630 WorkerThread "GC Thread#4"                     [id=11788, stack(0x000000e6c0800000,0x000000e6c0900000) (1024K)]
  0x000002769acf22f0 WorkerThread "GC Thread#5"                     [id=21464, stack(0x000000e6c0900000,0x000000e6c0a00000) (1024K)]
  0x000002769acf2690 WorkerThread "GC Thread#6"                     [id=13216, stack(0x000000e6c0a00000,0x000000e6c0b00000) (1024K)]
  0x000002769ac5aa60 WorkerThread "GC Thread#7"                     [id=23276, stack(0x000000e6c0d00000,0x000000e6c0e00000) (1024K)]
Total: 10

Threads with active compile tasks:
C2 CompilerThread0  8223 5705   !   4       org.eclipse.osgi.internal.loader.classpath.ClasspathManager::defineClass (636 bytes)
C1 CompilerThread0  8223 5838       3       jdk.internal.jimage.ImageLocation::verify (107 bytes)
C2 CompilerThread1  8223 5742       4       jdk.internal.jimage.BasicImageReader::getLocationIndex (52 bytes)
C2 CompilerThread2  8223 5735   !   4       org.eclipse.osgi.internal.loader.classpath.ClasspathManager::findLocalClass (210 bytes)
Total: 4

VM state: not at safepoint (normal execution)

VM Mutex/Monitor currently owned by a thread: None

Heap address: 0x00000000c0000000, size: 1024 MB, Compressed Oops mode: 32-bit

CDS archive(s) mapped at: [0x0000027658000000-0x0000027658ba0000-0x0000027658ba0000), size 12189696, SharedBaseAddress: 0x0000027658000000, ArchiveRelocationMode: 1.
Compressed class space mapped at: 0x0000027659000000-0x0000027699000000, reserved size: 1073741824
Narrow klass base: 0x0000027658000000, Narrow klass shift: 0, Narrow klass range: 0x100000000

GC Precious Log:
 CardTable entry size: 512
 CPUs: 8 total, 8 available
 Memory: 16129M
 Large Page Support: Disabled
 NUMA Support: Disabled
 Compressed Oops: Enabled (32-bit)
 Alignments: Space 512K, Generation 512K, Heap 2M
 Heap Min Capacity: 100M
 Heap Initial Capacity: 100M
 Heap Max Capacity: 1G
 Pre-touch: Disabled
 Parallel Workers: 8

Heap:
 PSYoungGen      total 25088K, used 16425K [0x00000000eab00000, 0x00000000ec680000, 0x0000000100000000)
  eden space 22016K, 69% used [0x00000000eab00000,0x00000000eb9ea5f8,0x00000000ec080000)
  from space 3072K, 37% used [0x00000000ec180000,0x00000000ec2a0000,0x00000000ec480000)
  to   space 2048K, 0% used [0x00000000ec480000,0x00000000ec480000,0x00000000ec680000)
 ParOldGen       total 68608K, used 25785K [0x00000000c0000000, 0x00000000c4300000, 0x00000000eab00000)
  object space 68608K, 37% used [0x00000000c0000000,0x00000000c192e468,0x00000000c4300000)
 Metaspace       used 39423K, committed 40640K, reserved 1114112K
  class space    used 4028K, committed 4544K, reserved 1048576K

Card table byte_map: [0x0000027642d10000,0x0000027642f20000] _byte_map_base: 0x0000027642710000

Marking Bits: (ParMarkBitMap*) 0x00007ffa660f3260
 Begin Bits: [0x0000027655530000, 0x0000027656530000)
 End Bits:   [0x0000027656530000, 0x0000027657530000)

Polling page: 0x0000027642b00000

Metaspace:

Usage:
  Non-class:     34.57 MB used.
      Class:      3.93 MB used.
       Both:     38.50 MB used.

Virtual space:
  Non-class space:       64.00 MB reserved,      35.25 MB ( 55%) committed,  1 nodes.
      Class space:        1.00 GB reserved,       4.44 MB ( <1%) committed,  1 nodes.
             Both:        1.06 GB reserved,      39.69 MB (  4%) committed. 

Chunk freelists:
   Non-Class:  12.77 MB
       Class:  11.52 MB
        Both:  24.28 MB

MaxMetaspaceSize: unlimited
CompressedClassSpaceSize: 1.00 GB
Initial GC threshold: 21.00 MB
Current GC threshold: 58.38 MB
CDS: on
 - commit_granule_bytes: 65536.
 - commit_granule_words: 8192.
 - virtual_space_node_default_size: 8388608.
 - enlarge_chunks_in_place: 1.
 - use_allocation_guard: 0.


Internal statistics:

num_allocs_failed_limit: 6.
num_arena_births: 902.
num_arena_deaths: 14.
num_vsnodes_births: 2.
num_vsnodes_deaths: 0.
num_space_committed: 635.
num_space_uncommitted: 0.
num_chunks_returned_to_freelist: 20.
num_chunks_taken_from_freelist: 2640.
num_chunk_merges: 6.
num_chunk_splits: 1648.
num_chunks_enlarged: 943.
num_inconsistent_stats: 0.

CodeHeap 'non-profiled nmethods': size=120000Kb used=3000Kb max_used=3000Kb free=116999Kb
 bounds [0x000002764e000000, 0x000002764e2f0000, 0x0000027655530000]
CodeHeap 'profiled nmethods': size=120000Kb used=10826Kb max_used=10826Kb free=109173Kb
 bounds [0x0000027646530000, 0x0000027646fd0000, 0x000002764da60000]
CodeHeap 'non-nmethods': size=5760Kb used=1371Kb max_used=1443Kb free=4388Kb
 bounds [0x000002764da60000, 0x000002764dcd0000, 0x000002764e000000]
 total_blobs=5872 nmethods=5215 adapters=563
 compilation: enabled
              stopped_count=0, restarted_count=0
 full_count=0

Compilation events (20 events):
Event: 8.168 Thread 0x000002765772e910 5736       3       java.lang.reflect.AnnotatedElement::isAnnotationPresent (16 bytes)
Event: 8.168 Thread 0x000002765772e910 nmethod 5736 0x0000027646f92010 code [0x0000027646f921c0, 0x0000027646f923d8]
Event: 8.168 Thread 0x000002765772e910 5737       3       java.lang.Class$AnnotationData::<init> (20 bytes)
Event: 8.169 Thread 0x000002765772e910 nmethod 5737 0x0000027646f92490 code [0x0000027646f92640, 0x0000027646f927e0]
Event: 8.169 Thread 0x000002765772e910 5738       3       java.io.ByteArrayOutputStream::close (1 bytes)
Event: 8.169 Thread 0x000002765772e910 nmethod 5738 0x0000027646d44c10 code [0x0000027646d44da0, 0x0000027646d44ea8]
Event: 8.169 Thread 0x000002765772e910 5739       3       com.google.inject.spi.ElementSource::<init> (47 bytes)
Event: 8.169 Thread 0x000002765772e910 nmethod 5739 0x0000027646f92890 code [0x0000027646f92aa0, 0x0000027646f93110]
Event: 8.173 Thread 0x000002765772e910 5740       1       java.nio.charset.CharsetEncoder::maxBytesPerChar (5 bytes)
Event: 8.173 Thread 0x000002765772e910 nmethod 5740 0x000002764e2eaf90 code [0x000002764e2eb120, 0x000002764e2eb1e8]
Event: 8.174 Thread 0x00000276a0a81020 5741       4       java.lang.ThreadLocal::set (18 bytes)
Event: 8.176 Thread 0x000002765772e910 5743       3       org.eclipse.osgi.internal.loader.BundleLoader::findLocalResource (9 bytes)
Event: 8.176 Thread 0x000002765772e910 nmethod 5743 0x0000027646f93410 code [0x0000027646f935e0, 0x0000027646f93900]
Event: 8.176 Thread 0x000002765772e910 5744       3       org.eclipse.osgi.internal.loader.ModuleClassLoader::findLocalResource (9 bytes)
Event: 8.176 Thread 0x000002765772e910 nmethod 5744 0x0000027646f93a90 code [0x0000027646f93c40, 0x0000027646f93db8]
Event: 8.178 Thread 0x000002765772e910 5745       3       java.nio.MappedByteBuffer::limit (8 bytes)
Event: 8.178 Thread 0x000002765772e910 nmethod 5745 0x0000027646f93e90 code [0x0000027646f94040, 0x0000027646f941f0]
Event: 8.178 Thread 0x00000276a0a81020 nmethod 5741 0x000002764e2eb290 code [0x000002764e2eb480, 0x000002764e2eb908]
Event: 8.178 Thread 0x00000276a0a81020 5742       4       jdk.internal.jimage.BasicImageReader::getLocationIndex (52 bytes)
Event: 8.190 Thread 0x000002765772e910 5746       1       java.nio.DirectByteBuffer::attachment (5 bytes)

GC Heap History (20 events):
Event: 4.583 GC heap before
{Heap before GC invocations=8 (full 1):
 PSYoungGen      total 29184K, used 4380K [0x00000000eab00000, 0x00000000ecc00000, 0x0000000100000000)
  eden space 24576K, 0% used [0x00000000eab00000,0x00000000eab00000,0x00000000ec300000)
  from space 4608K, 95% used [0x00000000ec380000,0x00000000ec7c7020,0x00000000ec800000)
  to   space 4096K, 0% used [0x00000000ec800000,0x00000000ec800000,0x00000000ecc00000)
 ParOldGen       total 68608K, used 9268K [0x00000000c0000000, 0x00000000c4300000, 0x00000000eab00000)
  object space 68608K, 13% used [0x00000000c0000000,0x00000000c090d1f8,0x00000000c4300000)
 Metaspace       used 20605K, committed 21504K, reserved 1114112K
  class space    used 2106K, committed 2496K, reserved 1048576K
}
Event: 4.616 GC heap after
{Heap after GC invocations=8 (full 1):
 PSYoungGen      total 29184K, used 0K [0x00000000eab00000, 0x00000000ecc00000, 0x0000000100000000)
  eden space 24576K, 0% used [0x00000000eab00000,0x00000000eab00000,0x00000000ec300000)
  from space 4608K, 0% used [0x00000000ec380000,0x00000000ec380000,0x00000000ec800000)
  to   space 4096K, 0% used [0x00000000ec800000,0x00000000ec800000,0x00000000ecc00000)
 ParOldGen       total 68608K, used 12949K [0x00000000c0000000, 0x00000000c4300000, 0x00000000eab00000)
  object space 68608K, 18% used [0x00000000c0000000,0x00000000c0ca5660,0x00000000c4300000)
 Metaspace       used 20592K, committed 21504K, reserved 1114112K
  class space    used 2102K, committed 2496K, reserved 1048576K
}
Event: 4.843 GC heap before
{Heap before GC invocations=9 (full 1):
 PSYoungGen      total 29184K, used 24576K [0x00000000eab00000, 0x00000000ecc00000, 0x0000000100000000)
  eden space 24576K, 100% used [0x00000000eab00000,0x00000000ec300000,0x00000000ec300000)
  from space 4608K, 0% used [0x00000000ec380000,0x00000000ec380000,0x00000000ec800000)
  to   space 4096K, 0% used [0x00000000ec800000,0x00000000ec800000,0x00000000ecc00000)
 ParOldGen       total 68608K, used 12949K [0x00000000c0000000, 0x00000000c4300000, 0x00000000eab00000)
  object space 68608K, 18% used [0x00000000c0000000,0x00000000c0ca5660,0x00000000c4300000)
 Metaspace       used 22702K, committed 23616K, reserved 1114112K
  class space    used 2271K, committed 2688K, reserved 1048576K
}
Event: 4.844 GC heap after
{Heap after GC invocations=9 (full 1):
 PSYoungGen      total 25600K, used 1035K [0x00000000eab00000, 0x00000000ec980000, 0x0000000100000000)
  eden space 24064K, 0% used [0x00000000eab00000,0x00000000eab00000,0x00000000ec280000)
  from space 1536K, 67% used [0x00000000ec800000,0x00000000ec902c30,0x00000000ec980000)
  to   space 2560K, 0% used [0x00000000ec480000,0x00000000ec480000,0x00000000ec700000)
 ParOldGen       total 68608K, used 12957K [0x00000000c0000000, 0x00000000c4300000, 0x00000000eab00000)
  object space 68608K, 18% used [0x00000000c0000000,0x00000000c0ca7660,0x00000000c4300000)
 Metaspace       used 22702K, committed 23616K, reserved 1114112K
  class space    used 2271K, committed 2688K, reserved 1048576K
}
Event: 5.064 GC heap before
{Heap before GC invocations=10 (full 1):
 PSYoungGen      total 25600K, used 25068K [0x00000000eab00000, 0x00000000ec980000, 0x0000000100000000)
  eden space 24064K, 99% used [0x00000000eab00000,0x00000000ec278590,0x00000000ec280000)
  from space 1536K, 67% used [0x00000000ec800000,0x00000000ec902c30,0x00000000ec980000)
  to   space 2560K, 0% used [0x00000000ec480000,0x00000000ec480000,0x00000000ec700000)
 ParOldGen       total 68608K, used 12957K [0x00000000c0000000, 0x00000000c4300000, 0x00000000eab00000)
  object space 68608K, 18% used [0x00000000c0000000,0x00000000c0ca7660,0x00000000c4300000)
 Metaspace       used 26361K, committed 27264K, reserved 1114112K
  class space    used 2536K, committed 2944K, reserved 1048576K
}
Event: 5.065 GC heap after
{Heap after GC invocations=10 (full 1):
 PSYoungGen      total 26112K, used 1191K [0x00000000eab00000, 0x00000000ec880000, 0x0000000100000000)
  eden space 23552K, 0% used [0x00000000eab00000,0x00000000eab00000,0x00000000ec200000)
  from space 2560K, 46% used [0x00000000ec480000,0x00000000ec5a9fe8,0x00000000ec700000)
  to   space 1536K, 0% used [0x00000000ec700000,0x00000000ec700000,0x00000000ec880000)
 ParOldGen       total 68608K, used 12957K [0x00000000c0000000, 0x00000000c4300000, 0x00000000eab00000)
  object space 68608K, 18% used [0x00000000c0000000,0x00000000c0ca7660,0x00000000c4300000)
 Metaspace       used 26361K, committed 27264K, reserved 1114112K
  class space    used 2536K, committed 2944K, reserved 1048576K
}
Event: 5.419 GC heap before
{Heap before GC invocations=11 (full 1):
 PSYoungGen      total 26112K, used 24743K [0x00000000eab00000, 0x00000000ec880000, 0x0000000100000000)
  eden space 23552K, 100% used [0x00000000eab00000,0x00000000ec200000,0x00000000ec200000)
  from space 2560K, 46% used [0x00000000ec480000,0x00000000ec5a9fe8,0x00000000ec700000)
  to   space 1536K, 0% used [0x00000000ec700000,0x00000000ec700000,0x00000000ec880000)
 ParOldGen       total 68608K, used 12957K [0x00000000c0000000, 0x00000000c4300000, 0x00000000eab00000)
  object space 68608K, 18% used [0x00000000c0000000,0x00000000c0ca7660,0x00000000c4300000)
 Metaspace       used 27970K, committed 28928K, reserved 1114112K
  class space    used 2650K, committed 3072K, reserved 1048576K
}
Event: 5.422 GC heap after
{Heap after GC invocations=11 (full 1):
 PSYoungGen      total 24576K, used 1086K [0x00000000eab00000, 0x00000000ec880000, 0x0000000100000000)
  eden space 23040K, 0% used [0x00000000eab00000,0x00000000eab00000,0x00000000ec180000)
  from space 1536K, 70% used [0x00000000ec700000,0x00000000ec80fad8,0x00000000ec880000)
  to   space 1536K, 0% used [0x00000000ec580000,0x00000000ec580000,0x00000000ec700000)
 ParOldGen       total 68608K, used 15347K [0x00000000c0000000, 0x00000000c4300000, 0x00000000eab00000)
  object space 68608K, 22% used [0x00000000c0000000,0x00000000c0efcde8,0x00000000c4300000)
 Metaspace       used 27970K, committed 28928K, reserved 1114112K
  class space    used 2650K, committed 3072K, reserved 1048576K
}
Event: 6.113 GC heap before
{Heap before GC invocations=12 (full 1):
 PSYoungGen      total 24576K, used 24126K [0x00000000eab00000, 0x00000000ec880000, 0x0000000100000000)
  eden space 23040K, 100% used [0x00000000eab00000,0x00000000ec180000,0x00000000ec180000)
  from space 1536K, 70% used [0x00000000ec700000,0x00000000ec80fad8,0x00000000ec880000)
  to   space 1536K, 0% used [0x00000000ec580000,0x00000000ec580000,0x00000000ec700000)
 ParOldGen       total 68608K, used 15348K [0x00000000c0000000, 0x00000000c4300000, 0x00000000eab00000)
  object space 68608K, 22% used [0x00000000c0000000,0x00000000c0efd290,0x00000000c4300000)
 Metaspace       used 31292K, committed 32384K, reserved 1114112K
  class space    used 3032K, committed 3520K, reserved 1048576K
}
Event: 6.115 GC heap after
{Heap after GC invocations=12 (full 1):
 PSYoungGen      total 24576K, used 1532K [0x00000000eab00000, 0x00000000ec780000, 0x0000000100000000)
  eden space 23040K, 0% used [0x00000000eab00000,0x00000000eab00000,0x00000000ec180000)
  from space 1536K, 99% used [0x00000000ec580000,0x00000000ec6ff268,0x00000000ec700000)
  to   space 512K, 0% used [0x00000000ec700000,0x00000000ec700000,0x00000000ec780000)
 ParOldGen       total 68608K, used 16383K [0x00000000c0000000, 0x00000000c4300000, 0x00000000eab00000)
  object space 68608K, 23% used [0x00000000c0000000,0x00000000c0fffc10,0x00000000c4300000)
 Metaspace       used 31292K, committed 32384K, reserved 1114112K
  class space    used 3032K, committed 3520K, reserved 1048576K
}
Event: 6.370 GC heap before
{Heap before GC invocations=13 (full 1):
 PSYoungGen      total 24576K, used 24572K [0x00000000eab00000, 0x00000000ec780000, 0x0000000100000000)
  eden space 23040K, 100% used [0x00000000eab00000,0x00000000ec180000,0x00000000ec180000)
  from space 1536K, 99% used [0x00000000ec580000,0x00000000ec6ff268,0x00000000ec700000)
  to   space 512K, 0% used [0x00000000ec700000,0x00000000ec700000,0x00000000ec780000)
 ParOldGen       total 68608K, used 16386K [0x00000000c0000000, 0x00000000c4300000, 0x00000000eab00000)
  object space 68608K, 23% used [0x00000000c0000000,0x00000000c1000948,0x00000000c4300000)
 Metaspace       used 34243K, committed 35328K, reserved 1114112K
  class space    used 3405K, committed 3904K, reserved 1048576K
}
Event: 6.373 GC heap after
{Heap after GC invocations=13 (full 1):
 PSYoungGen      total 23040K, used 507K [0x00000000eab00000, 0x00000000ec780000, 0x0000000100000000)
  eden space 22528K, 0% used [0x00000000eab00000,0x00000000eab00000,0x00000000ec100000)
  from space 512K, 99% used [0x00000000ec700000,0x00000000ec77ee28,0x00000000ec780000)
  to   space 3072K, 0% used [0x00000000ec180000,0x00000000ec180000,0x00000000ec480000)
 ParOldGen       total 68608K, used 18799K [0x00000000c0000000, 0x00000000c4300000, 0x00000000eab00000)
  object space 68608K, 27% used [0x00000000c0000000,0x00000000c125bc68,0x00000000c4300000)
 Metaspace       used 34243K, committed 35328K, reserved 1114112K
  class space    used 3405K, committed 3904K, reserved 1048576K
}
Event: 6.459 GC heap before
{Heap before GC invocations=14 (full 1):
 PSYoungGen      total 23040K, used 6388K [0x00000000eab00000, 0x00000000ec780000, 0x0000000100000000)
  eden space 22528K, 26% used [0x00000000eab00000,0x00000000eb0be260,0x00000000ec100000)
  from space 512K, 99% used [0x00000000ec700000,0x00000000ec77ee28,0x00000000ec780000)
  to   space 3072K, 0% used [0x00000000ec180000,0x00000000ec180000,0x00000000ec480000)
 ParOldGen       total 68608K, used 18799K [0x00000000c0000000, 0x00000000c4300000, 0x00000000eab00000)
  object space 68608K, 27% used [0x00000000c0000000,0x00000000c125bc68,0x00000000c4300000)
 Metaspace       used 34701K, committed 35840K, reserved 1114112K
  class space    used 3464K, committed 3968K, reserved 1048576K
}
Event: 6.461 GC heap after
{Heap after GC invocations=14 (full 1):
 PSYoungGen      total 25600K, used 704K [0x00000000eab00000, 0x00000000ec780000, 0x0000000100000000)
  eden space 22528K, 0% used [0x00000000eab00000,0x00000000eab00000,0x00000000ec100000)
  from space 3072K, 22% used [0x00000000ec180000,0x00000000ec230000,0x00000000ec480000)
  to   space 1536K, 0% used [0x00000000ec600000,0x00000000ec600000,0x00000000ec780000)
 ParOldGen       total 68608K, used 19270K [0x00000000c0000000, 0x00000000c4300000, 0x00000000eab00000)
  object space 68608K, 28% used [0x00000000c0000000,0x00000000c12d1a68,0x00000000c4300000)
 Metaspace       used 34701K, committed 35840K, reserved 1114112K
  class space    used 3464K, committed 3968K, reserved 1048576K
}
Event: 6.461 GC heap before
{Heap before GC invocations=15 (full 2):
 PSYoungGen      total 25600K, used 704K [0x00000000eab00000, 0x00000000ec780000, 0x0000000100000000)
  eden space 22528K, 0% used [0x00000000eab00000,0x00000000eab00000,0x00000000ec100000)
  from space 3072K, 22% used [0x00000000ec180000,0x00000000ec230000,0x00000000ec480000)
  to   space 1536K, 0% used [0x00000000ec600000,0x00000000ec600000,0x00000000ec780000)
 ParOldGen       total 68608K, used 19270K [0x00000000c0000000, 0x00000000c4300000, 0x00000000eab00000)
  object space 68608K, 28% used [0x00000000c0000000,0x00000000c12d1a68,0x00000000c4300000)
 Metaspace       used 34701K, committed 35840K, reserved 1114112K
  class space    used 3464K, committed 3968K, reserved 1048576K
}
Event: 6.490 GC heap after
{Heap after GC invocations=15 (full 2):
 PSYoungGen      total 25600K, used 0K [0x00000000eab00000, 0x00000000ec780000, 0x0000000100000000)
  eden space 22528K, 0% used [0x00000000eab00000,0x00000000eab00000,0x00000000ec100000)
  from space 3072K, 0% used [0x00000000ec180000,0x00000000ec180000,0x00000000ec480000)
  to   space 1536K, 0% used [0x00000000ec600000,0x00000000ec600000,0x00000000ec780000)
 ParOldGen       total 68608K, used 19207K [0x00000000c0000000, 0x00000000c4300000, 0x00000000eab00000)
  object space 68608K, 27% used [0x00000000c0000000,0x00000000c12c1c68,0x00000000c4300000)
 Metaspace       used 34701K, committed 35840K, reserved 1114112K
  class space    used 3464K, committed 3968K, reserved 1048576K
}
Event: 7.055 GC heap before
{Heap before GC invocations=16 (full 2):
 PSYoungGen      total 25600K, used 22528K [0x00000000eab00000, 0x00000000ec780000, 0x0000000100000000)
  eden space 22528K, 100% used [0x00000000eab00000,0x00000000ec100000,0x00000000ec100000)
  from space 3072K, 0% used [0x00000000ec180000,0x00000000ec180000,0x00000000ec480000)
  to   space 1536K, 0% used [0x00000000ec600000,0x00000000ec600000,0x00000000ec780000)
 ParOldGen       total 68608K, used 19207K [0x00000000c0000000, 0x00000000c4300000, 0x00000000eab00000)
  object space 68608K, 27% used [0x00000000c0000000,0x00000000c12c1c68,0x00000000c4300000)
 Metaspace       used 36370K, committed 37504K, reserved 1114112K
  class space    used 3685K, committed 4160K, reserved 1048576K
}
Event: 7.057 GC heap after
{Heap after GC invocations=16 (full 2):
 PSYoungGen      total 23552K, used 1533K [0x00000000eab00000, 0x00000000ec780000, 0x0000000100000000)
  eden space 22016K, 0% used [0x00000000eab00000,0x00000000eab00000,0x00000000ec080000)
  from space 1536K, 99% used [0x00000000ec600000,0x00000000ec77f520,0x00000000ec780000)
  to   space 3072K, 0% used [0x00000000ec180000,0x00000000ec180000,0x00000000ec480000)
 ParOldGen       total 68608K, used 20025K [0x00000000c0000000, 0x00000000c4300000, 0x00000000eab00000)
  object space 68608K, 29% used [0x00000000c0000000,0x00000000c138e7c8,0x00000000c4300000)
 Metaspace       used 36370K, committed 37504K, reserved 1114112K
  class space    used 3685K, committed 4160K, reserved 1048576K
}
Event: 7.708 GC heap before
{Heap before GC invocations=17 (full 2):
 PSYoungGen      total 23552K, used 23549K [0x00000000eab00000, 0x00000000ec780000, 0x0000000100000000)
  eden space 22016K, 100% used [0x00000000eab00000,0x00000000ec080000,0x00000000ec080000)
  from space 1536K, 99% used [0x00000000ec600000,0x00000000ec77f520,0x00000000ec780000)
  to   space 3072K, 0% used [0x00000000ec180000,0x00000000ec180000,0x00000000ec480000)
 ParOldGen       total 68608K, used 24342K [0x00000000c0000000, 0x00000000c4300000, 0x00000000eab00000)
  object space 68608K, 35% used [0x00000000c0000000,0x00000000c17c5920,0x00000000c4300000)
 Metaspace       used 38096K, committed 39232K, reserved 1114112K
  class space    used 3864K, committed 4352K, reserved 1048576K
}
Event: 7.711 GC heap after
{Heap after GC invocations=17 (full 2):
 PSYoungGen      total 25088K, used 1152K [0x00000000eab00000, 0x00000000ec680000, 0x0000000100000000)
  eden space 22016K, 0% used [0x00000000eab00000,0x00000000eab00000,0x00000000ec080000)
  from space 3072K, 37% used [0x00000000ec180000,0x00000000ec2a0000,0x00000000ec480000)
  to   space 2048K, 0% used [0x00000000ec480000,0x00000000ec480000,0x00000000ec680000)
 ParOldGen       total 68608K, used 25785K [0x00000000c0000000, 0x00000000c4300000, 0x00000000eab00000)
  object space 68608K, 37% used [0x00000000c0000000,0x00000000c192e468,0x00000000c4300000)
 Metaspace       used 38096K, committed 39232K, reserved 1114112K
  class space    used 3864K, committed 4352K, reserved 1048576K
}

Dll operation events (10 events):
Event: 0.010 Loaded shared library c:\Users\bouch\.cursor\extensions\redhat.java-1.41.1-win32-x64\jre\21.0.6-win32-x86_64\bin\java.dll
Event: 0.119 Loaded shared library c:\Users\bouch\.cursor\extensions\redhat.java-1.41.1-win32-x64\jre\21.0.6-win32-x86_64\bin\zip.dll
Event: 0.143 Loaded shared library C:\Users\bouch\.cursor\extensions\redhat.java-1.41.1-win32-x64\jre\21.0.6-win32-x86_64\bin\instrument.dll
Event: 0.148 Loaded shared library C:\Users\bouch\.cursor\extensions\redhat.java-1.41.1-win32-x64\jre\21.0.6-win32-x86_64\bin\net.dll
Event: 0.151 Loaded shared library C:\Users\bouch\.cursor\extensions\redhat.java-1.41.1-win32-x64\jre\21.0.6-win32-x86_64\bin\nio.dll
Event: 0.162 Loaded shared library C:\Users\bouch\.cursor\extensions\redhat.java-1.41.1-win32-x64\jre\21.0.6-win32-x86_64\bin\zip.dll
Event: 0.192 Loaded shared library C:\Users\bouch\.cursor\extensions\redhat.java-1.41.1-win32-x64\jre\21.0.6-win32-x86_64\bin\jimage.dll
Event: 0.328 Loaded shared library c:\Users\bouch\.cursor\extensions\redhat.java-1.41.1-win32-x64\jre\21.0.6-win32-x86_64\bin\verify.dll
Event: 1.692 Loaded shared library C:\Users\bouch\AppData\Roaming\Cursor\User\globalStorage\redhat.java\1.41.1\config_win\org.eclipse.equinox.launcher\org.eclipse.equinox.launcher.win32.win32.x86_64_1.2.1300.v20250331-1702\eclipse_11911.dll
Event: 3.542 Loaded shared library C:\Users\bouch\AppData\Local\Temp\jna-93927469\jna5248083514672800563.dll

Deoptimization events (20 events):
Event: 7.178 Thread 0x000002769f2a6890 DEOPT PACKING pc=0x000002764e052e20 sp=0x000000e6c14fe7e0
Event: 7.178 Thread 0x000002769f2a6890 DEOPT UNPACKING pc=0x000002764dab6da2 sp=0x000000e6c14fe750 mode 2
Event: 7.250 Thread 0x0000027643333ef0 Uncommon trap: trap_request=0xffffff45 fr.pc=0x000002764e1598a8 relative=0x00000000000000e8
Event: 7.250 Thread 0x0000027643333ef0 Uncommon trap: reason=unstable_if action=reinterpret pc=0x000002764e1598a8 method=java.lang.CharacterDataLatin1.digit(II)I @ 7 c2
Event: 7.250 Thread 0x0000027643333ef0 DEOPT PACKING pc=0x000002764e1598a8 sp=0x000000e6bf5fe4c0
Event: 7.250 Thread 0x0000027643333ef0 DEOPT UNPACKING pc=0x000002764dab6da2 sp=0x000000e6bf5fe380 mode 2
Event: 7.251 Thread 0x0000027643333ef0 Uncommon trap: trap_request=0xffffff3d fr.pc=0x000002764e0c2508 relative=0x0000000000000068
Event: 7.251 Thread 0x0000027643333ef0 Uncommon trap: reason=unstable_fused_if action=reinterpret pc=0x000002764e0c2508 method=java.lang.CharacterDataLatin1.equalsIgnoreCase(BB)Z @ 16 c2
Event: 7.251 Thread 0x0000027643333ef0 DEOPT PACKING pc=0x000002764e0c2508 sp=0x000000e6bf5fe580
Event: 7.251 Thread 0x0000027643333ef0 DEOPT UNPACKING pc=0x000002764dab6da2 sp=0x000000e6bf5fe500 mode 2
Event: 7.251 Thread 0x0000027643333ef0 Uncommon trap: trap_request=0xffffff45 fr.pc=0x000002764e03b448 relative=0x00000000000000a8
Event: 7.251 Thread 0x0000027643333ef0 Uncommon trap: reason=unstable_if action=reinterpret pc=0x000002764e03b448 method=java.lang.CharacterDataLatin1.digit(II)I @ 7 c2
Event: 7.251 Thread 0x0000027643333ef0 DEOPT PACKING pc=0x000002764e03b448 sp=0x000000e6bf5fe410
Event: 7.251 Thread 0x0000027643333ef0 DEOPT UNPACKING pc=0x000002764dab6da2 sp=0x000000e6bf5fe390 mode 2
Event: 7.745 Thread 0x000002769f2a9680 Uncommon trap: trap_request=0xfffffff4 fr.pc=0x000002764e1fee7c relative=0x000000000000033c
Event: 7.745 Thread 0x000002769f2a9680 Uncommon trap: reason=null_check action=make_not_entrant pc=0x000002764e1fee7c method=sun.invoke.util.VerifyType.isNullConversion(Ljava/lang/Class;Ljava/lang/Class;Z)Z @ 67 c2
Event: 7.745 Thread 0x000002769f2a9680 DEOPT PACKING pc=0x000002764e1fee7c sp=0x000000e6c17fdbf0
Event: 7.745 Thread 0x000002769f2a9680 DEOPT UNPACKING pc=0x000002764dab6da2 sp=0x000000e6c17fdb70 mode 2
Event: 7.826 Thread 0x00000276a2090ca0 DEOPT PACKING pc=0x0000027646f23ecb sp=0x000000e6c27fe6d0
Event: 7.826 Thread 0x00000276a2090ca0 DEOPT UNPACKING pc=0x000002764dab78e2 sp=0x000000e6c27fdbc8 mode 0

Classes loaded (20 events):
Event: 7.802 Loading class java/nio/file/ClosedDirectoryStreamException
Event: 7.803 Loading class java/nio/file/ClosedDirectoryStreamException done
Event: 7.803 Loading class jdk/internal/jrtfs/JrtFileSystem
Event: 7.804 Loading class jdk/internal/jrtfs/JrtFileSystem done
Event: 7.804 Loading class jdk/internal/jrtfs/JrtPath
Event: 7.805 Loading class jdk/internal/jrtfs/JrtPath done
Event: 7.805 Loading class jdk/internal/jimage/ImageReader$Node
Event: 7.806 Loading class jdk/internal/jimage/ImageReader$Node done
Event: 7.808 Loading class java/nio/file/SimpleFileVisitor
Event: 7.808 Loading class java/nio/file/SimpleFileVisitor done
Event: 7.813 Loading class java/nio/file/FileVisitOption
Event: 7.814 Loading class java/nio/file/FileVisitOption done
Event: 7.819 Loading class java/nio/file/FileTreeWalker
Event: 7.829 Loading class java/nio/file/FileTreeWalker done
Event: 7.830 Loading class java/util/RegularEnumSet$EnumSetIterator
Event: 7.830 Loading class java/util/RegularEnumSet$EnumSetIterator done
Event: 7.879 Loading class java/nio/ByteBufferAsIntBufferL
Event: 7.879 Loading class java/nio/ByteBufferAsIntBufferL done
Event: 8.126 Loading class jdk/internal/jimage/ImageReader$Directory
Event: 8.144 Loading class jdk/internal/jimage/ImageReader$Directory done

Classes unloaded (7 events):
Event: 4.588 Thread 0x00000276576d16e0 Unloading class 0x0000027659199400 'java/lang/invoke/LambdaForm$MH+0x0000027659199400'
Event: 4.588 Thread 0x00000276576d16e0 Unloading class 0x0000027659199000 'java/lang/invoke/LambdaForm$MH+0x0000027659199000'
Event: 4.588 Thread 0x00000276576d16e0 Unloading class 0x0000027659198c00 'java/lang/invoke/LambdaForm$MH+0x0000027659198c00'
Event: 4.588 Thread 0x00000276576d16e0 Unloading class 0x0000027659198800 'java/lang/invoke/LambdaForm$MH+0x0000027659198800'
Event: 4.588 Thread 0x00000276576d16e0 Unloading class 0x0000027659198400 'java/lang/invoke/LambdaForm$BMH+0x0000027659198400'
Event: 4.588 Thread 0x00000276576d16e0 Unloading class 0x0000027659198000 'java/lang/invoke/LambdaForm$DMH+0x0000027659198000'
Event: 4.588 Thread 0x00000276576d16e0 Unloading class 0x0000027659196c00 'java/lang/invoke/LambdaForm$DMH+0x0000027659196c00'

Classes redefined (0 events):
No events

Internal exceptions (20 events):
Event: 6.346 Thread 0x000002769f2a8960 Exception <a 'sun/nio/fs/WindowsException'{0x00000000ebf1aba0}> (0x00000000ebf1aba0) 
thrown [s\src\hotspot\share\prims\jni.cpp, line 520]
Event: 6.349 Thread 0x000002769f2a8960 Exception <a 'sun/nio/fs/WindowsException'{0x00000000ebf67b80}> (0x00000000ebf67b80) 
thrown [s\src\hotspot\share\prims\jni.cpp, line 520]
Event: 6.349 Thread 0x000002769f2a8960 Exception <a 'sun/nio/fs/WindowsException'{0x00000000ebf681d0}> (0x00000000ebf681d0) 
thrown [s\src\hotspot\share\prims\jni.cpp, line 520]
Event: 6.355 Thread 0x000002769f2a8960 Exception <a 'java/io/FileNotFoundException'{0x00000000ebfd8620}> (0x00000000ebfd8620) 
thrown [s\src\hotspot\share\prims\jni.cpp, line 520]
Event: 6.453 Thread 0x000002769f2a8960 Exception <a 'sun/nio/fs/WindowsException'{0x00000000eb04fcd0}> (0x00000000eb04fcd0) 
thrown [s\src\hotspot\share\prims\jni.cpp, line 520]
Event: 6.453 Thread 0x000002769f2a8960 Exception <a 'sun/nio/fs/WindowsException'{0x00000000eb050320}> (0x00000000eb050320) 
thrown [s\src\hotspot\share\prims\jni.cpp, line 520]
Event: 6.533 Thread 0x000002769f2a8960 Exception <a 'sun/nio/fs/WindowsException'{0x00000000eab5a9a8}> (0x00000000eab5a9a8) 
thrown [s\src\hotspot\share\prims\jni.cpp, line 520]
Event: 6.534 Thread 0x000002769f2a8960 Exception <a 'sun/nio/fs/WindowsException'{0x00000000eab5aff8}> (0x00000000eab5aff8) 
thrown [s\src\hotspot\share\prims\jni.cpp, line 520]
Event: 6.550 Thread 0x000002769f2a8960 Exception <a 'sun/nio/fs/WindowsException'{0x00000000eab85460}> (0x00000000eab85460) 
thrown [s\src\hotspot\share\prims\jni.cpp, line 520]
Event: 6.550 Thread 0x000002769f2a8960 Exception <a 'sun/nio/fs/WindowsException'{0x00000000eab85ab0}> (0x00000000eab85ab0) 
thrown [s\src\hotspot\share\prims\jni.cpp, line 520]
Event: 6.557 Thread 0x000002769f2a8960 Exception <a 'java/io/FileNotFoundException'{0x00000000eabb6bb0}> (0x00000000eabb6bb0) 
thrown [s\src\hotspot\share\prims\jni.cpp, line 520]
Event: 6.597 Thread 0x000002769f2a8960 Exception <a 'sun/nio/fs/WindowsException'{0x00000000eac3d710}> (0x00000000eac3d710) 
thrown [s\src\hotspot\share\prims\jni.cpp, line 520]
Event: 6.855 Thread 0x000002769f2a6890 Exception <a 'java/lang/NoClassDefFoundError'{0x00000000eb953b60}: javax/enterprise/inject/Typed> (0x00000000eb953b60) 
thrown [s\src\hotspot\share\classfile\systemDictionary.cpp, line 301]
Event: 7.053 Thread 0x000002769f2a8960 Exception <a 'sun/nio/fs/WindowsException'{0x00000000ec0e8c50}> (0x00000000ec0e8c50) 
thrown [s\src\hotspot\share\prims\jni.cpp, line 520]
Event: 7.053 Thread 0x000002769f2a8960 Exception <a 'sun/nio/fs/WindowsException'{0x00000000ec0e9550}> (0x00000000ec0e9550) 
thrown [s\src\hotspot\share\prims\jni.cpp, line 520]
Event: 7.133 Thread 0x0000027643333ef0 Exception <a 'java/lang/NoSuchMethodError'{0x00000000eb234b00}: 'void java.lang.invoke.DirectMethodHandle$Holder.invokeSpecial(java.lang.Object, java.lang.Object, java.lang.Object, java.lang.Object, java.lang.Object, java.lang.Object)'> (0x00000000eb234b00) 
thrown [s\src\hotspot\share\interpreter\linkResolver.cpp, line 773]
Event: 7.144 Thread 0x0000027643333ef0 Exception <a 'java/lang/IncompatibleClassChangeError'{0x00000000eb23cde0}: Found class java.lang.Object, but interface was expected> (0x00000000eb23cde0) 
thrown [s\src\hotspot\share\interpreter\linkResolver.cpp, line 840]
Event: 7.150 Thread 0x0000027643333ef0 Exception <a 'java/lang/IncompatibleClassChangeError'{0x00000000eb23ec68}: Found class java.lang.Object, but interface was expected> (0x00000000eb23ec68) 
thrown [s\src\hotspot\share\interpreter\linkResolver.cpp, line 840]
Event: 7.745 Thread 0x000002769f2a9680 Implicit null exception at 0x000002764e1febf7 to 0x000002764e1fee68
Event: 7.746 Thread 0x000002769f2a9680 Exception <a 'java/lang/NoSuchMethodError'{0x00000000eadfe650}: 'java.lang.Object java.lang.invoke.DelegatingMethodHandle$Holder.reinvoke_L(java.lang.Object, int, long, java.lang.Object, java.lang.Object, int, java.lang.Object)'> (0x00000000eadfe650) 
thrown [s\src\hotspot\share\interpreter\linkResolver.cpp, line 773]

ZGC Phase Switch (0 events):
No events

VM Operations (20 events):
Event: 6.113 Executing VM operation: ParallelGCSystemGC (GCLocker Initiated GC)
Event: 6.115 Executing VM operation: ParallelGCSystemGC (GCLocker Initiated GC) done
Event: 6.370 Executing VM operation: ParallelGCFailedAllocation (Allocation Failure)
Event: 6.373 Executing VM operation: ParallelGCFailedAllocation (Allocation Failure) done
Event: 6.458 Executing VM operation: CollectForMetadataAllocation (Metadata GC Threshold)
Event: 6.490 Executing VM operation: CollectForMetadataAllocation (Metadata GC Threshold) done
Event: 6.840 Executing VM operation: HandshakeAllThreads (Deoptimize)
Event: 6.843 Executing VM operation: HandshakeAllThreads (Deoptimize) done
Event: 7.055 Executing VM operation: ParallelGCFailedAllocation (Allocation Failure)
Event: 7.057 Executing VM operation: ParallelGCFailedAllocation (Allocation Failure) done
Event: 7.174 Executing VM operation: HandshakeAllThreads (Deoptimize)
Event: 7.174 Executing VM operation: HandshakeAllThreads (Deoptimize) done
Event: 7.548 Executing VM operation: ParallelGCFailedAllocation (Allocation Failure)
Event: 7.549 Executing VM operation: ParallelGCFailedAllocation (Allocation Failure) done
Event: 7.708 Executing VM operation: ParallelGCSystemGC (GCLocker Initiated GC)
Event: 7.711 Executing VM operation: ParallelGCSystemGC (GCLocker Initiated GC) done
Event: 7.882 Executing VM operation: HandshakeAllThreads (Deoptimize)
Event: 7.952 Executing VM operation: HandshakeAllThreads (Deoptimize) done
Event: 7.966 Executing VM operation: HandshakeAllThreads (Deoptimize)
Event: 8.083 Executing VM operation: HandshakeAllThreads (Deoptimize) done

Memory protections (0 events):
No events

Nmethod flushes (20 events):
Event: 6.476 Thread 0x00000276576d16e0 flushing  nmethod 0x0000027646be5a10
Event: 6.476 Thread 0x00000276576d16e0 flushing  nmethod 0x0000027646be8210
Event: 6.476 Thread 0x00000276576d16e0 flushing  nmethod 0x0000027646c27c90
Event: 6.476 Thread 0x00000276576d16e0 flushing  nmethod 0x0000027646c28990
Event: 6.476 Thread 0x00000276576d16e0 flushing  nmethod 0x0000027646c34790
Event: 6.476 Thread 0x00000276576d16e0 flushing  nmethod 0x0000027646cec690
Event: 6.476 Thread 0x00000276576d16e0 flushing  nmethod 0x0000027646cfb910
Event: 6.476 Thread 0x00000276576d16e0 flushing  nmethod 0x0000027646cfbd90
Event: 6.476 Thread 0x00000276576d16e0 flushing  nmethod 0x0000027646d00410
Event: 6.476 Thread 0x00000276576d16e0 flushing  nmethod 0x0000027646d15990
Event: 6.476 Thread 0x00000276576d16e0 flushing  nmethod 0x0000027646d15e10
Event: 6.476 Thread 0x00000276576d16e0 flushing  nmethod 0x0000027646d16610
Event: 6.476 Thread 0x00000276576d16e0 flushing  nmethod 0x0000027646d16c90
Event: 6.476 Thread 0x00000276576d16e0 flushing  nmethod 0x0000027646d17790
Event: 6.476 Thread 0x00000276576d16e0 flushing  nmethod 0x0000027646d17d90
Event: 6.476 Thread 0x00000276576d16e0 flushing  nmethod 0x0000027646d18890
Event: 6.476 Thread 0x00000276576d16e0 flushing  nmethod 0x0000027646d19710
Event: 6.476 Thread 0x00000276576d16e0 flushing  nmethod 0x0000027646d1b110
Event: 6.476 Thread 0x00000276576d16e0 flushing  nmethod 0x0000027646d44c10
Event: 6.476 Thread 0x00000276576d16e0 flushing  nmethod 0x0000027646d5c890

Events (20 events):
Event: 4.933 Thread 0x000002769f4147f0 Thread exited: 0x000002769f4147f0
Event: 5.165 Thread 0x000002765772e910 Thread added: 0x00000276a0a81020
Event: 5.165 Thread 0x000002765772e910 Thread added: 0x00000276a0a816c0
Event: 5.398 Thread 0x000002769ac484a0 Thread added: 0x000002769f2a9680
Event: 5.912 Thread 0x000002769f2a8960 Thread added: 0x000002769f2a7c40
Event: 6.094 Thread 0x000002769f2a7c40 Thread added: 0x000002769f2a6200
Event: 6.161 Thread 0x000002769f2a6200 Thread added: 0x00000276a1137df0
Event: 6.304 Thread 0x0000027643333ef0 Thread added: 0x00000276a1138b10
Event: 6.304 Thread 0x0000027643333ef0 Thread added: 0x00000276a11370d0
Event: 6.305 Thread 0x0000027643333ef0 Thread added: 0x00000276a1138480
Event: 6.305 Thread 0x0000027643333ef0 Thread added: 0x00000276a11391a0
Event: 6.306 Thread 0x0000027643333ef0 Thread added: 0x00000276a1139830
Event: 6.306 Thread 0x0000027643333ef0 Thread added: 0x00000276a1139ec0
Event: 6.307 Thread 0x0000027643333ef0 Thread added: 0x00000276a113a550
Event: 6.307 Thread 0x0000027643333ef0 Thread added: 0x00000276a1137760
Event: 6.310 Thread 0x0000027643333ef0 Thread added: 0x00000276a2094e40
Event: 6.386 Thread 0x0000027643333ef0 Thread added: 0x00000276a20926e0
Event: 6.718 Thread 0x000002769f2a6200 Thread added: 0x00000276a2095b60
Event: 7.223 Thread 0x0000027643333ef0 Thread added: 0x00000276a2093400
Event: 7.224 Thread 0x0000027643333ef0 Thread added: 0x00000276a2090ca0


Dynamic libraries:
0x00007ff72bff0000 - 0x00007ff72bffe000 	c:\Users\bouch\.cursor\extensions\redhat.java-1.41.1-win32-x64\jre\21.0.6-win32-x86_64\bin\java.exe
0x00007ffae9f90000 - 0x00007ffaea188000 	C:\windows\SYSTEM32\ntdll.dll
0x00007ffae9920000 - 0x00007ffae99e2000 	C:\windows\System32\KERNEL32.DLL
0x00007ffae7710000 - 0x00007ffae7a06000 	C:\windows\System32\KERNELBASE.dll
0x00007ffae7610000 - 0x00007ffae7710000 	C:\windows\System32\ucrtbase.dll
0x00007ffae3820000 - 0x00007ffae3838000 	c:\Users\bouch\.cursor\extensions\redhat.java-1.41.1-win32-x64\jre\21.0.6-win32-x86_64\bin\jli.dll
0x00007ffae9780000 - 0x00007ffae991d000 	C:\windows\System32\USER32.dll
0x00007ffae7f40000 - 0x00007ffae7f62000 	C:\windows\System32\win32u.dll
0x00007ffae8950000 - 0x00007ffae897b000 	C:\windows\System32\GDI32.dll
0x00007ffae7b40000 - 0x00007ffae7c5a000 	C:\windows\System32\gdi32full.dll
0x00007ffae7aa0000 - 0x00007ffae7b3d000 	C:\windows\System32\msvcp_win.dll
0x00007ffae3800000 - 0x00007ffae381e000 	c:\Users\bouch\.cursor\extensions\redhat.java-1.41.1-win32-x64\jre\21.0.6-win32-x86_64\bin\VCRUNTIME140.dll
0x00007ffaccf60000 - 0x00007ffacd1fa000 	C:\windows\WinSxS\amd64_microsoft.windows.common-controls_6595b64144ccf1df_6.0.19041.4355_none_60b8b9eb71f62e16\COMCTL32.dll
0x00007ffae8e90000 - 0x00007ffae8f2e000 	C:\windows\System32\msvcrt.dll
0x00007ffae8720000 - 0x00007ffae874f000 	C:\windows\System32\IMM32.DLL
0x00007ffae37f0000 - 0x00007ffae37fc000 	c:\Users\bouch\.cursor\extensions\redhat.java-1.41.1-win32-x64\jre\21.0.6-win32-x86_64\bin\vcruntime140_1.dll
0x00007ffaa99c0000 - 0x00007ffaa9a4d000 	c:\Users\bouch\.cursor\extensions\redhat.java-1.41.1-win32-x64\jre\21.0.6-win32-x86_64\bin\msvcp140.dll
0x00007ffa65440000 - 0x00007ffa661d0000 	c:\Users\bouch\.cursor\extensions\redhat.java-1.41.1-win32-x64\jre\21.0.6-win32-x86_64\bin\server\jvm.dll
0x00007ffae9e60000 - 0x00007ffae9f11000 	C:\windows\System32\ADVAPI32.dll
0x00007ffae8df0000 - 0x00007ffae8e8f000 	C:\windows\System32\sechost.dll
0x00007ffae9a50000 - 0x00007ffae9b73000 	C:\windows\System32\RPCRT4.dll
0x00007ffae75e0000 - 0x00007ffae7607000 	C:\windows\System32\bcrypt.dll
0x00007ffae8750000 - 0x00007ffae87bb000 	C:\windows\System32\WS2_32.dll
0x00007ffadc440000 - 0x00007ffadc467000 	C:\windows\SYSTEM32\WINMM.dll
0x00007ffadc340000 - 0x00007ffadc34a000 	C:\windows\SYSTEM32\VERSION.dll
0x00007ffae6b70000 - 0x00007ffae6bbb000 	C:\windows\SYSTEM32\POWRPROF.dll
0x00007ffae69e0000 - 0x00007ffae69f2000 	C:\windows\SYSTEM32\UMPDC.dll
0x00007ffae5db0000 - 0x00007ffae5dc2000 	C:\windows\SYSTEM32\kernel.appcore.dll
0x00007ffae37e0000 - 0x00007ffae37ea000 	c:\Users\bouch\.cursor\extensions\redhat.java-1.41.1-win32-x64\jre\21.0.6-win32-x86_64\bin\jimage.dll
0x00007ffae5160000 - 0x00007ffae5344000 	C:\windows\SYSTEM32\DBGHELP.DLL
0x00007ffaca8f0000 - 0x00007ffaca924000 	C:\windows\SYSTEM32\dbgcore.DLL
0x00007ffae7a10000 - 0x00007ffae7a92000 	C:\windows\System32\bcryptPrimitives.dll
0x00007ffae37d0000 - 0x00007ffae37df000 	c:\Users\bouch\.cursor\extensions\redhat.java-1.41.1-win32-x64\jre\21.0.6-win32-x86_64\bin\instrument.dll
0x00007ffae2740000 - 0x00007ffae275f000 	c:\Users\bouch\.cursor\extensions\redhat.java-1.41.1-win32-x64\jre\21.0.6-win32-x86_64\bin\java.dll
0x00007ffae8f30000 - 0x00007ffae969f000 	C:\windows\System32\SHELL32.dll
0x00007ffae5600000 - 0x00007ffae5da3000 	C:\windows\SYSTEM32\windows.storage.dll
0x00007ffae8a90000 - 0x00007ffae8de5000 	C:\windows\System32\combase.dll
0x00007ffae7010000 - 0x00007ffae703b000 	C:\windows\SYSTEM32\Wldp.dll
0x00007ffae8980000 - 0x00007ffae8a4d000 	C:\windows\System32\OLEAUT32.dll
0x00007ffae9c00000 - 0x00007ffae9cad000 	C:\windows\System32\SHCORE.dll
0x00007ffae99f0000 - 0x00007ffae9a45000 	C:\windows\System32\shlwapi.dll
0x00007ffae7510000 - 0x00007ffae7535000 	C:\windows\SYSTEM32\profapi.dll
0x00007ffae2470000 - 0x00007ffae2488000 	c:\Users\bouch\.cursor\extensions\redhat.java-1.41.1-win32-x64\jre\21.0.6-win32-x86_64\bin\zip.dll
0x00007ffae1ae0000 - 0x00007ffae1af0000 	C:\Users\bouch\.cursor\extensions\redhat.java-1.41.1-win32-x64\jre\21.0.6-win32-x86_64\bin\net.dll
0x00007ffae4540000 - 0x00007ffae464a000 	C:\windows\SYSTEM32\WINHTTP.dll
0x00007ffae6d70000 - 0x00007ffae6ddc000 	C:\windows\system32\mswsock.dll
0x00007ffadf9c0000 - 0x00007ffadf9d6000 	C:\Users\bouch\.cursor\extensions\redhat.java-1.41.1-win32-x64\jre\21.0.6-win32-x86_64\bin\nio.dll
0x00007ffae1a50000 - 0x00007ffae1a60000 	c:\Users\bouch\.cursor\extensions\redhat.java-1.41.1-win32-x64\jre\21.0.6-win32-x86_64\bin\verify.dll
0x00007ffaa96e0000 - 0x00007ffaa9725000 	C:\Users\bouch\AppData\Roaming\Cursor\User\globalStorage\redhat.java\1.41.1\config_win\org.eclipse.equinox.launcher\org.eclipse.equinox.launcher.win32.win32.x86_64_1.2.1300.v20250331-1702\eclipse_11911.dll
0x00007ffae8820000 - 0x00007ffae894b000 	C:\windows\System32\ole32.dll
0x00007ffae6f70000 - 0x00007ffae6f88000 	C:\windows\SYSTEM32\CRYPTSP.dll
0x00007ffae65e0000 - 0x00007ffae6618000 	C:\windows\system32\rsaenh.dll
0x00007ffae74d0000 - 0x00007ffae74fe000 	C:\windows\SYSTEM32\USERENV.dll
0x00007ffae6f60000 - 0x00007ffae6f6c000 	C:\windows\SYSTEM32\CRYPTBASE.dll
0x00007ffae6a00000 - 0x00007ffae6a3b000 	C:\windows\SYSTEM32\IPHLPAPI.DLL
0x00007ffae8590000 - 0x00007ffae8598000 	C:\windows\System32\NSI.dll
0x00007ffaa9110000 - 0x00007ffaa9159000 	C:\Users\bouch\AppData\Local\Temp\jna-93927469\jna5248083514672800563.dll
0x00007ffae8a70000 - 0x00007ffae8a78000 	C:\windows\System32\PSAPI.DLL
0x00007ffae1360000 - 0x00007ffae1377000 	C:\windows\SYSTEM32\dhcpcsvc6.DLL
0x00007ffae1340000 - 0x00007ffae135d000 	C:\windows\SYSTEM32\dhcpcsvc.DLL

dbghelp: loaded successfully - version: 4.0.5 - missing functions: none
symbol engine: initialized successfully - sym options: 0x614 - pdb path: .;c:\Users\bouch\.cursor\extensions\redhat.java-1.41.1-win32-x64\jre\21.0.6-win32-x86_64\bin;C:\windows\SYSTEM32;C:\windows\WinSxS\amd64_microsoft.windows.common-controls_6595b64144ccf1df_6.0.19041.4355_none_60b8b9eb71f62e16;c:\Users\bouch\.cursor\extensions\redhat.java-1.41.1-win32-x64\jre\21.0.6-win32-x86_64\bin\server;C:\Users\bouch\AppData\Roaming\Cursor\User\globalStorage\redhat.java\1.41.1\config_win\org.eclipse.equinox.launcher\org.eclipse.equinox.launcher.win32.win32.x86_64_1.2.1300.v20250331-1702;C:\Users\bouch\AppData\Local\Temp\jna-93927469

VM Arguments:
jvm_args: --add-modules=ALL-SYSTEM --add-opens=java.base/java.util=ALL-UNNAMED --add-opens=java.base/java.lang=ALL-UNNAMED --add-opens=java.base/sun.nio.fs=ALL-UNNAMED -Declipse.application=org.eclipse.jdt.ls.core.id1 -Dosgi.bundles.defaultStartLevel=4 -Declipse.product=org.eclipse.jdt.ls.core.product -Djava.import.generatesMetadataFilesAtProjectRoot=false -DDetectVMInstallationsJob.disabled=true -Dfile.encoding=utf8 -XX:+UseParallelGC -XX:GCTimeRatio=4 -XX:AdaptiveSizePolicyWeight=90 -Dsun.zip.disableMemoryMapping=true -Xmx1G -Xms100m -Xlog:disable -javaagent:c:\Users\bouch\.cursor\extensions\redhat.java-1.41.1-win32-x64\lombok\lombok-1.18.36.jar -XX:+HeapDumpOnOutOfMemoryError -XX:HeapDumpPath=c:\Users\bouch\AppData\Roaming\Cursor\User\workspaceStorage\0926cdee763ccb7bb212e6d916a0a387\redhat.java -Daether.dependencyCollector.impl=bf 
java_command: c:\Users\bouch\.cursor\extensions\redhat.java-1.41.1-win32-x64\server\plugins\org.eclipse.equinox.launcher_1.7.0.v20250331-1702.jar -configuration c:\Users\bouch\AppData\Roaming\Cursor\User\globalStorage\redhat.java\1.41.1\config_win -data c:\Users\bouch\AppData\Roaming\Cursor\User\workspaceStorage\0926cdee763ccb7bb212e6d916a0a387\redhat.java\jdt_ws --pipe=\\.\pipe\lsp-f57a2bb1dc7fbaca51f5a6b3b5e49425-sock
java_class_path (initial): c:\Users\bouch\.cursor\extensions\redhat.java-1.41.1-win32-x64\server\plugins\org.eclipse.equinox.launcher_1.7.0.v20250331-1702.jar
Launcher Type: SUN_STANDARD

[Global flags]
    uintx AdaptiveSizePolicyWeight                 = 90                                        {product} {command line}
     intx CICompilerCount                          = 4                                         {product} {ergonomic}
    uintx GCTimeRatio                              = 4                                         {product} {command line}
     bool HeapDumpOnOutOfMemoryError               = true                                   {manageable} {command line}
    ccstr HeapDumpPath                             = c:\Users\bouch\AppData\Roaming\Cursor\User\workspaceStorage\0926cdee763ccb7bb212e6d916a0a387\redhat.java         {manageable} {command line}
   size_t InitialHeapSize                          = 104857600                                 {product} {command line}
   size_t MaxHeapSize                              = 1073741824                                {product} {command line}
   size_t MaxNewSize                               = 357564416                                 {product} {ergonomic}
   size_t MinHeapDeltaBytes                        = 524288                                    {product} {ergonomic}
   size_t MinHeapSize                              = 104857600                                 {product} {command line}
   size_t NewSize                                  = 34603008                                  {product} {ergonomic}
    uintx NonNMethodCodeHeapSize                   = 5839372                                {pd product} {ergonomic}
    uintx NonProfiledCodeHeapSize                  = 122909434                              {pd product} {ergonomic}
   size_t OldSize                                  = 70254592                                  {product} {ergonomic}
    uintx ProfiledCodeHeapSize                     = 122909434                              {pd product} {ergonomic}
    uintx ReservedCodeCacheSize                    = 251658240                              {pd product} {ergonomic}
     bool SegmentedCodeCache                       = true                                      {product} {ergonomic}
   size_t SoftMaxHeapSize                          = 1073741824                             {manageable} {ergonomic}
     bool UseCompressedOops                        = true                           {product lp64_product} {ergonomic}
     bool UseLargePagesIndividualAllocation        = false                                  {pd product} {ergonomic}
     bool UseParallelGC                            = true                                      {product} {command line}

Logging:
Log output configuration:
 #0: stdout all=off uptime,level,tags foldmultilines=false
 #1: stderr all=off uptime,level,tags foldmultilines=false

Environment Variables:
JAVA_HOME=C:\Program Files (x86)\jdk-17.0.2
PATH=C:\oraclexe\app\oracle\product\10.2.0\server\bin;C:\Program Files\Common Files\Oracle\Java\javapath;C:\Python312\Scripts\;C:\Python312\;C:\Users\bouch\.jdks\jbr-17.0.8\bin;C:\Program Files (x86)\VMware\VMware Workstation\bin\;C:\Program Files (x86)\Razer Chroma SDK\bin;C:\Program Files\Razer Chroma SDK\bin;C:\Program Files (x86)\Common Files\Intel\Shared Libraries\redist\intel64\compiler;C:\Program Files (x86)\Razer\ChromaBroadcast\bin;C:\Program Files\Razer\ChromaBroadcast\bin;C:\windows\system32;C:\windows;C:\windows\System32\Wbem;C:\windows\System32\WindowsPowerShell\v1.0\;C:\windows\System32\OpenSSH\;C:\Program Files (x86)\NVIDIA Corporation\PhysX\Common;C:\Program Files (x86)\dotnet\;C:\windows\system32\config\systemprofile\AppData\Local\Microsoft\WindowsApps;C:\Program Files\dotnet\;C:\Strawberry\c\bin;C:\Strawberry\perl\site\bin;C:\Strawberry\perl\bin;C:\instantclient12_2;C:\Program Files\Git\cmd;C:\xampp2\php;C:\Program Files (x86)\codeblocks\MinGW\bin;D:\GnuWin32\bin;C:\Program Files\wkhtmltopdf\bin;C:\Program Files\nodejs\;C:\ProgramData\chocolatey\bin;C:\Program Files (x86)\jdk-17.0.2\bin;C:\Program Files (x86)\jdk-17.0.2\bin;C:\Program Files\NVIDIA Corporation\NVIDIA app\NvDLISR;C:\Program Files\Microsoft SQL Server\150\Tools\Binn\;C:\Program Files\Microsoft SQL Server\Client SDK\ODBC\170\Tools\Binn\;C:\Program Files\dotnet\sdk\8.0.404;C:\Program Files (x86)\dotnet\sdk\8.0.404;C:\Program Files\Docker\Docker\resources\bin;C:\Program Files\apache-maven\bin;C:\Users\bouch\scoop\shims;C:\Users\bouch\AppData\Local\Microsoft\WindowsApps;C:\Users\bouch\AppData\Local\Programs\Microsoft VS Code\bin;C:\MinGW\bin;C:\Users\bouch\composer;C:\Users\bouch\AppData\Roaming\Composer\vendor\bin;C:\Users\bouch\AppData\Local\GitHubDesktop\bin;C:\Users\bouch\AppData\Roaming\npm;D:\intelij\IntelliJ IDEA 2024.2.1\bin;;C:\Program Files\MongoDB\Server\4.0\bin;C:\Users\bouch\.dotnet\tools;C:\Program Files\dotnet\sdk\8.0.404;C:\Program Files (x86)\dotnet\sdk\8.0.404;C:\Users\bouch\AppData\Local\Programs\cursor\resources\app\bin
USERNAME=bouch
OS=Windows_NT
PROCESSOR_IDENTIFIER=Intel64 Family 6 Model 140 Stepping 1, GenuineIntel
TMP=C:\Users\bouch\AppData\Local\Temp
TEMP=C:\Users\bouch\AppData\Local\Temp




Periodic native trim disabled

---------------  S Y S T E M  ---------------

OS:
 Windows 10 , 64 bit Build 19041 (10.0.19041.5678)
OS uptime: 0 days 1:54 hours
Hyper-V role detected

CPU: total 8 (initial active 8) (4 cores per cpu, 2 threads per core) family 6 model 140 stepping 1 microcode 0xb8, cx8, cmov, fxsr, ht, mmx, 3dnowpref, sse, sse2, sse3, ssse3, sse4.1, sse4.2, popcnt, lzcnt, tsc, tscinvbit, avx, avx2, aes, erms, clmul, bmi1, bmi2, adx, avx512f, avx512dq, avx512cd, avx512bw, avx512vl, sha, fma, vzeroupper, avx512_vpopcntdq, avx512_vpclmulqdq, avx512_vaes, avx512_vnni, clflush, clflushopt, clwb, avx512_vbmi2, avx512_vbmi, hv, rdtscp, rdpid, fsrm, gfni, avx512_bitalg, f16c, cet_ibt, cet_ss, avx512_ifma
Processor Information for the first 8 processors :
  Max Mhz: 3302, Current Mhz: 3302, Mhz Limit: 3302

Memory: 4k page, system-wide physical 16129M (528M free)
TotalPageFile size 20225M (AvailPageFile size 18M)
current process WorkingSet (physical memory assigned to process): 225M, peak: 234M
current process commit charge ("private bytes"): 307M, peak: 318M

vm_info: OpenJDK 64-Bit Server VM (21.0.6+7-LTS) for windows-amd64 JRE (21.0.6+7-LTS), built on 2025-01-21T00:00:00Z by "admin" with MS VC++ 17.7 (VS2022)

END.
