#
# There is insufficient memory for the Java Runtime Environment to continue.
# Native memory allocation (malloc) failed to allocate 907216 bytes. Error detail: Chunk::new
# Possible reasons:
#   The system is out of physical RAM or swap space
#   This process is running with CompressedOops enabled, and the Java Heap may be blocking the growth of the native heap
# Possible solutions:
#   Reduce memory load on the system
#   Increase physical memory or swap space
#   Check if swap backing store is full
#   Decrease Java heap size (-Xmx/-Xms)
#   Decrease number of Java threads
#   Decrease Java thread stack sizes (-Xss)
#   Set larger code cache with -XX:ReservedCodeCacheSize=
#   JVM is running with Unscaled Compressed Oops mode in which the Java heap is
#     placed in the first 4GB address space. The Java Heap base address is the
#     maximum limit for the native heap growth. Please use -XX:HeapBaseMinAddress
#     to set the Java Heap base and to place the Java Heap above 4GB virtual address.
# This output file may be truncated or incomplete.
#
#  Out of Memory Error (arena.cpp:168), pid=15236, tid=21284
#
# JRE version: OpenJDK Runtime Environment Temurin-21.0.6+7 (21.0.6+7) (build 21.0.6+7-LTS)
# Java VM: OpenJDK 64-Bit Server VM Temurin-21.0.6+7 (21.0.6+7-LTS, mixed mode, sharing, tiered, compressed oops, compressed class ptrs, parallel gc, windows-amd64)
# No core dump will be written. Minidumps are not enabled by default on client versions of Windows
#

---------------  S U M M A R Y ------------

Command Line: --add-modules=ALL-SYSTEM --add-opens=java.base/java.util=ALL-UNNAMED --add-opens=java.base/java.lang=ALL-UNNAMED --add-opens=java.base/sun.nio.fs=ALL-UNNAMED -Declipse.application=org.eclipse.jdt.ls.core.id1 -Dosgi.bundles.defaultStartLevel=4 -Declipse.product=org.eclipse.jdt.ls.core.product -Djava.import.generatesMetadataFilesAtProjectRoot=false -DDetectVMInstallationsJob.disabled=true -Dfile.encoding=utf8 -XX:+UseParallelGC -XX:GCTimeRatio=4 -XX:AdaptiveSizePolicyWeight=90 -Dsun.zip.disableMemoryMapping=true -Xmx1G -Xms100m -Xlog:disable -javaagent:c:\Users\bouch\.cursor\extensions\redhat.java-1.41.1-win32-x64\lombok\lombok-1.18.36.jar c:\Users\bouch\.cursor\extensions\redhat.java-1.41.1-win32-x64\server\plugins\org.eclipse.equinox.launcher_1.7.0.v20250331-1702.jar -configuration c:\Users\bouch\AppData\Roaming\Cursor\User\globalStorage\redhat.java\1.41.1\config_ss_win -data c:\Users\bouch\AppData\Roaming\Cursor\User\workspaceStorage\0926cdee763ccb7bb212e6d916a0a387\redhat.java\ss_ws --pipe=\\.\pipe\lsp-6555e537245a72ef74720292d5a450ea-sock

Host: 11th Gen Intel(R) Core(TM) i7-11370H @ 3.30GHz, 8 cores, 15G,  Windows 10 , 64 bit Build 19041 (10.0.19041.5678)
Time: Fri Apr 11 06:25:24 2025 W. Central Africa Standard Time elapsed time: 2.957068 seconds (0d 0h 0m 2s)

---------------  T H R E A D  ---------------

Current thread (0x000001bebc645880):  JavaThread "C2 CompilerThread0" daemon [_thread_in_native, id=21284, stack(0x0000004d90600000,0x0000004d90700000) (1024K)]


Current CompileTask:
C2:2957 2839       4       java.lang.invoke.MethodType::makeImpl (109 bytes)

Stack: [0x0000004d90600000,0x0000004d90700000]
Native frames: (J=compiled Java code, j=interpreted, Vv=VM code, C=native code)
V  [jvm.dll+0x6cdee9]
V  [jvm.dll+0x8a83d1]
V  [jvm.dll+0x8aa8fe]
V  [jvm.dll+0x8aafe3]
V  [jvm.dll+0x27f706]
V  [jvm.dll+0xc500d]
V  [jvm.dll+0xc5543]
V  [jvm.dll+0x2f2acd]
V  [jvm.dll+0x5f6a2a]
V  [jvm.dll+0x250bb2]
V  [jvm.dll+0x24965f]
V  [jvm.dll+0x246ec4]
V  [jvm.dll+0x1c75ee]
V  [jvm.dll+0x25685a]
V  [jvm.dll+0x254dfa]
V  [jvm.dll+0x3f0256]
V  [jvm.dll+0x851f8b]
V  [jvm.dll+0x6cc5ed]
C  [ucrtbase.dll+0x21bb2]
C  [KERNEL32.DLL+0x17374]
C  [ntdll.dll+0x4cc91]


---------------  P R O C E S S  ---------------

Threads class SMR info:
_java_thread_list=0x000001be84be36b0, length=22, elements={
0x000001bea82821c0, 0x000001bebc62ddf0, 0x000001bebc62f6f0, 0x000001bebc635280,
0x000001bebc637fa0, 0x000001bebc63b560, 0x000001bebc640b70, 0x000001bebc645880,
0x000001bebc64a590, 0x000001bebc641f20, 0x000001bebc641200, 0x000001bebc641890,
0x000001bebc6425b0, 0x000001bebc642c40, 0x000001bebc6432d0, 0x000001bebc63fe50,
0x000001bebc6404e0, 0x000001be84409720, 0x000001be84409db0, 0x000001be84407ce0,
0x000001be8447e950, 0x000001be8440b160
}

Java Threads: ( => current thread )
  0x000001bea82821c0 JavaThread "main"                              [_thread_blocked, id=20368, stack(0x0000004d8fc00000,0x0000004d8fd00000) (1024K)]
  0x000001bebc62ddf0 JavaThread "Reference Handler"          daemon [_thread_blocked, id=14424, stack(0x0000004d90000000,0x0000004d90100000) (1024K)]
  0x000001bebc62f6f0 JavaThread "Finalizer"                  daemon [_thread_blocked, id=20528, stack(0x0000004d90100000,0x0000004d90200000) (1024K)]
  0x000001bebc635280 JavaThread "Signal Dispatcher"          daemon [_thread_blocked, id=20620, stack(0x0000004d90200000,0x0000004d90300000) (1024K)]
  0x000001bebc637fa0 JavaThread "Attach Listener"            daemon [_thread_blocked, id=20624, stack(0x0000004d90300000,0x0000004d90400000) (1024K)]
  0x000001bebc63b560 JavaThread "Service Thread"             daemon [_thread_blocked, id=20816, stack(0x0000004d90400000,0x0000004d90500000) (1024K)]
  0x000001bebc640b70 JavaThread "Monitor Deflation Thread"   daemon [_thread_blocked, id=20872, stack(0x0000004d90500000,0x0000004d90600000) (1024K)]
=>0x000001bebc645880 JavaThread "C2 CompilerThread0"         daemon [_thread_in_native, id=21284, stack(0x0000004d90600000,0x0000004d90700000) (1024K)]
  0x000001bebc64a590 JavaThread "C1 CompilerThread0"         daemon [_thread_blocked, id=20672, stack(0x0000004d90700000,0x0000004d90800000) (1024K)]
  0x000001bebc641f20 JavaThread "Common-Cleaner"             daemon [_thread_blocked, id=19400, stack(0x0000004d90800000,0x0000004d90900000) (1024K)]
  0x000001bebc641200 JavaThread "Notification Thread"        daemon [_thread_blocked, id=2000, stack(0x0000004d90a00000,0x0000004d90b00000) (1024K)]
  0x000001bebc641890 JavaThread "Active Thread: Equinox Container: 2a6a6050-7a33-41cd-a7f7-4b6eecd44271"        [_thread_blocked, id=21020, stack(0x0000004d91200000,0x0000004d91300000) (1024K)]
  0x000001bebc6425b0 JavaThread "Framework Event Dispatcher: Equinox Container: 2a6a6050-7a33-41cd-a7f7-4b6eecd44271" daemon [_thread_blocked, id=21028, stack(0x0000004d90b00000,0x0000004d90c00000) (1024K)]
  0x000001bebc642c40 JavaThread "Start Level: Equinox Container: 2a6a6050-7a33-41cd-a7f7-4b6eecd44271" daemon [_thread_in_Java, id=21032, stack(0x0000004d91300000,0x0000004d91400000) (1024K)]
  0x000001bebc6432d0 JavaThread "SCR Component Actor"        daemon [_thread_blocked, id=21040, stack(0x0000004d91400000,0x0000004d91500000) (1024K)]
  0x000001bebc63fe50 JavaThread "SCR Component Registry"     daemon [_thread_blocked, id=16876, stack(0x0000004d91600000,0x0000004d91700000) (1024K)]
  0x000001bebc6404e0 JavaThread "Worker-JM"                         [_thread_blocked, id=14668, stack(0x0000004d91800000,0x0000004d91900000) (1024K)]
  0x000001be84409720 JavaThread "JNA Cleaner"                daemon [_thread_blocked, id=9040, stack(0x0000004d90900000,0x0000004d90a00000) (1024K)]
  0x000001be84409db0 JavaThread "Worker-0"                          [_thread_blocked, id=5964, stack(0x0000004d91700000,0x0000004d91800000) (1024K)]
  0x000001be84407ce0 JavaThread "Worker-1"                          [_thread_blocked, id=4124, stack(0x0000004d91900000,0x0000004d91a00000) (1024K)]
  0x000001be8447e950 JavaThread "C2 CompilerThread1"         daemon [_thread_in_native, id=8816, stack(0x0000004d91a00000,0x0000004d91b00000) (1024K)]
  0x000001be8440b160 JavaThread "Java indexing"              daemon [_thread_blocked, id=2712, stack(0x0000004d91b00000,0x0000004d91c00000) (1024K)]
Total: 22

Other Threads:
  0x000001bea8341bb0 VMThread "VM Thread"                           [id=20144, stack(0x0000004d8ff00000,0x0000004d90000000) (1024K)]
  0x000001bebc55c950 WatcherThread "VM Periodic Task Thread"        [id=16588, stack(0x0000004d8fe00000,0x0000004d8ff00000) (1024K)]
  0x000001bea82a2610 WorkerThread "GC Thread#0"                     [id=19628, stack(0x0000004d8fd00000,0x0000004d8fe00000) (1024K)]
  0x000001beffa0cf40 WorkerThread "GC Thread#1"                     [id=15668, stack(0x0000004d90c00000,0x0000004d90d00000) (1024K)]
  0x000001be8404a730 WorkerThread "GC Thread#2"                     [id=14292, stack(0x0000004d90d00000,0x0000004d90e00000) (1024K)]
  0x000001beffa0d2e0 WorkerThread "GC Thread#3"                     [id=17592, stack(0x0000004d90e00000,0x0000004d90f00000) (1024K)]
  0x000001beff8f0f70 WorkerThread "GC Thread#4"                     [id=1920, stack(0x0000004d90f00000,0x0000004d91000000) (1024K)]
  0x000001beff8f1310 WorkerThread "GC Thread#5"                     [id=17288, stack(0x0000004d91000000,0x0000004d91100000) (1024K)]
  0x000001beffa9b430 WorkerThread "GC Thread#6"                     [id=20680, stack(0x0000004d91100000,0x0000004d91200000) (1024K)]
  0x000001beffbea6b0 WorkerThread "GC Thread#7"                     [id=11736, stack(0x0000004d91500000,0x0000004d91600000) (1024K)]
Total: 10

Threads with active compile tasks:
C2 CompilerThread0  2983 2839       4       java.lang.invoke.MethodType::makeImpl (109 bytes)
C2 CompilerThread1  2983 2715       4       org.lombokweb.asm.ClassReader::readMethod (1070 bytes)
Total: 2

VM state: not at safepoint (normal execution)

VM Mutex/Monitor currently owned by a thread: None

Heap address: 0x00000000c0000000, size: 1024 MB, Compressed Oops mode: 32-bit

CDS archive(s) mapped at: [0x000001bebd000000-0x000001bebdba0000-0x000001bebdba0000), size 12189696, SharedBaseAddress: 0x000001bebd000000, ArchiveRelocationMode: 1.
Compressed class space mapped at: 0x000001bebe000000-0x000001befe000000, reserved size: 1073741824
Narrow klass base: 0x000001bebd000000, Narrow klass shift: 0, Narrow klass range: 0x100000000

GC Precious Log:
 CardTable entry size: 512
 CPUs: 8 total, 8 available
 Memory: 16129M
 Large Page Support: Disabled
 NUMA Support: Disabled
 Compressed Oops: Enabled (32-bit)
 Alignments: Space 512K, Generation 512K, Heap 2M
 Heap Min Capacity: 100M
 Heap Initial Capacity: 100M
 Heap Max Capacity: 1G
 Pre-touch: Disabled
 Parallel Workers: 8

Heap:
 PSYoungGen      total 27648K, used 4878K [0x00000000eab00000, 0x00000000eca00000, 0x0000000100000000)
  eden space 24576K, 8% used [0x00000000eab00000,0x00000000ead25640,0x00000000ec300000)
  from space 3072K, 87% used [0x00000000ec400000,0x00000000ec69e4f8,0x00000000ec700000)
  to   space 3072K, 0% used [0x00000000ec700000,0x00000000ec700000,0x00000000eca00000)
 ParOldGen       total 68608K, used 8761K [0x00000000c0000000, 0x00000000c4300000, 0x00000000eab00000)
  object space 68608K, 12% used [0x00000000c0000000,0x00000000c088e470,0x00000000c4300000)
 Metaspace       used 23033K, committed 23744K, reserved 1114112K
  class space    used 2140K, committed 2432K, reserved 1048576K

Card table byte_map: [0x000001bea7c50000,0x000001bea7e60000] _byte_map_base: 0x000001bea7650000

Marking Bits: (ParMarkBitMap*) 0x00007ffa660f3260
 Begin Bits: [0x000001beba480000, 0x000001bebb480000)
 End Bits:   [0x000001bebb480000, 0x000001bebc480000)

Polling page: 0x000001bea6290000

Metaspace:

Usage:
  Non-class:     20.40 MB used.
      Class:      2.09 MB used.
       Both:     22.49 MB used.

Virtual space:
  Non-class space:       64.00 MB reserved,      20.81 MB ( 33%) committed,  1 nodes.
      Class space:        1.00 GB reserved,       2.38 MB ( <1%) committed,  1 nodes.
             Both:        1.06 GB reserved,      23.19 MB (  2%) committed. 

Chunk freelists:
   Non-Class:  10.67 MB
       Class:  13.50 MB
        Both:  24.17 MB

MaxMetaspaceSize: unlimited
CompressedClassSpaceSize: 1.00 GB
Initial GC threshold: 21.00 MB
Current GC threshold: 35.00 MB
CDS: on
 - commit_granule_bytes: 65536.
 - commit_granule_words: 8192.
 - virtual_space_node_default_size: 8388608.
 - enlarge_chunks_in_place: 1.
 - use_allocation_guard: 0.


Internal statistics:

num_allocs_failed_limit: 3.
num_arena_births: 512.
num_arena_deaths: 14.
num_vsnodes_births: 2.
num_vsnodes_deaths: 0.
num_space_committed: 371.
num_space_uncommitted: 0.
num_chunks_returned_to_freelist: 17.
num_chunks_taken_from_freelist: 1360.
num_chunk_merges: 9.
num_chunk_splits: 916.
num_chunks_enlarged: 597.
num_inconsistent_stats: 0.

CodeHeap 'non-profiled nmethods': size=120000Kb used=1286Kb max_used=1286Kb free=118714Kb
 bounds [0x000001beb2f50000, 0x000001beb31c0000, 0x000001beba480000]
CodeHeap 'profiled nmethods': size=120000Kb used=5947Kb max_used=5947Kb free=114052Kb
 bounds [0x000001beab480000, 0x000001beaba50000, 0x000001beb29b0000]
CodeHeap 'non-nmethods': size=5760Kb used=1332Kb max_used=1347Kb free=4427Kb
 bounds [0x000001beb29b0000, 0x000001beb2c20000, 0x000001beb2f50000]
 total_blobs=3539 nmethods=2933 adapters=512
 compilation: enabled
              stopped_count=0, restarted_count=0
 full_count=0

Compilation events (20 events):
Event: 2.944 Thread 0x000001bebc64a590 2884       3       sun.util.locale.StringTokenIterator::nextDelimiter (116 bytes)
Event: 2.944 Thread 0x000001bebc64a590 nmethod 2884 0x000001beaba26090 code [0x000001beaba263c0, 0x000001beaba27748]
Event: 2.944 Thread 0x000001bebc64a590 2887       3       sun.util.locale.BaseLocale::getInstance (150 bytes)
Event: 2.945 Thread 0x000001bebc64a590 nmethod 2887 0x000001beaba27f90 code [0x000001beaba28220, 0x000001beaba28c48]
Event: 2.945 Thread 0x000001bebc64a590 2885       3       sun.util.locale.LocaleUtils::isAlphaString (33 bytes)
Event: 2.946 Thread 0x000001bebc64a590 nmethod 2885 0x000001beaba29090 code [0x000001beaba292c0, 0x000001beaba29b58]
Event: 2.946 Thread 0x000001bebc64a590 2893       3       sun.util.locale.LocaleUtils::toUpperString (95 bytes)
Event: 2.947 Thread 0x000001bebc64a590 nmethod 2893 0x000001beaba29f10 code [0x000001beaba2a1e0, 0x000001beaba2b280]
Event: 2.947 Thread 0x000001bebc64a590 2891       3       sun.util.locale.LocaleUtils::isEmpty (19 bytes)
Event: 2.947 Thread 0x000001bebc64a590 nmethod 2891 0x000001beaba2b910 code [0x000001beaba2bac0, 0x000001beaba2bcf8]
Event: 2.947 Thread 0x000001bebc64a590 2890       3       sun.util.locale.InternalLocaleBuilder::clearExtensions (50 bytes)
Event: 2.947 Thread 0x000001bebc64a590 nmethod 2890 0x000001beaba2bd90 code [0x000001beaba2bf60, 0x000001beaba2c370]
Event: 2.947 Thread 0x000001bebc64a590 2888       3       sun.util.locale.LocaleObjectCache::get (126 bytes)
Event: 2.948 Thread 0x000001bebc64a590 nmethod 2888 0x000001beaba2c490 code [0x000001beaba2c760, 0x000001beaba2d840]
Event: 2.948 Thread 0x000001bebc64a590 2889       3       sun.util.locale.LocaleObjectCache::cleanStaleEntries (34 bytes)
Event: 2.948 Thread 0x000001bebc64a590 nmethod 2889 0x000001beaba2dd10 code [0x000001beaba2dee0, 0x000001beaba2e358]
Event: 2.948 Thread 0x000001bebc64a590 2892       3       sun.util.locale.BaseLocale$Key::<init> (76 bytes)
Event: 2.948 Thread 0x000001bebc64a590 nmethod 2892 0x000001beaba2e510 code [0x000001beaba2e700, 0x000001beaba2ec88]
Event: 2.948 Thread 0x000001bebc64a590 2886       3       java.util.Locale::<init> (15 bytes)
Event: 2.948 Thread 0x000001bebc64a590 nmethod 2886 0x000001beaba2ee90 code [0x000001beaba2f040, 0x000001beaba2f1d8]

GC Heap History (16 events):
Event: 0.730 GC heap before
{Heap before GC invocations=1 (full 0):
 PSYoungGen      total 29696K, used 25600K [0x00000000eab00000, 0x00000000ecc00000, 0x0000000100000000)
  eden space 25600K, 100% used [0x00000000eab00000,0x00000000ec400000,0x00000000ec400000)
  from space 4096K, 0% used [0x00000000ec800000,0x00000000ec800000,0x00000000ecc00000)
  to   space 4096K, 0% used [0x00000000ec400000,0x00000000ec400000,0x00000000ec800000)
 ParOldGen       total 68608K, used 0K [0x00000000c0000000, 0x00000000c4300000, 0x00000000eab00000)
  object space 68608K, 0% used [0x00000000c0000000,0x00000000c0000000,0x00000000c4300000)
 Metaspace       used 4348K, committed 4544K, reserved 1114112K
  class space    used 438K, committed 512K, reserved 1048576K
}
Event: 0.736 GC heap after
{Heap after GC invocations=1 (full 0):
 PSYoungGen      total 29696K, used 3230K [0x00000000eab00000, 0x00000000ecc00000, 0x0000000100000000)
  eden space 25600K, 0% used [0x00000000eab00000,0x00000000eab00000,0x00000000ec400000)
  from space 4096K, 78% used [0x00000000ec400000,0x00000000ec727a90,0x00000000ec800000)
  to   space 4096K, 0% used [0x00000000ec800000,0x00000000ec800000,0x00000000ecc00000)
 ParOldGen       total 68608K, used 16K [0x00000000c0000000, 0x00000000c4300000, 0x00000000eab00000)
  object space 68608K, 0% used [0x00000000c0000000,0x00000000c0004000,0x00000000c4300000)
 Metaspace       used 4348K, committed 4544K, reserved 1114112K
  class space    used 438K, committed 512K, reserved 1048576K
}
Event: 1.353 GC heap before
{Heap before GC invocations=2 (full 0):
 PSYoungGen      total 29696K, used 28830K [0x00000000eab00000, 0x00000000ecc00000, 0x0000000100000000)
  eden space 25600K, 100% used [0x00000000eab00000,0x00000000ec400000,0x00000000ec400000)
  from space 4096K, 78% used [0x00000000ec400000,0x00000000ec727a90,0x00000000ec800000)
  to   space 4096K, 0% used [0x00000000ec800000,0x00000000ec800000,0x00000000ecc00000)
 ParOldGen       total 68608K, used 16K [0x00000000c0000000, 0x00000000c4300000, 0x00000000eab00000)
  object space 68608K, 0% used [0x00000000c0000000,0x00000000c0004000,0x00000000c4300000)
 Metaspace       used 8219K, committed 8512K, reserved 1114112K
  class space    used 816K, committed 960K, reserved 1048576K
}
Event: 1.357 GC heap after
{Heap after GC invocations=2 (full 0):
 PSYoungGen      total 29696K, used 4075K [0x00000000eab00000, 0x00000000ecc00000, 0x0000000100000000)
  eden space 25600K, 0% used [0x00000000eab00000,0x00000000eab00000,0x00000000ec400000)
  from space 4096K, 99% used [0x00000000ec800000,0x00000000ecbfafc0,0x00000000ecc00000)
  to   space 4096K, 0% used [0x00000000ec400000,0x00000000ec400000,0x00000000ec800000)
 ParOldGen       total 68608K, used 856K [0x00000000c0000000, 0x00000000c4300000, 0x00000000eab00000)
  object space 68608K, 1% used [0x00000000c0000000,0x00000000c00d6030,0x00000000c4300000)
 Metaspace       used 8219K, committed 8512K, reserved 1114112K
  class space    used 816K, committed 960K, reserved 1048576K
}
Event: 1.812 GC heap before
{Heap before GC invocations=3 (full 0):
 PSYoungGen      total 29696K, used 29675K [0x00000000eab00000, 0x00000000ecc00000, 0x0000000100000000)
  eden space 25600K, 100% used [0x00000000eab00000,0x00000000ec400000,0x00000000ec400000)
  from space 4096K, 99% used [0x00000000ec800000,0x00000000ecbfafc0,0x00000000ecc00000)
  to   space 4096K, 0% used [0x00000000ec400000,0x00000000ec400000,0x00000000ec800000)
 ParOldGen       total 68608K, used 856K [0x00000000c0000000, 0x00000000c4300000, 0x00000000eab00000)
  object space 68608K, 1% used [0x00000000c0000000,0x00000000c00d6030,0x00000000c4300000)
 Metaspace       used 13013K, committed 13504K, reserved 1114112K
  class space    used 1308K, committed 1536K, reserved 1048576K
}
Event: 1.816 GC heap after
{Heap after GC invocations=3 (full 0):
 PSYoungGen      total 29696K, used 4083K [0x00000000eab00000, 0x00000000ecc00000, 0x0000000100000000)
  eden space 25600K, 0% used [0x00000000eab00000,0x00000000eab00000,0x00000000ec400000)
  from space 4096K, 99% used [0x00000000ec400000,0x00000000ec7fcd60,0x00000000ec800000)
  to   space 4096K, 0% used [0x00000000ec800000,0x00000000ec800000,0x00000000ecc00000)
 ParOldGen       total 68608K, used 2895K [0x00000000c0000000, 0x00000000c4300000, 0x00000000eab00000)
  object space 68608K, 4% used [0x00000000c0000000,0x00000000c02d3e08,0x00000000c4300000)
 Metaspace       used 13013K, committed 13504K, reserved 1114112K
  class space    used 1308K, committed 1536K, reserved 1048576K
}
Event: 2.334 GC heap before
{Heap before GC invocations=4 (full 0):
 PSYoungGen      total 29696K, used 29683K [0x00000000eab00000, 0x00000000ecc00000, 0x0000000100000000)
  eden space 25600K, 100% used [0x00000000eab00000,0x00000000ec400000,0x00000000ec400000)
  from space 4096K, 99% used [0x00000000ec400000,0x00000000ec7fcd60,0x00000000ec800000)
  to   space 4096K, 0% used [0x00000000ec800000,0x00000000ec800000,0x00000000ecc00000)
 ParOldGen       total 68608K, used 2895K [0x00000000c0000000, 0x00000000c4300000, 0x00000000eab00000)
  object space 68608K, 4% used [0x00000000c0000000,0x00000000c02d3e08,0x00000000c4300000)
 Metaspace       used 16976K, committed 17600K, reserved 1114112K
  class space    used 1706K, committed 1984K, reserved 1048576K
}
Event: 2.338 GC heap after
{Heap after GC invocations=4 (full 0):
 PSYoungGen      total 29696K, used 4088K [0x00000000eab00000, 0x00000000ecc00000, 0x0000000100000000)
  eden space 25600K, 0% used [0x00000000eab00000,0x00000000eab00000,0x00000000ec400000)
  from space 4096K, 99% used [0x00000000ec800000,0x00000000ecbfe2d0,0x00000000ecc00000)
  to   space 4096K, 0% used [0x00000000ec400000,0x00000000ec400000,0x00000000ec800000)
 ParOldGen       total 68608K, used 4738K [0x00000000c0000000, 0x00000000c4300000, 0x00000000eab00000)
  object space 68608K, 6% used [0x00000000c0000000,0x00000000c04a0828,0x00000000c4300000)
 Metaspace       used 16976K, committed 17600K, reserved 1114112K
  class space    used 1706K, committed 1984K, reserved 1048576K
}
Event: 2.536 GC heap before
{Heap before GC invocations=5 (full 0):
 PSYoungGen      total 29696K, used 29688K [0x00000000eab00000, 0x00000000ecc00000, 0x0000000100000000)
  eden space 25600K, 100% used [0x00000000eab00000,0x00000000ec400000,0x00000000ec400000)
  from space 4096K, 99% used [0x00000000ec800000,0x00000000ecbfe2d0,0x00000000ecc00000)
  to   space 4096K, 0% used [0x00000000ec400000,0x00000000ec400000,0x00000000ec800000)
 ParOldGen       total 68608K, used 4738K [0x00000000c0000000, 0x00000000c4300000, 0x00000000eab00000)
  object space 68608K, 6% used [0x00000000c0000000,0x00000000c04a0828,0x00000000c4300000)
 Metaspace       used 20123K, committed 20800K, reserved 1114112K
  class space    used 1913K, committed 2176K, reserved 1048576K
}
Event: 2.539 GC heap after
{Heap after GC invocations=5 (full 0):
 PSYoungGen      total 29184K, used 4092K [0x00000000eab00000, 0x00000000ecd80000, 0x0000000100000000)
  eden space 25088K, 0% used [0x00000000eab00000,0x00000000eab00000,0x00000000ec380000)
  from space 4096K, 99% used [0x00000000ec400000,0x00000000ec7ff228,0x00000000ec800000)
  to   space 5120K, 0% used [0x00000000ec880000,0x00000000ec880000,0x00000000ecd80000)
 ParOldGen       total 68608K, used 4914K [0x00000000c0000000, 0x00000000c4300000, 0x00000000eab00000)
  object space 68608K, 7% used [0x00000000c0000000,0x00000000c04cc828,0x00000000c4300000)
 Metaspace       used 20123K, committed 20800K, reserved 1114112K
  class space    used 1913K, committed 2176K, reserved 1048576K
}
Event: 2.582 GC heap before
{Heap before GC invocations=6 (full 0):
 PSYoungGen      total 29184K, used 10165K [0x00000000eab00000, 0x00000000ecd80000, 0x0000000100000000)
  eden space 25088K, 24% used [0x00000000eab00000,0x00000000eb0ee4e8,0x00000000ec380000)
  from space 4096K, 99% used [0x00000000ec400000,0x00000000ec7ff228,0x00000000ec800000)
  to   space 5120K, 0% used [0x00000000ec880000,0x00000000ec880000,0x00000000ecd80000)
 ParOldGen       total 68608K, used 4914K [0x00000000c0000000, 0x00000000c4300000, 0x00000000eab00000)
  object space 68608K, 7% used [0x00000000c0000000,0x00000000c04cc828,0x00000000c4300000)
 Metaspace       used 20862K, committed 21504K, reserved 1114112K
  class space    used 1975K, committed 2240K, reserved 1048576K
}
Event: 2.587 GC heap after
{Heap after GC invocations=6 (full 0):
 PSYoungGen      total 29696K, used 4286K [0x00000000eab00000, 0x00000000ecd00000, 0x0000000100000000)
  eden space 25088K, 0% used [0x00000000eab00000,0x00000000eab00000,0x00000000ec380000)
  from space 4608K, 93% used [0x00000000ec880000,0x00000000eccaf850,0x00000000ecd00000)
  to   space 4608K, 0% used [0x00000000ec400000,0x00000000ec400000,0x00000000ec880000)
 ParOldGen       total 68608K, used 4922K [0x00000000c0000000, 0x00000000c4300000, 0x00000000eab00000)
  object space 68608K, 7% used [0x00000000c0000000,0x00000000c04ce828,0x00000000c4300000)
 Metaspace       used 20862K, committed 21504K, reserved 1114112K
  class space    used 1975K, committed 2240K, reserved 1048576K
}
Event: 2.587 GC heap before
{Heap before GC invocations=7 (full 1):
 PSYoungGen      total 29696K, used 4286K [0x00000000eab00000, 0x00000000ecd00000, 0x0000000100000000)
  eden space 25088K, 0% used [0x00000000eab00000,0x00000000eab00000,0x00000000ec380000)
  from space 4608K, 93% used [0x00000000ec880000,0x00000000eccaf850,0x00000000ecd00000)
  to   space 4608K, 0% used [0x00000000ec400000,0x00000000ec400000,0x00000000ec880000)
 ParOldGen       total 68608K, used 4922K [0x00000000c0000000, 0x00000000c4300000, 0x00000000eab00000)
  object space 68608K, 7% used [0x00000000c0000000,0x00000000c04ce828,0x00000000c4300000)
 Metaspace       used 20862K, committed 21504K, reserved 1114112K
  class space    used 1975K, committed 2240K, reserved 1048576K
}
Event: 2.610 GC heap after
{Heap after GC invocations=7 (full 1):
 PSYoungGen      total 29696K, used 0K [0x00000000eab00000, 0x00000000ecd00000, 0x0000000100000000)
  eden space 25088K, 0% used [0x00000000eab00000,0x00000000eab00000,0x00000000ec380000)
  from space 4608K, 0% used [0x00000000ec880000,0x00000000ec880000,0x00000000ecd00000)
  to   space 4608K, 0% used [0x00000000ec400000,0x00000000ec400000,0x00000000ec880000)
 ParOldGen       total 68608K, used 8753K [0x00000000c0000000, 0x00000000c4300000, 0x00000000eab00000)
  object space 68608K, 12% used [0x00000000c0000000,0x00000000c088c470,0x00000000c4300000)
 Metaspace       used 20850K, committed 21504K, reserved 1114112K
  class space    used 1972K, committed 2240K, reserved 1048576K
}
Event: 2.936 GC heap before
{Heap before GC invocations=8 (full 1):
 PSYoungGen      total 29696K, used 25088K [0x00000000eab00000, 0x00000000ecd00000, 0x0000000100000000)
  eden space 25088K, 100% used [0x00000000eab00000,0x00000000ec380000,0x00000000ec380000)
  from space 4608K, 0% used [0x00000000ec880000,0x00000000ec880000,0x00000000ecd00000)
  to   space 4608K, 0% used [0x00000000ec400000,0x00000000ec400000,0x00000000ec880000)
 ParOldGen       total 68608K, used 8753K [0x00000000c0000000, 0x00000000c4300000, 0x00000000eab00000)
  object space 68608K, 12% used [0x00000000c0000000,0x00000000c088c470,0x00000000c4300000)
 Metaspace       used 22830K, committed 23488K, reserved 1114112K
  class space    used 2122K, committed 2432K, reserved 1048576K
}
Event: 2.937 GC heap after
{Heap after GC invocations=8 (full 1):
 PSYoungGen      total 27648K, used 2681K [0x00000000eab00000, 0x00000000eca00000, 0x0000000100000000)
  eden space 24576K, 0% used [0x00000000eab00000,0x00000000eab00000,0x00000000ec300000)
  from space 3072K, 87% used [0x00000000ec400000,0x00000000ec69e4f8,0x00000000ec700000)
  to   space 3072K, 0% used [0x00000000ec700000,0x00000000ec700000,0x00000000eca00000)
 ParOldGen       total 68608K, used 8761K [0x00000000c0000000, 0x00000000c4300000, 0x00000000eab00000)
  object space 68608K, 12% used [0x00000000c0000000,0x00000000c088e470,0x00000000c4300000)
 Metaspace       used 22830K, committed 23488K, reserved 1114112K
  class space    used 2122K, committed 2432K, reserved 1048576K
}

Dll operation events (10 events):
Event: 0.007 Loaded shared library c:\Users\bouch\.cursor\extensions\redhat.java-1.41.1-win32-x64\jre\21.0.6-win32-x86_64\bin\java.dll
Event: 0.068 Loaded shared library c:\Users\bouch\.cursor\extensions\redhat.java-1.41.1-win32-x64\jre\21.0.6-win32-x86_64\bin\zip.dll
Event: 0.086 Loaded shared library C:\Users\bouch\.cursor\extensions\redhat.java-1.41.1-win32-x64\jre\21.0.6-win32-x86_64\bin\instrument.dll
Event: 0.090 Loaded shared library C:\Users\bouch\.cursor\extensions\redhat.java-1.41.1-win32-x64\jre\21.0.6-win32-x86_64\bin\net.dll
Event: 0.092 Loaded shared library C:\Users\bouch\.cursor\extensions\redhat.java-1.41.1-win32-x64\jre\21.0.6-win32-x86_64\bin\nio.dll
Event: 0.095 Loaded shared library C:\Users\bouch\.cursor\extensions\redhat.java-1.41.1-win32-x64\jre\21.0.6-win32-x86_64\bin\zip.dll
Event: 0.109 Loaded shared library C:\Users\bouch\.cursor\extensions\redhat.java-1.41.1-win32-x64\jre\21.0.6-win32-x86_64\bin\jimage.dll
Event: 0.175 Loaded shared library c:\Users\bouch\.cursor\extensions\redhat.java-1.41.1-win32-x64\jre\21.0.6-win32-x86_64\bin\verify.dll
Event: 1.301 Loaded shared library C:\Users\bouch\AppData\Roaming\Cursor\User\globalStorage\redhat.java\1.41.1\config_ss_win\org.eclipse.equinox.launcher\org.eclipse.equinox.launcher.win32.win32.x86_64_1.2.1300.v20250331-1702\eclipse_11911.dll
Event: 2.140 Loaded shared library C:\Users\bouch\AppData\Local\Temp\jna-93927469\jna7929524493151635567.dll

Deoptimization events (20 events):
Event: 2.789 Thread 0x000001bebc642c40 DEOPT PACKING pc=0x000001beb2ff0d70 sp=0x0000004d913f7c60
Event: 2.789 Thread 0x000001bebc642c40 DEOPT UNPACKING pc=0x000001beb2a06da2 sp=0x0000004d913f7998 mode 2
Event: 2.810 Thread 0x000001bebc642c40 DEOPT PACKING pc=0x000001beab91f4a6 sp=0x0000004d913f7dd0
Event: 2.810 Thread 0x000001bebc642c40 DEOPT UNPACKING pc=0x000001beb2a078e2 sp=0x0000004d913f72c8 mode 0
Event: 2.812 Thread 0x000001bebc642c40 DEOPT PACKING pc=0x000001beab91f4a6 sp=0x0000004d913f7dd0
Event: 2.812 Thread 0x000001bebc642c40 DEOPT UNPACKING pc=0x000001beb2a078e2 sp=0x0000004d913f72c8 mode 0
Event: 2.814 Thread 0x000001bebc642c40 DEOPT PACKING pc=0x000001beab91f4a6 sp=0x0000004d913f7dd0
Event: 2.814 Thread 0x000001bebc642c40 DEOPT UNPACKING pc=0x000001beb2a078e2 sp=0x0000004d913f72c8 mode 0
Event: 2.886 Thread 0x000001bebc642c40 Uncommon trap: trap_request=0xffffffc6 fr.pc=0x000001beb2fd6248 relative=0x0000000000000a48
Event: 2.886 Thread 0x000001bebc642c40 Uncommon trap: reason=bimorphic_or_optimized_type_check action=maybe_recompile pc=0x000001beb2fd6248 method=java.util.HashMap.putVal(ILjava/lang/Object;Ljava/lang/Object;ZZ)Ljava/lang/Object; @ 56 c2
Event: 2.886 Thread 0x000001bebc642c40 DEOPT PACKING pc=0x000001beb2fd6248 sp=0x0000004d913f9980
Event: 2.886 Thread 0x000001bebc642c40 DEOPT UNPACKING pc=0x000001beb2a06da2 sp=0x0000004d913f98e8 mode 2
Event: 2.906 Thread 0x000001bebc642c40 DEOPT PACKING pc=0x000001beab91f4a6 sp=0x0000004d913f8d10
Event: 2.906 Thread 0x000001bebc642c40 DEOPT UNPACKING pc=0x000001beb2a078e2 sp=0x0000004d913f8208 mode 0
Event: 2.908 Thread 0x000001bebc642c40 DEOPT PACKING pc=0x000001beab91f4a6 sp=0x0000004d913f8d10
Event: 2.908 Thread 0x000001bebc642c40 DEOPT UNPACKING pc=0x000001beb2a078e2 sp=0x0000004d913f8208 mode 0
Event: 2.909 Thread 0x000001bebc642c40 DEOPT PACKING pc=0x000001beab91f4a6 sp=0x0000004d913f8d10
Event: 2.909 Thread 0x000001bebc642c40 DEOPT UNPACKING pc=0x000001beb2a078e2 sp=0x0000004d913f8208 mode 0
Event: 2.909 Thread 0x000001bebc642c40 DEOPT PACKING pc=0x000001beab91f4a6 sp=0x0000004d913f8d10
Event: 2.909 Thread 0x000001bebc642c40 DEOPT UNPACKING pc=0x000001beb2a078e2 sp=0x0000004d913f8208 mode 0

Classes loaded (20 events):
Event: 2.907 Loading class com/sun/org/apache/xerces/internal/impl/msg/XMLSerializerMessages_en
Event: 2.907 Loading class com/sun/org/apache/xerces/internal/impl/msg/XMLSerializerMessages_en done
Event: 2.907 Loading class com/sun/org/apache/xerces/internal/impl/msg/XMLSerializerMessages_en
Event: 2.907 Loading class com/sun/org/apache/xerces/internal/impl/msg/XMLSerializerMessages_en done
Event: 2.907 Loading class com/sun/org/apache/xerces/internal/impl/msg/XMLSerializerMessages_en_GB
Event: 2.907 Loading class com/sun/org/apache/xerces/internal/impl/msg/XMLSerializerMessages_en_GB done
Event: 2.907 Loading class com/sun/org/apache/xerces/internal/impl/msg/XMLSerializerMessages_en_GB
Event: 2.907 Loading class com/sun/org/apache/xerces/internal/impl/msg/XMLSerializerMessages_en_GB done
Event: 2.908 Loading class com/sun/org/apache/xerces/internal/impl/msg/XMLMessages
Event: 2.908 Loading class com/sun/org/apache/xerces/internal/impl/msg/XMLMessages done
Event: 2.908 Loading class com/sun/org/apache/xerces/internal/impl/msg/XMLMessages
Event: 2.908 Loading class com/sun/org/apache/xerces/internal/impl/msg/XMLMessages done
Event: 2.909 Loading class com/sun/org/apache/xerces/internal/impl/msg/XMLMessages_en
Event: 2.909 Loading class com/sun/org/apache/xerces/internal/impl/msg/XMLMessages_en done
Event: 2.909 Loading class com/sun/org/apache/xerces/internal/impl/msg/XMLMessages_en
Event: 2.909 Loading class com/sun/org/apache/xerces/internal/impl/msg/XMLMessages_en done
Event: 2.909 Loading class com/sun/org/apache/xerces/internal/impl/msg/XMLMessages_en_GB
Event: 2.909 Loading class com/sun/org/apache/xerces/internal/impl/msg/XMLMessages_en_GB done
Event: 2.909 Loading class com/sun/org/apache/xerces/internal/impl/msg/XMLMessages_en_GB
Event: 2.909 Loading class com/sun/org/apache/xerces/internal/impl/msg/XMLMessages_en_GB done

Classes unloaded (7 events):
Event: 2.591 Thread 0x000001bea8341bb0 Unloading class 0x000001bebe18cc00 'java/lang/invoke/LambdaForm$MH+0x000001bebe18cc00'
Event: 2.591 Thread 0x000001bea8341bb0 Unloading class 0x000001bebe18c800 'java/lang/invoke/LambdaForm$MH+0x000001bebe18c800'
Event: 2.591 Thread 0x000001bea8341bb0 Unloading class 0x000001bebe18c400 'java/lang/invoke/LambdaForm$MH+0x000001bebe18c400'
Event: 2.591 Thread 0x000001bea8341bb0 Unloading class 0x000001bebe18c000 'java/lang/invoke/LambdaForm$MH+0x000001bebe18c000'
Event: 2.591 Thread 0x000001bea8341bb0 Unloading class 0x000001bebe18bc00 'java/lang/invoke/LambdaForm$BMH+0x000001bebe18bc00'
Event: 2.591 Thread 0x000001bea8341bb0 Unloading class 0x000001bebe18b800 'java/lang/invoke/LambdaForm$DMH+0x000001bebe18b800'
Event: 2.591 Thread 0x000001bea8341bb0 Unloading class 0x000001bebe18a400 'java/lang/invoke/LambdaForm$DMH+0x000001bebe18a400'

Classes redefined (0 events):
No events

Internal exceptions (20 events):
Event: 2.158 Thread 0x000001bebc642c40 Exception <a 'java/lang/NoSuchMethodError'{0x00000000eba31a90}: 'int java.lang.invoke.Invokers$Holder.invokeExact_MT(java.lang.Object, java.lang.Object, java.lang.Object)'> (0x00000000eba31a90) 
thrown [s\src\hotspot\share\interpreter\linkResolver.cpp, line 773]
Event: 2.177 Thread 0x000001bebc642c40 Exception <a 'java/lang/NoSuchMethodError'{0x00000000ebb3b398}: 'void java.lang.invoke.Invokers$Holder.invokeExact_MT(java.lang.Object, java.lang.Object, int, java.lang.Object)'> (0x00000000ebb3b398) 
thrown [s\src\hotspot\share\interpreter\linkResolver.cpp, line 773]
Event: 2.199 Thread 0x000001bebc642c40 Exception <a 'java/lang/NoSuchMethodError'{0x00000000ebc22e90}: 'java.lang.Object java.lang.invoke.DirectMethodHandle$Holder.invokeSpecial(java.lang.Object, java.lang.Object, java.lang.Object, long, java.lang.Object)'> (0x00000000ebc22e90) 
thrown [s\src\hotspot\share\interpreter\linkResolver.cpp, line 773]
Event: 2.199 Thread 0x000001bebc642c40 Exception <a 'java/lang/NoSuchMethodError'{0x00000000ebc2a620}: 'java.lang.Object java.lang.invoke.DirectMethodHandle$Holder.newInvokeSpecial(java.lang.Object, java.lang.Object, java.lang.Object, long)'> (0x00000000ebc2a620) 
thrown [s\src\hotspot\share\interpreter\linkResolver.cpp, line 773]
Event: 2.200 Thread 0x000001bebc642c40 Exception <a 'java/lang/NoSuchMethodError'{0x00000000ebc2e2a0}: 'java.lang.Object java.lang.invoke.Invokers$Holder.linkToTargetMethod(java.lang.Object, java.lang.Object, long, java.lang.Object)'> (0x00000000ebc2e2a0) 
thrown [s\src\hotspot\share\interpreter\linkResolver.cpp, line 773]
Event: 2.209 Thread 0x000001bebc642c40 Exception <a 'java/lang/NoSuchMethodError'{0x00000000ebc841d0}: 'int java.lang.invoke.DirectMethodHandle$Holder.invokeStaticInit(java.lang.Object, java.lang.Object, java.lang.Object)'> (0x00000000ebc841d0) 
thrown [s\src\hotspot\share\interpreter\linkResolver.cpp, line 773]
Event: 2.216 Thread 0x000001bebc642c40 Exception <a 'java/lang/IncompatibleClassChangeError'{0x00000000ebd22540}: Found class java.lang.Object, but interface was expected> (0x00000000ebd22540) 
thrown [s\src\hotspot\share\interpreter\linkResolver.cpp, line 840]
Event: 2.223 Thread 0x000001bebc642c40 Exception <a 'java/lang/NoSuchMethodError'{0x00000000ebd3c870}: 'java.lang.Object java.lang.invoke.DirectMethodHandle$Holder.invokeSpecial(java.lang.Object, java.lang.Object, java.lang.Object, int, java.lang.Object, java.lang.Object)'> (0x00000000ebd3c870) 
thrown [s\src\hotspot\share\interpreter\linkResolver.cpp, line 773]
Event: 2.224 Thread 0x000001bebc642c40 Exception <a 'java/lang/NoSuchMethodError'{0x00000000ebd44108}: 'java.lang.Object java.lang.invoke.DirectMethodHandle$Holder.newInvokeSpecial(java.lang.Object, java.lang.Object, java.lang.Object, int, java.lang.Object)'> (0x00000000ebd44108) 
thrown [s\src\hotspot\share\interpreter\linkResolver.cpp, line 773]
Event: 2.224 Thread 0x000001bebc642c40 Exception <a 'java/lang/NoSuchMethodError'{0x00000000ebd47bf8}: 'java.lang.Object java.lang.invoke.Invokers$Holder.linkToTargetMethod(java.lang.Object, java.lang.Object, int, java.lang.Object, java.lang.Object)'> (0x00000000ebd47bf8) 
thrown [s\src\hotspot\share\interpreter\linkResolver.cpp, line 773]
Event: 2.225 Thread 0x000001be84409db0 Exception <a 'java/lang/NoSuchMethodError'{0x00000000ebc860f0}: 'java.lang.Object java.lang.invoke.DirectMethodHandle$Holder.invokeSpecial(java.lang.Object, java.lang.Object, int, java.lang.Object, java.lang.Object)'> (0x00000000ebc860f0) 
thrown [s\src\hotspot\share\interpreter\linkResolver.cpp, line 773]
Event: 2.227 Thread 0x000001be84409db0 Exception <a 'java/lang/NoSuchMethodError'{0x00000000ebc8ce28}: 'java.lang.Object java.lang.invoke.DirectMethodHandle$Holder.newInvokeSpecial(java.lang.Object, java.lang.Object, int, java.lang.Object)'> (0x00000000ebc8ce28) 
thrown [s\src\hotspot\share\interpreter\linkResolver.cpp, line 773]
Event: 2.254 Thread 0x000001bebc642c40 Exception <a 'java/lang/NoSuchMethodError'{0x00000000ebe4b9e8}: 'void java.lang.invoke.DirectMethodHandle$Holder.invokeSpecial(java.lang.Object, java.lang.Object, java.lang.Object, java.lang.Object, java.lang.Object)'> (0x00000000ebe4b9e8) 
thrown [s\src\hotspot\share\interpreter\linkResolver.cpp, line 773]
Event: 2.290 Thread 0x000001bebc642c40 Exception <a 'java/lang/NoSuchMethodError'{0x00000000ebf71c68}: 'double java.lang.invoke.DirectMethodHandle$Holder.invokeStatic(java.lang.Object, java.lang.Object)'> (0x00000000ebf71c68) 
thrown [s\src\hotspot\share\interpreter\linkResolver.cpp, line 773]
Event: 2.290 Thread 0x000001bebc642c40 Exception <a 'java/lang/NoSuchMethodError'{0x00000000ebf75328}: 'double java.lang.invoke.DirectMethodHandle$Holder.invokeStaticInit(java.lang.Object, java.lang.Object)'> (0x00000000ebf75328) 
thrown [s\src\hotspot\share\interpreter\linkResolver.cpp, line 773]
Event: 2.530 Thread 0x000001bebc642c40 Implicit null exception at 0x000001beb30775f5 to 0x000001beb3077708
Event: 2.906 Thread 0x000001bebc642c40 Exception <a 'java/lang/ClassNotFoundException'{0x00000000ec0d7ab8}: com/sun/org/apache/xerces/internal/impl/msg/spi/DOMMessagesProvider> (0x00000000ec0d7ab8) 
thrown [s\src\hotspot\share\classfile\systemDictionary.cpp, line 312]
Event: 2.907 Thread 0x000001bebc642c40 Exception <a 'java/lang/ClassNotFoundException'{0x00000000ec0f2e48}: com/sun/org/apache/xerces/internal/impl/msg/spi/XMLSerializerMessagesProvider> (0x00000000ec0f2e48) 
thrown [s\src\hotspot\share\classfile\systemDictionary.cpp, line 312]
Event: 2.908 Thread 0x000001bebc642c40 Exception <a 'java/lang/ClassNotFoundException'{0x00000000ec100168}: com/sun/org/apache/xerces/internal/impl/msg/spi/XMLMessagesProvider> (0x00000000ec100168) 
thrown [s\src\hotspot\share\classfile\systemDictionary.cpp, line 312]
Event: 2.929 Thread 0x000001bebc642c40 Exception <a 'java/lang/NoSuchMethodError'{0x00000000ec2e4c80}: 'java.lang.Object java.lang.invoke.DirectMethodHandle$Holder.newInvokeSpecial(java.lang.Object, int, java.lang.Object, java.lang.Object)'> (0x00000000ec2e4c80) 
thrown [s\src\hotspot\share\interpreter\linkResolver.cpp, line 773]

ZGC Phase Switch (0 events):
No events

VM Operations (20 events):
Event: 1.812 Executing VM operation: ParallelGCFailedAllocation (Allocation Failure)
Event: 1.816 Executing VM operation: ParallelGCFailedAllocation (Allocation Failure) done
Event: 1.866 Executing VM operation: HandshakeAllThreads (Deoptimize)
Event: 1.866 Executing VM operation: HandshakeAllThreads (Deoptimize) done
Event: 1.871 Executing VM operation: HandshakeAllThreads (Deoptimize)
Event: 1.871 Executing VM operation: HandshakeAllThreads (Deoptimize) done
Event: 1.888 Executing VM operation: HandshakeAllThreads (Deoptimize)
Event: 1.889 Executing VM operation: HandshakeAllThreads (Deoptimize) done
Event: 2.147 Executing VM operation: HandshakeAllThreads (Deoptimize)
Event: 2.147 Executing VM operation: HandshakeAllThreads (Deoptimize) done
Event: 2.334 Executing VM operation: ParallelGCFailedAllocation (Allocation Failure)
Event: 2.338 Executing VM operation: ParallelGCFailedAllocation (Allocation Failure) done
Event: 2.536 Executing VM operation: ParallelGCFailedAllocation (Allocation Failure)
Event: 2.539 Executing VM operation: ParallelGCFailedAllocation (Allocation Failure) done
Event: 2.582 Executing VM operation: CollectForMetadataAllocation (Metadata GC Threshold)
Event: 2.610 Executing VM operation: CollectForMetadataAllocation (Metadata GC Threshold) done
Event: 2.801 Executing VM operation: HandshakeAllThreads (Deoptimize)
Event: 2.802 Executing VM operation: HandshakeAllThreads (Deoptimize) done
Event: 2.936 Executing VM operation: ParallelGCFailedAllocation (Allocation Failure)
Event: 2.938 Executing VM operation: ParallelGCFailedAllocation (Allocation Failure) done

Memory protections (0 events):
No events

Nmethod flushes (0 events):
No events

Events (20 events):
Event: 0.036 Thread 0x000001bea82821c0 Thread added: 0x000001bebc64a590
Event: 0.058 Thread 0x000001bea82821c0 Thread added: 0x000001bebc641f20
Event: 0.075 Thread 0x000001bebc645880 Thread added: 0x000001beff1df6a0
Event: 0.261 Thread 0x000001bea82821c0 Thread added: 0x000001bebc641200
Event: 0.385 Thread 0x000001bebc64a590 Thread added: 0x000001beff50d8b0
Event: 1.098 Thread 0x000001bea82821c0 Thread added: 0x000001bebc641890
Event: 1.139 Thread 0x000001beff50d8b0 Thread exited: 0x000001beff50d8b0
Event: 1.293 Thread 0x000001bea82821c0 Thread added: 0x000001bebc6425b0
Event: 1.297 Thread 0x000001bea82821c0 Thread added: 0x000001bebc642c40
Event: 1.332 Thread 0x000001bebc642c40 Thread added: 0x000001bebc6432d0
Event: 1.430 Thread 0x000001bebc642c40 Thread added: 0x000001bebc63fe50
Event: 1.491 Thread 0x000001beff1df6a0 Thread added: 0x000001beffc944a0
Event: 1.692 Thread 0x000001bebc642c40 Thread added: 0x000001bebc6404e0
Event: 2.145 Thread 0x000001beffc944a0 Thread exited: 0x000001beffc944a0
Event: 2.155 Thread 0x000001beff1df6a0 Thread exited: 0x000001beff1df6a0
Event: 2.164 Thread 0x000001bebc642c40 Thread added: 0x000001be84409720
Event: 2.204 Thread 0x000001bebc642c40 Thread added: 0x000001be84409db0
Event: 2.228 Thread 0x000001bebc642c40 Thread added: 0x000001be84407ce0
Event: 2.359 Thread 0x000001bebc64a590 Thread added: 0x000001be8447e950
Event: 2.917 Thread 0x000001bebc642c40 Thread added: 0x000001be8440b160


Dynamic libraries:
0x00007ff72bff0000 - 0x00007ff72bffe000 	c:\Users\bouch\.cursor\extensions\redhat.java-1.41.1-win32-x64\jre\21.0.6-win32-x86_64\bin\java.exe
0x00007ffae9f90000 - 0x00007ffaea188000 	C:\windows\SYSTEM32\ntdll.dll
0x00007ffae9920000 - 0x00007ffae99e2000 	C:\windows\System32\KERNEL32.DLL
0x00007ffae7710000 - 0x00007ffae7a06000 	C:\windows\System32\KERNELBASE.dll
0x00007ffae7610000 - 0x00007ffae7710000 	C:\windows\System32\ucrtbase.dll
0x00007ffae3820000 - 0x00007ffae3838000 	c:\Users\bouch\.cursor\extensions\redhat.java-1.41.1-win32-x64\jre\21.0.6-win32-x86_64\bin\jli.dll
0x00007ffae3800000 - 0x00007ffae381e000 	c:\Users\bouch\.cursor\extensions\redhat.java-1.41.1-win32-x64\jre\21.0.6-win32-x86_64\bin\VCRUNTIME140.dll
0x00007ffae9780000 - 0x00007ffae991d000 	C:\windows\System32\USER32.dll
0x00007ffae7f40000 - 0x00007ffae7f62000 	C:\windows\System32\win32u.dll
0x00007ffaccf60000 - 0x00007ffacd1fa000 	C:\windows\WinSxS\amd64_microsoft.windows.common-controls_6595b64144ccf1df_6.0.19041.4355_none_60b8b9eb71f62e16\COMCTL32.dll
0x00007ffae8950000 - 0x00007ffae897b000 	C:\windows\System32\GDI32.dll
0x00007ffae8e90000 - 0x00007ffae8f2e000 	C:\windows\System32\msvcrt.dll
0x00007ffae7b40000 - 0x00007ffae7c5a000 	C:\windows\System32\gdi32full.dll
0x00007ffae7aa0000 - 0x00007ffae7b3d000 	C:\windows\System32\msvcp_win.dll
0x00007ffae8720000 - 0x00007ffae874f000 	C:\windows\System32\IMM32.DLL
0x00007ffae37f0000 - 0x00007ffae37fc000 	c:\Users\bouch\.cursor\extensions\redhat.java-1.41.1-win32-x64\jre\21.0.6-win32-x86_64\bin\vcruntime140_1.dll
0x00007ffaa99c0000 - 0x00007ffaa9a4d000 	c:\Users\bouch\.cursor\extensions\redhat.java-1.41.1-win32-x64\jre\21.0.6-win32-x86_64\bin\msvcp140.dll
0x00007ffa65440000 - 0x00007ffa661d0000 	c:\Users\bouch\.cursor\extensions\redhat.java-1.41.1-win32-x64\jre\21.0.6-win32-x86_64\bin\server\jvm.dll
0x00007ffae9e60000 - 0x00007ffae9f11000 	C:\windows\System32\ADVAPI32.dll
0x00007ffae8df0000 - 0x00007ffae8e8f000 	C:\windows\System32\sechost.dll
0x00007ffae9a50000 - 0x00007ffae9b73000 	C:\windows\System32\RPCRT4.dll
0x00007ffae75e0000 - 0x00007ffae7607000 	C:\windows\System32\bcrypt.dll
0x00007ffae8750000 - 0x00007ffae87bb000 	C:\windows\System32\WS2_32.dll
0x00007ffae6b70000 - 0x00007ffae6bbb000 	C:\windows\SYSTEM32\POWRPROF.dll
0x00007ffadc440000 - 0x00007ffadc467000 	C:\windows\SYSTEM32\WINMM.dll
0x00007ffadc340000 - 0x00007ffadc34a000 	C:\windows\SYSTEM32\VERSION.dll
0x00007ffae69e0000 - 0x00007ffae69f2000 	C:\windows\SYSTEM32\UMPDC.dll
0x00007ffae5db0000 - 0x00007ffae5dc2000 	C:\windows\SYSTEM32\kernel.appcore.dll
0x00007ffae37e0000 - 0x00007ffae37ea000 	c:\Users\bouch\.cursor\extensions\redhat.java-1.41.1-win32-x64\jre\21.0.6-win32-x86_64\bin\jimage.dll
0x00007ffae5160000 - 0x00007ffae5344000 	C:\windows\SYSTEM32\DBGHELP.DLL
0x00007ffaca8f0000 - 0x00007ffaca924000 	C:\windows\SYSTEM32\dbgcore.DLL
0x00007ffae7a10000 - 0x00007ffae7a92000 	C:\windows\System32\bcryptPrimitives.dll
0x00007ffae37d0000 - 0x00007ffae37df000 	c:\Users\bouch\.cursor\extensions\redhat.java-1.41.1-win32-x64\jre\21.0.6-win32-x86_64\bin\instrument.dll
0x00007ffae2740000 - 0x00007ffae275f000 	c:\Users\bouch\.cursor\extensions\redhat.java-1.41.1-win32-x64\jre\21.0.6-win32-x86_64\bin\java.dll
0x00007ffae8f30000 - 0x00007ffae969f000 	C:\windows\System32\SHELL32.dll
0x00007ffae5600000 - 0x00007ffae5da3000 	C:\windows\SYSTEM32\windows.storage.dll
0x00007ffae8a90000 - 0x00007ffae8de5000 	C:\windows\System32\combase.dll
0x00007ffae7010000 - 0x00007ffae703b000 	C:\windows\SYSTEM32\Wldp.dll
0x00007ffae8980000 - 0x00007ffae8a4d000 	C:\windows\System32\OLEAUT32.dll
0x00007ffae9c00000 - 0x00007ffae9cad000 	C:\windows\System32\SHCORE.dll
0x00007ffae99f0000 - 0x00007ffae9a45000 	C:\windows\System32\shlwapi.dll
0x00007ffae7510000 - 0x00007ffae7535000 	C:\windows\SYSTEM32\profapi.dll
0x00007ffae2470000 - 0x00007ffae2488000 	c:\Users\bouch\.cursor\extensions\redhat.java-1.41.1-win32-x64\jre\21.0.6-win32-x86_64\bin\zip.dll
0x00007ffae1ae0000 - 0x00007ffae1af0000 	C:\Users\bouch\.cursor\extensions\redhat.java-1.41.1-win32-x64\jre\21.0.6-win32-x86_64\bin\net.dll
0x00007ffae4540000 - 0x00007ffae464a000 	C:\windows\SYSTEM32\WINHTTP.dll
0x00007ffae6d70000 - 0x00007ffae6ddc000 	C:\windows\system32\mswsock.dll
0x00007ffadf9c0000 - 0x00007ffadf9d6000 	C:\Users\bouch\.cursor\extensions\redhat.java-1.41.1-win32-x64\jre\21.0.6-win32-x86_64\bin\nio.dll
0x00007ffae1a50000 - 0x00007ffae1a60000 	c:\Users\bouch\.cursor\extensions\redhat.java-1.41.1-win32-x64\jre\21.0.6-win32-x86_64\bin\verify.dll
0x00007ffaa9e10000 - 0x00007ffaa9e55000 	C:\Users\bouch\AppData\Roaming\Cursor\User\globalStorage\redhat.java\1.41.1\config_ss_win\org.eclipse.equinox.launcher\org.eclipse.equinox.launcher.win32.win32.x86_64_1.2.1300.v20250331-1702\eclipse_11911.dll
0x00007ffae8820000 - 0x00007ffae894b000 	C:\windows\System32\ole32.dll
0x00007ffae6f70000 - 0x00007ffae6f88000 	C:\windows\SYSTEM32\CRYPTSP.dll
0x00007ffae65e0000 - 0x00007ffae6618000 	C:\windows\system32\rsaenh.dll
0x00007ffae74d0000 - 0x00007ffae74fe000 	C:\windows\SYSTEM32\USERENV.dll
0x00007ffae6f60000 - 0x00007ffae6f6c000 	C:\windows\SYSTEM32\CRYPTBASE.dll
0x00007ffae6a00000 - 0x00007ffae6a3b000 	C:\windows\SYSTEM32\IPHLPAPI.DLL
0x00007ffae8590000 - 0x00007ffae8598000 	C:\windows\System32\NSI.dll
0x00007ffaa96e0000 - 0x00007ffaa9729000 	C:\Users\bouch\AppData\Local\Temp\jna-93927469\jna7929524493151635567.dll
0x00007ffae8a70000 - 0x00007ffae8a78000 	C:\windows\System32\PSAPI.DLL

dbghelp: loaded successfully - version: 4.0.5 - missing functions: none
symbol engine: initialized successfully - sym options: 0x614 - pdb path: .;c:\Users\bouch\.cursor\extensions\redhat.java-1.41.1-win32-x64\jre\21.0.6-win32-x86_64\bin;C:\windows\SYSTEM32;C:\windows\WinSxS\amd64_microsoft.windows.common-controls_6595b64144ccf1df_6.0.19041.4355_none_60b8b9eb71f62e16;c:\Users\bouch\.cursor\extensions\redhat.java-1.41.1-win32-x64\jre\21.0.6-win32-x86_64\bin\server;C:\Users\bouch\AppData\Roaming\Cursor\User\globalStorage\redhat.java\1.41.1\config_ss_win\org.eclipse.equinox.launcher\org.eclipse.equinox.launcher.win32.win32.x86_64_1.2.1300.v20250331-1702;C:\Users\bouch\AppData\Local\Temp\jna-93927469

VM Arguments:
jvm_args: --add-modules=ALL-SYSTEM --add-opens=java.base/java.util=ALL-UNNAMED --add-opens=java.base/java.lang=ALL-UNNAMED --add-opens=java.base/sun.nio.fs=ALL-UNNAMED -Declipse.application=org.eclipse.jdt.ls.core.id1 -Dosgi.bundles.defaultStartLevel=4 -Declipse.product=org.eclipse.jdt.ls.core.product -Djava.import.generatesMetadataFilesAtProjectRoot=false -DDetectVMInstallationsJob.disabled=true -Dfile.encoding=utf8 -XX:+UseParallelGC -XX:GCTimeRatio=4 -XX:AdaptiveSizePolicyWeight=90 -Dsun.zip.disableMemoryMapping=true -Xmx1G -Xms100m -Xlog:disable -javaagent:c:\Users\bouch\.cursor\extensions\redhat.java-1.41.1-win32-x64\lombok\lombok-1.18.36.jar 
java_command: c:\Users\bouch\.cursor\extensions\redhat.java-1.41.1-win32-x64\server\plugins\org.eclipse.equinox.launcher_1.7.0.v20250331-1702.jar -configuration c:\Users\bouch\AppData\Roaming\Cursor\User\globalStorage\redhat.java\1.41.1\config_ss_win -data c:\Users\bouch\AppData\Roaming\Cursor\User\workspaceStorage\0926cdee763ccb7bb212e6d916a0a387\redhat.java\ss_ws --pipe=\\.\pipe\lsp-6555e537245a72ef74720292d5a450ea-sock
java_class_path (initial): c:\Users\bouch\.cursor\extensions\redhat.java-1.41.1-win32-x64\server\plugins\org.eclipse.equinox.launcher_1.7.0.v20250331-1702.jar
Launcher Type: SUN_STANDARD

[Global flags]
    uintx AdaptiveSizePolicyWeight                 = 90                                        {product} {command line}
     intx CICompilerCount                          = 4                                         {product} {ergonomic}
    uintx GCTimeRatio                              = 4                                         {product} {command line}
   size_t InitialHeapSize                          = 104857600                                 {product} {command line}
   size_t MaxHeapSize                              = 1073741824                                {product} {command line}
   size_t MaxNewSize                               = 357564416                                 {product} {ergonomic}
   size_t MinHeapDeltaBytes                        = 524288                                    {product} {ergonomic}
   size_t MinHeapSize                              = 104857600                                 {product} {command line}
   size_t NewSize                                  = 34603008                                  {product} {ergonomic}
    uintx NonNMethodCodeHeapSize                   = 5839372                                {pd product} {ergonomic}
    uintx NonProfiledCodeHeapSize                  = 122909434                              {pd product} {ergonomic}
   size_t OldSize                                  = 70254592                                  {product} {ergonomic}
    uintx ProfiledCodeHeapSize                     = 122909434                              {pd product} {ergonomic}
    uintx ReservedCodeCacheSize                    = 251658240                              {pd product} {ergonomic}
     bool SegmentedCodeCache                       = true                                      {product} {ergonomic}
   size_t SoftMaxHeapSize                          = 1073741824                             {manageable} {ergonomic}
     bool UseCompressedOops                        = true                           {product lp64_product} {ergonomic}
     bool UseLargePagesIndividualAllocation        = false                                  {pd product} {ergonomic}
     bool UseParallelGC                            = true                                      {product} {command line}

Logging:
Log output configuration:
 #0: stdout all=off uptime,level,tags foldmultilines=false
 #1: stderr all=off uptime,level,tags foldmultilines=false

Environment Variables:
JAVA_HOME=C:\Program Files (x86)\jdk-17.0.2
PATH=C:\oraclexe\app\oracle\product\10.2.0\server\bin;C:\Program Files\Common Files\Oracle\Java\javapath;C:\Python312\Scripts\;C:\Python312\;C:\Users\bouch\.jdks\jbr-17.0.8\bin;C:\Program Files (x86)\VMware\VMware Workstation\bin\;C:\Program Files (x86)\Razer Chroma SDK\bin;C:\Program Files\Razer Chroma SDK\bin;C:\Program Files (x86)\Common Files\Intel\Shared Libraries\redist\intel64\compiler;C:\Program Files (x86)\Razer\ChromaBroadcast\bin;C:\Program Files\Razer\ChromaBroadcast\bin;C:\windows\system32;C:\windows;C:\windows\System32\Wbem;C:\windows\System32\WindowsPowerShell\v1.0\;C:\windows\System32\OpenSSH\;C:\Program Files (x86)\NVIDIA Corporation\PhysX\Common;C:\Program Files (x86)\dotnet\;C:\windows\system32\config\systemprofile\AppData\Local\Microsoft\WindowsApps;C:\Program Files\dotnet\;C:\Strawberry\c\bin;C:\Strawberry\perl\site\bin;C:\Strawberry\perl\bin;C:\instantclient12_2;C:\Program Files\Git\cmd;C:\xampp2\php;C:\Program Files (x86)\codeblocks\MinGW\bin;D:\GnuWin32\bin;C:\Program Files\wkhtmltopdf\bin;C:\Program Files\nodejs\;C:\ProgramData\chocolatey\bin;C:\Program Files (x86)\jdk-17.0.2\bin;C:\Program Files (x86)\jdk-17.0.2\bin;C:\Program Files\NVIDIA Corporation\NVIDIA app\NvDLISR;C:\Program Files\Microsoft SQL Server\150\Tools\Binn\;C:\Program Files\Microsoft SQL Server\Client SDK\ODBC\170\Tools\Binn\;C:\Program Files\dotnet\sdk\8.0.404;C:\Program Files (x86)\dotnet\sdk\8.0.404;C:\Program Files\Docker\Docker\resources\bin;C:\Program Files\apache-maven\bin;C:\Users\bouch\scoop\shims;C:\Users\bouch\AppData\Local\Microsoft\WindowsApps;C:\Users\bouch\AppData\Local\Programs\Microsoft VS Code\bin;C:\MinGW\bin;C:\Users\bouch\composer;C:\Users\bouch\AppData\Roaming\Composer\vendor\bin;C:\Users\bouch\AppData\Local\GitHubDesktop\bin;C:\Users\bouch\AppData\Roaming\npm;D:\intelij\IntelliJ IDEA 2024.2.1\bin;;C:\Program Files\MongoDB\Server\4.0\bin;C:\Users\bouch\.dotnet\tools;C:\Program Files\dotnet\sdk\8.0.404;C:\Program Files (x86)\dotnet\sdk\8.0.404;C:\Users\bouch\AppData\Local\Programs\cursor\resources\app\bin
USERNAME=bouch
OS=Windows_NT
PROCESSOR_IDENTIFIER=Intel64 Family 6 Model 140 Stepping 1, GenuineIntel
TMP=C:\Users\bouch\AppData\Local\Temp
TEMP=C:\Users\bouch\AppData\Local\Temp




Periodic native trim disabled

---------------  S Y S T E M  ---------------

OS:
 Windows 10 , 64 bit Build 19041 (10.0.19041.5678)
OS uptime: 0 days 1:54 hours
Hyper-V role detected

CPU: total 8 (initial active 8) (4 cores per cpu, 2 threads per core) family 6 model 140 stepping 1 microcode 0xb8, cx8, cmov, fxsr, ht, mmx, 3dnowpref, sse, sse2, sse3, ssse3, sse4.1, sse4.2, popcnt, lzcnt, tsc, tscinvbit, avx, avx2, aes, erms, clmul, bmi1, bmi2, adx, avx512f, avx512dq, avx512cd, avx512bw, avx512vl, sha, fma, vzeroupper, avx512_vpopcntdq, avx512_vpclmulqdq, avx512_vaes, avx512_vnni, clflush, clflushopt, clwb, avx512_vbmi2, avx512_vbmi, hv, rdtscp, rdpid, fsrm, gfni, avx512_bitalg, f16c, cet_ibt, cet_ss, avx512_ifma
Processor Information for the first 8 processors :
  Max Mhz: 3302, Current Mhz: 3302, Mhz Limit: 3302

Memory: 4k page, system-wide physical 16129M (676M free)
TotalPageFile size 20225M (AvailPageFile size 5M)
current process WorkingSet (physical memory assigned to process): 152M, peak: 154M
current process commit charge ("private bytes"): 256M, peak: 257M

vm_info: OpenJDK 64-Bit Server VM (21.0.6+7-LTS) for windows-amd64 JRE (21.0.6+7-LTS), built on 2025-01-21T00:00:00Z by "admin" with MS VC++ 17.7 (VS2022)

END.
